"../../../Engine/Content/EditorResources/S_Actor.ubulk" 0
"../../../Engine/Content/EditorResources/S_Actor.uasset" 1
"../../../Engine/Content/EditorResources/S_Actor.uexp" 2
"../../../Engine/Content/EditorResources/S_BoxReflectionCapture.uasset" 3
"../../../Engine/Content/EditorResources/S_BoxReflectionCapture.uexp" 4
"../../../Engine/Content/EngineResources/DefaultTexture.ubulk" 5
"../../../Engine/Content/EngineResources/DefaultTexture.uasset" 6
"../../../Engine/Content/EngineResources/DefaultTexture.uexp" 7
"../../../Engine/Content/EngineResources/DefaultTextureCube.uasset" 8
"../../../Engine/Content/EngineResources/DefaultTextureCube.uexp" 9
"../../../Engine/Content/EngineResources/DefaultVolumeTexture2D.uasset" 10
"../../../Engine/Content/EngineResources/DefaultVolumeTexture2D.uexp" 11
"../../../Engine/Content/EngineResources/DefaultVolumeTexture.uasset" 12
"../../../Engine/Content/EngineResources/DefaultVolumeTexture.uexp" 13
"../../../Engine/Content/EditorResources/S_Trigger.ubulk" 14
"../../../Engine/Content/EditorResources/S_Trigger.uasset" 15
"../../../Engine/Content/EditorResources/S_Trigger.uexp" 16
"../../../Engine/Content/EditorResources/S_TriggerBox.uasset" 17
"../../../Engine/Content/EditorResources/S_TriggerBox.uexp" 18
"../../../Engine/Content/EditorResources/S_TriggerCapsule.uasset" 19
"../../../Engine/Content/EditorResources/S_TriggerCapsule.uexp" 20
"../../../Engine/Content/EditorResources/S_TriggerSphere.uasset" 21
"../../../Engine/Content/EditorResources/S_TriggerSphere.uexp" 22
"../../../Engine/Content/EngineMeshes/Sphere.ubulk" 23
"../../../Engine/Content/EngineMeshes/Sphere.uasset" 24
"../../../Engine/Content/EngineMeshes/Sphere.uexp" 25
"../../../Engine/Content/EngineResources/GradientTexture0.uasset" 26
"../../../Engine/Content/EngineResources/GradientTexture0.uexp" 27
"../../../Engine/Content/VREditor/LaserPointer/VR_LaserPower_01.ubulk" 28
"../../../Engine/Content/VREditor/LaserPointer/VR_LaserPower_01.uasset" 29
"../../../Engine/Content/VREditor/LaserPointer/VR_LaserPower_01.uexp" 30
"../../../Engine/Content/VREditor/TransformGizmo/TransformGizmoMaterial.uasset" 31
"../../../Engine/Content/VREditor/TransformGizmo/TransformGizmoMaterial.uexp" 32
"../../../Engine/Content/VREditor/TransformGizmo/TranslucentTransformGizmoMaterial.uasset" 33
"../../../Engine/Content/VREditor/TransformGizmo/TranslucentTransformGizmoMaterial.uexp" 34
"../../../Engine/Content/VREditor/TransformGizmo/PlaneTranslationHandle.ubulk" 35
"../../../Engine/Content/VREditor/TransformGizmo/PlaneTranslationHandle.uasset" 36
"../../../Engine/Content/VREditor/TransformGizmo/PlaneTranslationHandle.uexp" 37
"../../../Engine/Content/VREditor/TransformGizmo/BoundingBoxCorner.ubulk" 38
"../../../Engine/Content/VREditor/TransformGizmo/BoundingBoxCorner.uasset" 39
"../../../Engine/Content/VREditor/TransformGizmo/BoundingBoxCorner.uexp" 40
"../../../Engine/Content/VREditor/TransformGizmo/BoundingBoxEdge.ubulk" 41
"../../../Engine/Content/VREditor/TransformGizmo/BoundingBoxEdge.uasset" 42
"../../../Engine/Content/VREditor/TransformGizmo/BoundingBoxEdge.uexp" 43
"../../../Engine/Content/VREditor/TransformGizmo/Main.uasset" 44
"../../../Engine/Content/VREditor/TransformGizmo/Main.uexp" 45
"../../../Engine/Content/VREditor/TransformGizmo/Xray.uasset" 46
"../../../Engine/Content/VREditor/TransformGizmo/Xray.uexp" 47
"../../../Engine/Content/VREditor/TransformGizmo/SM_Sequencer_Node.ubulk" 48
"../../../Engine/Content/VREditor/TransformGizmo/SM_Sequencer_Node.uasset" 49
"../../../Engine/Content/VREditor/TransformGizmo/SM_Sequencer_Node.uexp" 50
"../../../Engine/Content/EditorMaterials/Camera/CineMat.uasset" 51
"../../../Engine/Content/EditorMaterials/Camera/CineMat.uexp" 52
"../../../Engine/Content/EditorMaterials/Camera/MI_CineMat_Rig.uasset" 53
"../../../Engine/Content/EditorMaterials/Camera/MI_CineMat_Rig.uexp" 54
"../../../Engine/Content/EditorMeshes/Camera/SM_CraneRig_Base.ubulk" 55
"../../../Engine/Content/EditorMeshes/Camera/SM_CraneRig_Base.uasset" 56
"../../../Engine/Content/EditorMeshes/Camera/SM_CraneRig_Base.uexp" 57
"../../../Engine/Content/EditorMeshes/Camera/SM_CraneRig_Arm.ubulk" 58
"../../../Engine/Content/EditorMeshes/Camera/SM_CraneRig_Arm.uasset" 59
"../../../Engine/Content/EditorMeshes/Camera/SM_CraneRig_Arm.uexp" 60
"../../../Engine/Content/EditorMeshes/Camera/SM_CraneRig_Mount.ubulk" 61
"../../../Engine/Content/EditorMeshes/Camera/SM_CraneRig_Mount.uasset" 62
"../../../Engine/Content/EditorMeshes/Camera/SM_CraneRig_Mount.uexp" 63
"../../../Engine/Content/EditorMeshes/Camera/SM_CraneRig_Body.ubulk" 64
"../../../Engine/Content/EditorMeshes/Camera/SM_CraneRig_Body.uasset" 65
"../../../Engine/Content/EditorMeshes/Camera/SM_CraneRig_Body.uexp" 66
"../../../Engine/Content/EditorMeshes/Camera/SM_RailRig_Track.ubulk" 67
"../../../Engine/Content/EditorMeshes/Camera/SM_RailRig_Track.uasset" 68
"../../../Engine/Content/EditorMeshes/Camera/SM_RailRig_Track.uexp" 69
"../../../Engine/Content/EditorMeshes/Camera/SM_RailRig_Mount.ubulk" 70
"../../../Engine/Content/EditorMeshes/Camera/SM_RailRig_Mount.uasset" 71
"../../../Engine/Content/EditorMeshes/Camera/SM_RailRig_Mount.uexp" 72
"../../../Engine/Content/EngineMaterials/T_Default_Material_Grid_M.ubulk" 73
"../../../Engine/Content/EngineMaterials/T_Default_Material_Grid_M.uasset" 74
"../../../Engine/Content/EngineMaterials/T_Default_Material_Grid_M.uexp" 75
"../../../Engine/Content/EngineMaterials/T_Default_Material_Grid_N.ubulk" 76
"../../../Engine/Content/EngineMaterials/T_Default_Material_Grid_N.uasset" 77
"../../../Engine/Content/EngineMaterials/T_Default_Material_Grid_N.uexp" 78
"../../../Engine/Content/Functions/Engine_MaterialFunctions01/Opacity/CameraDepthFade.uasset" 79
"../../../Engine/Content/Functions/Engine_MaterialFunctions01/Opacity/CameraDepthFade.uexp" 80
"../../../Engine/Content/EngineMaterials/WorldGridMaterial.uasset" 81
"../../../Engine/Content/EngineMaterials/WorldGridMaterial.uexp" 82
"../../../Engine/Content/ArtTools/RenderToTexture/Meshes/S_1_Unit_Plane.ubulk" 83
"../../../Engine/Content/ArtTools/RenderToTexture/Meshes/S_1_Unit_Plane.uasset" 84
"../../../Engine/Content/ArtTools/RenderToTexture/Meshes/S_1_Unit_Plane.uexp" 85
"../../../Engine/Content/EditorMaterials/ParticleSystems/PSysThumbnail_NoImage.ubulk" 86
"../../../Engine/Content/EditorMaterials/ParticleSystems/PSysThumbnail_NoImage.uasset" 87
"../../../Engine/Content/EditorMaterials/ParticleSystems/PSysThumbnail_NoImage.uexp" 88
"../../../Engine/Content/EditorMaterials/ParticleSystems/PSysThumbnail_OOD.ubulk" 89
"../../../Engine/Content/EditorMaterials/ParticleSystems/PSysThumbnail_OOD.uasset" 90
"../../../Engine/Content/EditorMaterials/ParticleSystems/PSysThumbnail_OOD.uexp" 91
"../../../Engine/Content/EditorLandscapeResources/SplineEditorMeshMat.uasset" 92
"../../../Engine/Content/EditorLandscapeResources/SplineEditorMeshMat.uexp" 93
"../../../Engine/Content/EditorLandscapeResources/SplineEditorMesh.ubulk" 94
"../../../Engine/Content/EditorLandscapeResources/SplineEditorMesh.uasset" 95
"../../../Engine/Content/EditorLandscapeResources/SplineEditorMesh.uexp" 96
"../../../Engine/Content/EditorResources/S_Solver.ubulk" 97
"../../../Engine/Content/EditorResources/S_Solver.uasset" 98
"../../../Engine/Content/EditorResources/S_Solver.uexp" 99
"../../../Engine/Plugins/Media/MediaPlate/Content/SM_MediaPlateScreen.ubulk" 100
"../../../Engine/Plugins/Media/MediaPlate/Content/SM_MediaPlateScreen.uasset" 101
"../../../Engine/Plugins/Media/MediaPlate/Content/SM_MediaPlateScreen.uexp" 102
"../../../Engine/Content/EngineMaterials/Good64x64TilingNoiseHighFreq.uasset" 103
"../../../Engine/Content/EngineMaterials/Good64x64TilingNoiseHighFreq.uexp" 104
"../../../Engine/Content/EngineMaterials/DefaultBokeh.uasset" 105
"../../../Engine/Content/EngineMaterials/DefaultBokeh.uexp" 106
"../../../Engine/Content/EngineMaterials/PreintegratedSkinBRDF.uasset" 107
"../../../Engine/Content/EngineMaterials/PreintegratedSkinBRDF.uexp" 108
"../../../Engine/Content/EngineMaterials/MiniFont.uasset" 109
"../../../Engine/Content/EngineMaterials/MiniFont.uexp" 110
"../../../Engine/Content/EngineMaterials/WeightMapPlaceholderTexture.uasset" 111
"../../../Engine/Content/EngineMaterials/WeightMapPlaceholderTexture.uexp" 112
"../../../Engine/Content/EngineMaterials/DefaultWhiteGrid.ubulk" 113
"../../../Engine/Content/EngineMaterials/DefaultWhiteGrid.uasset" 114
"../../../Engine/Content/EngineMaterials/DefaultWhiteGrid.uexp" 115
"../../../Engine/Content/EngineMaterials/DefaultMaterial.uasset" 116
"../../../Engine/Content/EngineMaterials/DefaultMaterial.uexp" 117
"../../../Engine/Content/BasicShapes/Sphere.ubulk" 118
"../../../Engine/Content/BasicShapes/Sphere.uasset" 119
"../../../Engine/Content/BasicShapes/Sphere.uexp" 120
"../../../Engine/Content/BasicShapes/Cylinder.ubulk" 121
"../../../Engine/Content/BasicShapes/Cylinder.uasset" 122
"../../../Engine/Content/BasicShapes/Cylinder.uexp" 123
"../../../Engine/Content/BasicShapes/Cone.ubulk" 124
"../../../Engine/Content/BasicShapes/Cone.uasset" 125
"../../../Engine/Content/BasicShapes/Cone.uexp" 126
"../../../Engine/Content/Animation/DefaultRecorderBoneCompression.uasset" 127
"../../../Engine/Content/Animation/DefaultRecorderBoneCompression.uexp" 128
"../../../Engine/Content/EditorLandscapeResources/DefaultAlphaTexture.uasset" 129
"../../../Engine/Content/EditorLandscapeResources/DefaultAlphaTexture.uexp" 130
"../../../Engine/Content/EditorLandscapeResources/DataLayer.uasset" 131
"../../../Engine/Content/EditorLandscapeResources/DataLayer.uexp" 132
"../../../Engine/Content/EditorMaterials/PreviewShadowIndicator.ubulk" 133
"../../../Engine/Content/EditorMaterials/PreviewShadowIndicator.uasset" 134
"../../../Engine/Content/EditorMaterials/PreviewShadowIndicator.uexp" 135
"../../../Engine/Content/EditorMaterials/PreviewShadowIndicatorMaterial.uasset" 136
"../../../Engine/Content/EditorMaterials/PreviewShadowIndicatorMaterial.uexp" 137
"../../../Engine/Content/EditorMaterials/PhAT_UnselectedMaterial.uasset" 138
"../../../Engine/Content/EditorMaterials/PhAT_UnselectedMaterial.uexp" 139
"../../../Engine/Content/EditorMaterials/PhAT_NoCollisionMaterial.uasset" 140
"../../../Engine/Content/EditorMaterials/PhAT_NoCollisionMaterial.uexp" 141
"../../../Engine/Content/Functions/Engine_MaterialFunctions02/Utility/MakeFloat4.uasset" 142
"../../../Engine/Content/Functions/Engine_MaterialFunctions02/Utility/MakeFloat4.uexp" 143
"../../../Engine/Content/Functions/Engine_MaterialFunctions02/Utility/MakeFloat3.uasset" 144
"../../../Engine/Content/Functions/Engine_MaterialFunctions02/Utility/MakeFloat3.uexp" 145
"../../../Engine/Content/Functions/Engine_MaterialFunctions02/Utility/BreakOutFloat3Components.uasset" 146
"../../../Engine/Content/Functions/Engine_MaterialFunctions02/Utility/BreakOutFloat3Components.uexp" 147
"../../../Engine/Content/EditorMaterials/WorldPartition/WorldPartitionSpatialHashGridPreviewMaterial.uasset" 148
"../../../Engine/Content/EditorMaterials/WorldPartition/WorldPartitionSpatialHashGridPreviewMaterial.uexp" 149
"../../../Engine/Content/EditorResources/S_Terrain.ubulk" 150
"../../../Engine/Content/EditorResources/S_Terrain.uasset" 151
"../../../Engine/Content/EditorResources/S_Terrain.uexp" 152
"../../../Engine/Content/EditorResources/EmptyActor.uasset" 153
"../../../Engine/Content/EditorResources/EmptyActor.uexp" 154
"../../../Engine/Content/EditorResources/BSPVertex.uasset" 155
"../../../Engine/Content/EditorResources/BSPVertex.uexp" 156
"../../../Engine/Content/EditorResources/SequenceRecorder/RecordingIndicator.uasset" 157
"../../../Engine/Content/EditorResources/SequenceRecorder/RecordingIndicator.uexp" 158
"../../../Engine/Content/EditorResources/SequenceRecorder/Countdown.uasset" 159
"../../../Engine/Content/EditorResources/SequenceRecorder/Countdown.uexp" 160
"../../../Engine/Content/EngineDamageTypes/DmgTypeBP_Environmental.uasset" 161
"../../../Engine/Content/EngineDamageTypes/DmgTypeBP_Environmental.uexp" 162
"../../../Engine/Content/Functions/Engine_MaterialFunctions02/Utility/CameraDirectionVector.uasset" 163
"../../../Engine/Content/Functions/Engine_MaterialFunctions02/Utility/CameraDirectionVector.uexp" 164
"../../../Engine/Content/EngineDebugMaterials/VolumeToRender.uasset" 165
"../../../Engine/Content/EngineDebugMaterials/VolumeToRender.uexp" 166
"../../../Engine/Content/EngineDebugMaterials/M_VolumeRenderSphereTracePP.uasset" 167
"../../../Engine/Content/EngineDebugMaterials/M_VolumeRenderSphereTracePP.uexp" 168
"../../../Engine/Content/EngineDebugMaterials/M_SimpleUnlitTranslucent.uasset" 169
"../../../Engine/Content/EngineDebugMaterials/M_SimpleUnlitTranslucent.uexp" 170
"../../../Engine/Content/EngineDebugMaterials/DebugMeshMaterial.uasset" 171
"../../../Engine/Content/EngineDebugMaterials/DebugMeshMaterial.uexp" 172
"../../../Engine/Content/EngineDebugMaterials/DebugEditorMaterial.uasset" 173
"../../../Engine/Content/EngineDebugMaterials/DebugEditorMaterial.uexp" 174
"../../../Engine/Content/EngineFonts/Faces/RobotoLight.uexp" 175
"../../../Engine/Content/EngineFonts/Faces/RobotoLight.uasset" 176
"../../../Engine/Content/EngineFonts/Faces/RobotoLight.ufont" 177
"../../../Engine/Content/EngineFonts/Faces/RobotoBold.uexp" 178
"../../../Engine/Content/EngineFonts/Faces/RobotoBold.uasset" 179
"../../../Engine/Content/EngineFonts/Faces/RobotoBold.ufont" 180
"../../../Engine/Content/EngineFonts/Faces/RobotoRegular.uexp" 181
"../../../Engine/Content/EngineFonts/Faces/RobotoRegular.uasset" 182
"../../../Engine/Content/EngineFonts/Faces/RobotoRegular.ufont" 183
"../../../Engine/Content/EngineFonts/Faces/DroidSansFallback.uexp" 184
"../../../Engine/Content/EngineFonts/Faces/DroidSansFallback.uasset" 185
"../../../Engine/Content/EngineFonts/Faces/DroidSansFallback.ufont" 186
"../../../Engine/Content/EngineFonts/Faces/RobotoItalic.uexp" 187
"../../../Engine/Content/EngineFonts/Faces/RobotoItalic.uasset" 188
"../../../Engine/Content/EngineFonts/Faces/RobotoItalic.ufont" 189
"../../../Engine/Content/EngineFonts/Faces/RobotoBoldItalic.uexp" 190
"../../../Engine/Content/EngineFonts/Faces/RobotoBoldItalic.uasset" 191
"../../../Engine/Content/EngineFonts/Faces/RobotoBoldItalic.ufont" 192
"../../../Engine/Content/EngineFonts/Roboto.uasset" 193
"../../../Engine/Content/EngineFonts/Roboto.uexp" 194
"../../../Engine/Content/EngineResources/WhiteSquareTexture.uasset" 195
"../../../Engine/Content/EngineResources/WhiteSquareTexture.uexp" 196
"../../../Engine/Content/EngineMaterials/Widget3DPassThrough.uasset" 197
"../../../Engine/Content/EngineMaterials/Widget3DPassThrough.uexp" 198
"../../../Engine/Content/EngineMaterials/Widget3DPassThrough_Translucent.uasset" 199
"../../../Engine/Content/EngineMaterials/Widget3DPassThrough_Translucent.uexp" 200
"../../../Engine/Content/EngineMaterials/Widget3DPassThrough_Translucent_OneSided.uasset" 201
"../../../Engine/Content/EngineMaterials/Widget3DPassThrough_Translucent_OneSided.uexp" 202
"../../../Engine/Content/EngineMaterials/Widget3DPassThrough_Opaque.uasset" 203
"../../../Engine/Content/EngineMaterials/Widget3DPassThrough_Opaque.uexp" 204
"../../../Engine/Content/EngineMaterials/Widget3DPassThrough_Opaque_OneSided.uasset" 205
"../../../Engine/Content/EngineMaterials/Widget3DPassThrough_Opaque_OneSided.uexp" 206
"../../../Engine/Content/EngineMaterials/Widget3DPassThrough_Masked_OneSided.uasset" 207
"../../../Engine/Content/EngineMaterials/Widget3DPassThrough_Masked_OneSided.uexp" 208
"../../../Engine/Content/EngineMaterials/Widget3DPassThrough_Masked.uasset" 209
"../../../Engine/Content/EngineMaterials/Widget3DPassThrough_Masked.uexp" 210
"../../../Engine/Content/EngineMaterials/STBlueNoise_vec2_128x128x64.uasset" 211
"../../../Engine/Content/EngineMaterials/STBlueNoise_vec2_128x128x64.uexp" 212
"../../../Engine/Content/EngineMaterials/STBlueNoise_scalar_128x128x64.uasset" 213
"../../../Engine/Content/EngineMaterials/STBlueNoise_scalar_128x128x64.uexp" 214
"../../../Engine/Content/EngineMaterials/RemoveSurfaceMaterial.uasset" 215
"../../../Engine/Content/EngineMaterials/RemoveSurfaceMaterial.uexp" 216
"../../../Engine/Content/EngineMaterials/DefaultCalibrationGrayscale.uasset" 217
"../../../Engine/Content/EngineMaterials/DefaultCalibrationGrayscale.uexp" 218
"../../../Engine/Content/EngineMaterials/PPM_DefaultCalibrationGrayscale.uasset" 219
"../../../Engine/Content/EngineMaterials/PPM_DefaultCalibrationGrayscale.uexp" 220
"../../../Engine/Content/EngineMaterials/DefaultCalibrationColor.uasset" 221
"../../../Engine/Content/EngineMaterials/DefaultCalibrationColor.uexp" 222
"../../../Engine/Content/EngineMaterials/PPM_DefaultCalibrationColor.uasset" 223
"../../../Engine/Content/EngineMaterials/PPM_DefaultCalibrationColor.uexp" 224
"../../../Engine/Content/Functions/Engine_MaterialFunctions02/WorldPositionOffset/CameraOffset.uasset" 225
"../../../Engine/Content/Functions/Engine_MaterialFunctions02/WorldPositionOffset/CameraOffset.uexp" 226
"../../../Engine/Content/EngineMaterials/PhAT_JointLimitMaterial.uasset" 227
"../../../Engine/Content/EngineMaterials/PhAT_JointLimitMaterial.uexp" 228
"../../../Engine/Content/EngineMaterials/InvalidLightmapSettings.ubulk" 229
"../../../Engine/Content/EngineMaterials/InvalidLightmapSettings.uasset" 230
"../../../Engine/Content/EngineMaterials/InvalidLightmapSettings.uexp" 231
"../../../Engine/Content/EngineMaterials/M_InvalidLightmapSettings.uasset" 232
"../../../Engine/Content/EngineMaterials/M_InvalidLightmapSettings.uexp" 233
"../../../Engine/Content/EngineMaterials/GizmoMaterial.uasset" 234
"../../../Engine/Content/EngineMaterials/GizmoMaterial.uexp" 235
"../../../Engine/Content/EngineMaterials/BaseFlattenEmissiveMap_VT.uasset" 236
"../../../Engine/Content/EngineMaterials/BaseFlattenEmissiveMap_VT.uexp" 237
"../../../Engine/Content/EngineMaterials/BaseFlattenGrayscaleMap_VT.uasset" 238
"../../../Engine/Content/EngineMaterials/BaseFlattenGrayscaleMap_VT.uexp" 239
"../../../Engine/Content/EngineMaterials/BaseFlattenLinearColor_VT.uasset" 240
"../../../Engine/Content/EngineMaterials/BaseFlattenLinearColor_VT.uexp" 241
"../../../Engine/Content/EngineMaterials/Black_1x1_EXR_Texture_VT.uasset" 242
"../../../Engine/Content/EngineMaterials/Black_1x1_EXR_Texture_VT.uexp" 243
"../../../Engine/Content/EngineMaterials/BaseFlattenDiffuseMap_VT.uasset" 244
"../../../Engine/Content/EngineMaterials/BaseFlattenDiffuseMap_VT.uexp" 245
"../../../Engine/Content/EngineMaterials/BaseFlattenNormalMap_VT.uasset" 246
"../../../Engine/Content/EngineMaterials/BaseFlattenNormalMap_VT.uexp" 247
"../../../Engine/Content/EngineMaterials/FlattenMaterial_WS_Normal_VT.uasset" 248
"../../../Engine/Content/EngineMaterials/FlattenMaterial_WS_Normal_VT.uexp" 249
"../../../Engine/Content/EngineMaterials/FlattenMaterial_VT.uasset" 250
"../../../Engine/Content/EngineMaterials/FlattenMaterial_VT.uexp" 251
"../../../Engine/Content/EngineMaterials/BaseFlattenNormalMap.uasset" 252
"../../../Engine/Content/EngineMaterials/BaseFlattenNormalMap.uexp" 253
"../../../Engine/Content/EngineMaterials/BaseFlattenGrayscaleMap.uasset" 254
"../../../Engine/Content/EngineMaterials/BaseFlattenGrayscaleMap.uexp" 255
"../../../Engine/Content/EngineMaterials/BaseFlattenDiffuseMap.uasset" 256
"../../../Engine/Content/EngineMaterials/BaseFlattenDiffuseMap.uexp" 257
"../../../Engine/Content/Functions/Engine_MaterialFunctions02/PivotPainter2/Black_1x1_EXR_Texture.uasset" 258
"../../../Engine/Content/Functions/Engine_MaterialFunctions02/PivotPainter2/Black_1x1_EXR_Texture.uexp" 259
"../../../Engine/Content/EngineMaterials/BaseFlattenEmissiveMap.uasset" 260
"../../../Engine/Content/EngineMaterials/BaseFlattenEmissiveMap.uexp" 261
"../../../Engine/Content/EngineMaterials/BaseFlattenLinearColor.uasset" 262
"../../../Engine/Content/EngineMaterials/BaseFlattenLinearColor.uexp" 263
"../../../Engine/Content/EngineMaterials/FlattenMaterial.uasset" 264
"../../../Engine/Content/EngineMaterials/FlattenMaterial.uexp" 265
"../../../Engine/Content/EngineMaterials/DefaultWhiteGrid_Low.uasset" 266
"../../../Engine/Content/EngineMaterials/DefaultWhiteGrid_Low.uexp" 267
"../../../Engine/Content/EngineMaterials/EmissiveMeshMaterial.uasset" 268
"../../../Engine/Content/EngineMaterials/EmissiveMeshMaterial.uexp" 269
"../../../Engine/Content/EngineFonts/RobotoDistanceField.uasset" 270
"../../../Engine/Content/EngineFonts/RobotoDistanceField.uexp" 271
"../../../Engine/Content/EngineMaterials/DefaultTextMaterialOpaque.uasset" 272
"../../../Engine/Content/EngineMaterials/DefaultTextMaterialOpaque.uexp" 273
"../../../Engine/Content/EngineMaterials/DefaultDiffuse.ubulk" 274
"../../../Engine/Content/EngineMaterials/DefaultDiffuse.uasset" 275
"../../../Engine/Content/EngineMaterials/DefaultDiffuse.uexp" 276
"../../../Engine/Content/Functions/Engine_MaterialFunctions02/Utility/BreakOutFloat2Components.uasset" 277
"../../../Engine/Content/Functions/Engine_MaterialFunctions02/Utility/BreakOutFloat2Components.uexp" 278
"../../../Engine/Content/EngineMaterials/DefaultPostProcessMaterial.uasset" 279
"../../../Engine/Content/EngineMaterials/DefaultPostProcessMaterial.uexp" 280
"../../../Engine/Content/EngineMaterials/DefaultPhysicalMaterial.uasset" 281
"../../../Engine/Content/EngineMaterials/DefaultPhysicalMaterial.uexp" 282
"../../../Engine/Content/EngineMaterials/DefaultLightFunctionMaterial.uasset" 283
"../../../Engine/Content/EngineMaterials/DefaultLightFunctionMaterial.uexp" 284
"../../../Engine/Content/EngineMaterials/DefaultDestructiblePhysicalMaterial.uasset" 285
"../../../Engine/Content/EngineMaterials/DefaultDestructiblePhysicalMaterial.uexp" 286
"../../../Engine/Content/EngineMaterials/DefaultDeferredDecalMaterial.uasset" 287
"../../../Engine/Content/EngineMaterials/DefaultDeferredDecalMaterial.uexp" 288
"../../../Engine/Content/EngineMaterials/DefaultBloomKernel.uasset" 289
"../../../Engine/Content/EngineMaterials/DefaultBloomKernel.uexp" 290
"../../../Engine/Content/EngineResources/FilmGrains/Marcie_Grain_v3_128_M2_000.uasset" 291
"../../../Engine/Content/EngineResources/FilmGrains/Marcie_Grain_v3_128_M2_000.uexp" 292
"../../../Engine/Content/EngineSky/VolumetricClouds/CloudWeatherTexture.uasset" 293
"../../../Engine/Content/EngineSky/VolumetricClouds/CloudWeatherTexture.uexp" 294
"../../../Engine/Content/Functions/Engine_MaterialFunctions02/Utility/MakeFloat2.uasset" 295
"../../../Engine/Content/Functions/Engine_MaterialFunctions02/Utility/MakeFloat2.uexp" 296
"../../../Engine/Content/EngineSky/VolumetricClouds/CloudGradientTexture.uasset" 297
"../../../Engine/Content/EngineSky/VolumetricClouds/CloudGradientTexture.uexp" 298
"../../../Engine/Content/EngineSky/VolumetricClouds/T_NoiseShape64.ubulk" 299
"../../../Engine/Content/EngineSky/VolumetricClouds/T_NoiseShape64.uasset" 300
"../../../Engine/Content/EngineSky/VolumetricClouds/T_NoiseShape64.uexp" 301
"../../../Engine/Content/EngineSky/VolumetricClouds/T_VolumeNoiseShape64.uasset" 302
"../../../Engine/Content/EngineSky/VolumetricClouds/T_VolumeNoiseShape64.uexp" 303
"../../../Engine/Content/EngineSky/VolumetricClouds/T_NoiseErosion.ubulk" 304
"../../../Engine/Content/EngineSky/VolumetricClouds/T_NoiseErosion.uasset" 305
"../../../Engine/Content/EngineSky/VolumetricClouds/T_NoiseErosion.uexp" 306
"../../../Engine/Content/EngineSky/VolumetricClouds/T_VolumeNoiseErosion32.uasset" 307
"../../../Engine/Content/EngineSky/VolumetricClouds/T_VolumeNoiseErosion32.uexp" 308
"../../../Engine/Content/EngineSky/VolumetricClouds/m_SimpleVolumetricCloud.uasset" 309
"../../../Engine/Content/EngineSky/VolumetricClouds/m_SimpleVolumetricCloud.uexp" 310
"../../../Engine/Content/EngineSky/VolumetricClouds/m_SimpleVolumetricCloud_Inst.uasset" 311
"../../../Engine/Content/EngineSky/VolumetricClouds/m_SimpleVolumetricCloud_Inst.uexp" 312
"../../../Engine/Content/EngineSounds/Master.uasset" 313
"../../../Engine/Content/EngineSounds/Master.uexp" 314
"../../../Engine/Content/Functions/Engine_MaterialFunctions01/Shading/PowerToRoughness.uasset" 315
"../../../Engine/Content/Functions/Engine_MaterialFunctions01/Shading/PowerToRoughness.uexp" 316
"../../../Engine/Content/MobileResources/HUD/VirtualJoystick_Background.uasset" 317
"../../../Engine/Content/MobileResources/HUD/VirtualJoystick_Background.uexp" 318
"../../../Engine/Content/MobileResources/HUD/VirtualJoystick_Thumb.uasset" 319
"../../../Engine/Content/MobileResources/HUD/VirtualJoystick_Thumb.uexp" 320
"../../../Engine/Content/MobileResources/HUD/DefaultVirtualJoysticks.uasset" 321
"../../../Engine/Content/MobileResources/HUD/DefaultVirtualJoysticks.uexp" 322
"../../../Engine/Plugins/Runtime/MeshModelingToolset/Content/Materials/M_DynamicMeshComponentVtxColor.uasset" 323
"../../../Engine/Plugins/Runtime/MeshModelingToolset/Content/Materials/M_DynamicMeshComponentVtxColor.uexp" 324
"../../../Engine/Plugins/Interchange/Runtime/Content/Pipelines/DefaultTexturePipeline.uasset" 325
"../../../Engine/Plugins/Interchange/Runtime/Content/Pipelines/DefaultTexturePipeline.uexp" 326
"../../../Engine/Plugins/Interchange/Runtime/Content/Pipelines/DefaultSceneLevelPipeline.uasset" 327
"../../../Engine/Plugins/Interchange/Runtime/Content/Pipelines/DefaultSceneLevelPipeline.uexp" 328
"../../../Engine/Plugins/Interchange/Runtime/Content/Pipelines/DefaultSceneAssetsPipeline.uasset" 329
"../../../Engine/Plugins/Interchange/Runtime/Content/Pipelines/DefaultSceneAssetsPipeline.uexp" 330
"../../../Engine/Plugins/Interchange/Runtime/Content/Pipelines/DefaultMaterialPipeline.uasset" 331
"../../../Engine/Plugins/Interchange/Runtime/Content/Pipelines/DefaultMaterialPipeline.uexp" 332
"../../../Engine/Plugins/Interchange/Runtime/Content/Pipelines/DefaultAssetsPipeline.uasset" 333
"../../../Engine/Plugins/Interchange/Runtime/Content/Pipelines/DefaultAssetsPipeline.uexp" 334
"../../../Engine/Plugins/Interchange/Runtime/Content/Materials/UnlitMaterial.uasset" 335
"../../../Engine/Plugins/Interchange/Runtime/Content/Materials/UnlitMaterial.uexp" 336
"../../../Engine/Content/EngineMaterials/DefaultNormal.ubulk" 337
"../../../Engine/Content/EngineMaterials/DefaultNormal.uasset" 338
"../../../Engine/Content/EngineMaterials/DefaultNormal.uexp" 339
"../../../Engine/Plugins/Interchange/Runtime/Content/Materials/MapOrScalarFunction.uasset" 340
"../../../Engine/Plugins/Interchange/Runtime/Content/Materials/MapOrScalarFunction.uexp" 341
"../../../Engine/Plugins/Interchange/Runtime/Content/Materials/MapOrLinearColorFunction.uasset" 342
"../../../Engine/Plugins/Interchange/Runtime/Content/Materials/MapOrLinearColorFunction.uexp" 343
"../../../Engine/Plugins/Interchange/Runtime/Content/Materials/MapOrColorFunction.uasset" 344
"../../../Engine/Plugins/Interchange/Runtime/Content/Materials/MapOrColorFunction.uexp" 345
"../../../Engine/Plugins/Interchange/Runtime/Content/Materials/CommonMaterial.uasset" 346
"../../../Engine/Plugins/Interchange/Runtime/Content/Materials/CommonMaterial.uexp" 347
"../../../Engine/Plugins/Interchange/Runtime/Content/Materials/PBRSurfaceFunction.uasset" 348
"../../../Engine/Plugins/Interchange/Runtime/Content/Materials/PBRSurfaceFunction.uexp" 349
"../../../Engine/Plugins/Interchange/Runtime/Content/Materials/ThinTranslucentMaterial.uasset" 350
"../../../Engine/Plugins/Interchange/Runtime/Content/Materials/ThinTranslucentMaterial.uexp" 351
"../../../Engine/Plugins/Interchange/Runtime/Content/Materials/SubsurfaceMaterial.uasset" 352
"../../../Engine/Plugins/Interchange/Runtime/Content/Materials/SubsurfaceMaterial.uexp" 353
"../../../Engine/Plugins/Interchange/Runtime/Content/Materials/SheenMaterial.uasset" 354
"../../../Engine/Plugins/Interchange/Runtime/Content/Materials/SheenMaterial.uexp" 355
"../../../Engine/Content/Functions/Engine_MaterialFunctions01/Shading/ConvertFromDiffSpec.uasset" 356
"../../../Engine/Content/Functions/Engine_MaterialFunctions01/Shading/ConvertFromDiffSpec.uexp" 357
"../../../Engine/Plugins/Interchange/Runtime/Content/Materials/PhongSurfaceMaterial.uasset" 358
"../../../Engine/Plugins/Interchange/Runtime/Content/Materials/PhongSurfaceMaterial.uexp" 359
"../../../Engine/Plugins/Interchange/Runtime/Content/Materials/PBRSurfaceMaterial.uasset" 360
"../../../Engine/Plugins/Interchange/Runtime/Content/Materials/PBRSurfaceMaterial.uexp" 361
"../../../Engine/Content/EngineMaterials/FlatNormal.uasset" 362
"../../../Engine/Content/EngineMaterials/FlatNormal.uexp" 363
"../../../Engine/Plugins/Interchange/Runtime/Content/Functions/MF_OrenNayerView.uasset" 364
"../../../Engine/Plugins/Interchange/Runtime/Content/Functions/MF_OrenNayerView.uexp" 365
"../../../Engine/Content/EditorLandscapeResources/WhiteSquareTexture.uasset" 366
"../../../Engine/Content/EditorLandscapeResources/WhiteSquareTexture.uexp" 367
"../../../Engine/Plugins/Interchange/Runtime/Content/Functions/MF_SchlickApprox.uasset" 368
"../../../Engine/Plugins/Interchange/Runtime/Content/Functions/MF_SchlickApprox.uexp" 369
"../../../Engine/Plugins/Interchange/Runtime/Content/Utilities/New_LUT.uasset" 370
"../../../Engine/Plugins/Interchange/Runtime/Content/Utilities/New_LUT.uexp" 371
"../../../Engine/Content/Functions/Engine_MaterialFunctions03/Math/RemapValueRange.uasset" 372
"../../../Engine/Content/Functions/Engine_MaterialFunctions03/Math/RemapValueRange.uexp" 373
"../../../Engine/Plugins/Interchange/Runtime/Content/Functions/MF_Iridescence.uasset" 374
"../../../Engine/Plugins/Interchange/Runtime/Content/Functions/MF_Iridescence.uexp" 375
"../../../Engine/Plugins/Interchange/Runtime/Content/Materials/OrenNayerMaterial.uasset" 376
"../../../Engine/Plugins/Interchange/Runtime/Content/Materials/OrenNayerMaterial.uexp" 377
"../../../Engine/Plugins/Interchange/Runtime/Content/Materials/LambertSurfaceMaterial.uasset" 378
"../../../Engine/Plugins/Interchange/Runtime/Content/Materials/LambertSurfaceMaterial.uexp" 379
"../../../Engine/Plugins/Interchange/Runtime/Content/Materials/ClearCoatMaterial.uasset" 380
"../../../Engine/Plugins/Interchange/Runtime/Content/Materials/ClearCoatMaterial.uexp" 381
"../../../Engine/Plugins/Interchange/Runtime/Content/gltf/Textures/T_Gray_Linear.uasset" 382
"../../../Engine/Plugins/Interchange/Runtime/Content/gltf/Textures/T_Gray_Linear.uexp" 383
"../../../Engine/Plugins/Interchange/Runtime/Content/gltf/Textures/T_Black_srgb.uasset" 384
"../../../Engine/Plugins/Interchange/Runtime/Content/gltf/Textures/T_Black_srgb.uexp" 385
"../../../Engine/Plugins/Interchange/Runtime/Content/gltf/MaterialFunctions/MF_RotateV2.uasset" 386
"../../../Engine/Plugins/Interchange/Runtime/Content/gltf/MaterialFunctions/MF_RotateV2.uexp" 387
"../../../Engine/Plugins/Interchange/Runtime/Content/gltf/MaterialFunctions/MF_TransformUVs.uasset" 388
"../../../Engine/Plugins/Interchange/Runtime/Content/gltf/MaterialFunctions/MF_TransformUVs.uexp" 389
"../../../Engine/Plugins/Interchange/Runtime/Content/gltf/Textures/T_White_srgb.uasset" 390
"../../../Engine/Plugins/Interchange/Runtime/Content/gltf/Textures/T_White_srgb.uexp" 391
"../../../Engine/Plugins/Interchange/Runtime/Content/gltf/MaterialFunctions/MF_BaseColor.uasset" 392
"../../../Engine/Plugins/Interchange/Runtime/Content/gltf/MaterialFunctions/MF_BaseColor.uexp" 393
"../../../Engine/Plugins/Interchange/Runtime/Content/gltf/MaterialFunctions/MF_DiffuseSpecGloss.uasset" 394
"../../../Engine/Plugins/Interchange/Runtime/Content/gltf/MaterialFunctions/MF_DiffuseSpecGloss.uexp" 395
"../../../Engine/Plugins/Interchange/Runtime/Content/gltf/Textures/T_White_Linear.uasset" 396
"../../../Engine/Plugins/Interchange/Runtime/Content/gltf/Textures/T_White_Linear.uexp" 397
"../../../Engine/Plugins/Interchange/Runtime/Content/gltf/MaterialFunctions/MF_MetallicRoughness.uasset" 398
"../../../Engine/Plugins/Interchange/Runtime/Content/gltf/MaterialFunctions/MF_MetallicRoughness.uexp" 399
"../../../Engine/Plugins/Interchange/Runtime/Content/gltf/MaterialFunctions/MF_Transmission.uasset" 400
"../../../Engine/Plugins/Interchange/Runtime/Content/gltf/MaterialFunctions/MF_Transmission.uexp" 401
"../../../Engine/Plugins/Interchange/Runtime/Content/gltf/MaterialFunctions/MF_Occlusion.uasset" 402
"../../../Engine/Plugins/Interchange/Runtime/Content/gltf/MaterialFunctions/MF_Occlusion.uexp" 403
"../../../Engine/Content/Functions/Engine_MaterialFunctions02/Texturing/CustomRotator.uasset" 404
"../../../Engine/Content/Functions/Engine_MaterialFunctions02/Texturing/CustomRotator.uexp" 405
"../../../Engine/Content/Functions/Engine_MaterialFunctions02/Texturing/ScreenAlignedPixelToPixelUVs.uasset" 406
"../../../Engine/Content/Functions/Engine_MaterialFunctions02/Texturing/ScreenAlignedPixelToPixelUVs.uexp" 407
"../../../Engine/Plugins/Interchange/Runtime/Content/Utilities/T_Bayer64_Grayscale_64px.uasset" 408
"../../../Engine/Plugins/Interchange/Runtime/Content/Utilities/T_Bayer64_Grayscale_64px.uexp" 409
"../../../Engine/Plugins/Interchange/Runtime/Content/gltf/MaterialFunctions/MF_Temporal_Blur.uasset" 410
"../../../Engine/Plugins/Interchange/Runtime/Content/gltf/MaterialFunctions/MF_Temporal_Blur.uexp" 411
"../../../Engine/Plugins/Interchange/Runtime/Content/gltf/MaterialFunctions/MF_Specular.uasset" 412
"../../../Engine/Plugins/Interchange/Runtime/Content/gltf/MaterialFunctions/MF_Specular.uexp" 413
"../../../Engine/Plugins/Interchange/Runtime/Content/gltf/MaterialFunctions/MF_IOR.uasset" 414
"../../../Engine/Plugins/Interchange/Runtime/Content/gltf/MaterialFunctions/MF_IOR.uexp" 415
"../../../Engine/Plugins/Interchange/Runtime/Content/gltf/MaterialFunctions/MF_Fresnel_DS.uasset" 416
"../../../Engine/Plugins/Interchange/Runtime/Content/gltf/MaterialFunctions/MF_Fresnel_DS.uexp" 417
"../../../Engine/Content/Functions/Engine_MaterialFunctions01/Texturing/FlattenNormal.uasset" 418
"../../../Engine/Content/Functions/Engine_MaterialFunctions01/Texturing/FlattenNormal.uexp" 419
"../../../Engine/Content/Functions/Engine_MaterialFunctions02/Math/Transform3x3Matrix.uasset" 420
"../../../Engine/Content/Functions/Engine_MaterialFunctions02/Math/Transform3x3Matrix.uexp" 421
"../../../Engine/Plugins/Interchange/Runtime/Content/gltf/MaterialFunctions/MF_RotateNormals_TS.uasset" 422
"../../../Engine/Plugins/Interchange/Runtime/Content/gltf/MaterialFunctions/MF_RotateNormals_TS.uexp" 423
"../../../Engine/Plugins/Interchange/Runtime/Content/gltf/Textures/T_Generic_N.uasset" 424
"../../../Engine/Plugins/Interchange/Runtime/Content/gltf/Textures/T_Generic_N.uexp" 425
"../../../Engine/Plugins/Interchange/Runtime/Content/gltf/MaterialFunctions/MF_Normals.uasset" 426
"../../../Engine/Plugins/Interchange/Runtime/Content/gltf/MaterialFunctions/MF_Normals.uexp" 427
"../../../Engine/Content/Functions/Engine_MaterialFunctions02/Math/AddComponents.uasset" 428
"../../../Engine/Content/Functions/Engine_MaterialFunctions02/Math/AddComponents.uexp" 429
"../../../Engine/Plugins/Interchange/Runtime/Content/gltf/MaterialFunctions/MF_PerceivedBrightness.uasset" 430
"../../../Engine/Plugins/Interchange/Runtime/Content/gltf/MaterialFunctions/MF_PerceivedBrightness.uexp" 431
"../../../Engine/Plugins/Interchange/Runtime/Content/gltf/MaterialFunctions/MF_SpecGlossToMetalRoughness.uasset" 432
"../../../Engine/Plugins/Interchange/Runtime/Content/gltf/MaterialFunctions/MF_SpecGlossToMetalRoughness.uexp" 433
"../../../Engine/Plugins/Interchange/Runtime/Content/gltf/M_Transmission.uasset" 434
"../../../Engine/Plugins/Interchange/Runtime/Content/gltf/M_Transmission.uexp" 435
"../../../Engine/Plugins/Interchange/Runtime/Content/gltf/MaterialInstances_SG/MI_Transmission_TS.uasset" 436
"../../../Engine/Plugins/Interchange/Runtime/Content/gltf/MaterialInstances_SG/MI_Transmission_TS.uexp" 437
"../../../Engine/Plugins/Interchange/Runtime/Content/gltf/MaterialInstances_SG/MI_Transmission.uasset" 438
"../../../Engine/Plugins/Interchange/Runtime/Content/gltf/MaterialInstances_SG/MI_Transmission.uexp" 439
"../../../Engine/Plugins/Interchange/Runtime/Content/gltf/MaterialFunctions/MF_Clearcoat.uasset" 440
"../../../Engine/Plugins/Interchange/Runtime/Content/gltf/MaterialFunctions/MF_Clearcoat.uexp" 441
"../../../Engine/Plugins/Interchange/Runtime/Content/gltf/MaterialFunctions/MF_Emissive.uasset" 442
"../../../Engine/Plugins/Interchange/Runtime/Content/gltf/MaterialFunctions/MF_Emissive.uexp" 443
"../../../Engine/Plugins/Interchange/Runtime/Content/gltf/M_Translucent.uasset" 444
"../../../Engine/Plugins/Interchange/Runtime/Content/gltf/M_Translucent.uexp" 445
"../../../Engine/Plugins/Interchange/Runtime/Content/gltf/MaterialInstances_SG/MI_Translucent_TS.uasset" 446
"../../../Engine/Plugins/Interchange/Runtime/Content/gltf/MaterialInstances_SG/MI_Translucent_TS.uexp" 447
"../../../Engine/Plugins/Interchange/Runtime/Content/gltf/MaterialInstances_SG/MI_Translucent_ClearCoat_TS.uasset" 448
"../../../Engine/Plugins/Interchange/Runtime/Content/gltf/MaterialInstances_SG/MI_Translucent_ClearCoat_TS.uexp" 449
"../../../Engine/Plugins/Interchange/Runtime/Content/gltf/MaterialInstances_SG/MI_Translucent_ClearCoat.uasset" 450
"../../../Engine/Plugins/Interchange/Runtime/Content/gltf/MaterialInstances_SG/MI_Translucent_ClearCoat.uexp" 451
"../../../Engine/Plugins/Interchange/Runtime/Content/gltf/MaterialInstances_SG/MI_Translucent.uasset" 452
"../../../Engine/Plugins/Interchange/Runtime/Content/gltf/MaterialInstances_SG/MI_Translucent.uexp" 453
"../../../Engine/Plugins/Interchange/Runtime/Content/gltf/M_Opaque.uasset" 454
"../../../Engine/Plugins/Interchange/Runtime/Content/gltf/M_Opaque.uexp" 455
"../../../Engine/Plugins/Interchange/Runtime/Content/gltf/MaterialInstances_SG/MI_Opaque_TS.uasset" 456
"../../../Engine/Plugins/Interchange/Runtime/Content/gltf/MaterialInstances_SG/MI_Opaque_TS.uexp" 457
"../../../Engine/Plugins/Interchange/Runtime/Content/gltf/MaterialFunctions/MF_Sheen.uasset" 458
"../../../Engine/Plugins/Interchange/Runtime/Content/gltf/MaterialFunctions/MF_Sheen.uexp" 459
"../../../Engine/Content/Functions/Engine_MaterialFunctions01/Shading/FuzzyShading.uasset" 460
"../../../Engine/Content/Functions/Engine_MaterialFunctions01/Shading/FuzzyShading.uexp" 461
"../../../Engine/Plugins/Interchange/Runtime/Content/gltf/M_Sheen.uasset" 462
"../../../Engine/Plugins/Interchange/Runtime/Content/gltf/M_Sheen.uexp" 463
"../../../Engine/Plugins/Interchange/Runtime/Content/gltf/MaterialInstances_SG/MI_Opaque_Sheen_TS.uasset" 464
"../../../Engine/Plugins/Interchange/Runtime/Content/gltf/MaterialInstances_SG/MI_Opaque_Sheen_TS.uexp" 465
"../../../Engine/Plugins/Interchange/Runtime/Content/gltf/MaterialInstances_SG/MI_Opaque_Sheen.uasset" 466
"../../../Engine/Plugins/Interchange/Runtime/Content/gltf/MaterialInstances_SG/MI_Opaque_Sheen.uexp" 467
"../../../Engine/Plugins/Interchange/Runtime/Content/gltf/MaterialInstances_SG/MI_Opaque_ClearCoat_TS.uasset" 468
"../../../Engine/Plugins/Interchange/Runtime/Content/gltf/MaterialInstances_SG/MI_Opaque_ClearCoat_TS.uexp" 469
"../../../Engine/Plugins/Interchange/Runtime/Content/gltf/MaterialInstances_SG/MI_Opaque_ClearCoat.uasset" 470
"../../../Engine/Plugins/Interchange/Runtime/Content/gltf/MaterialInstances_SG/MI_Opaque_ClearCoat.uexp" 471
"../../../Engine/Plugins/Interchange/Runtime/Content/gltf/MaterialInstances_SG/MI_Opaque.uasset" 472
"../../../Engine/Plugins/Interchange/Runtime/Content/gltf/MaterialInstances_SG/MI_Opaque.uexp" 473
"../../../Engine/Plugins/Interchange/Runtime/Content/gltf/MaterialInstances_MR/MI_Transmission_TS.uasset" 474
"../../../Engine/Plugins/Interchange/Runtime/Content/gltf/MaterialInstances_MR/MI_Transmission_TS.uexp" 475
"../../../Engine/Plugins/Interchange/Runtime/Content/gltf/MaterialInstances_MR/MI_Transmission.uasset" 476
"../../../Engine/Plugins/Interchange/Runtime/Content/gltf/MaterialInstances_MR/MI_Transmission.uexp" 477
"../../../Engine/Plugins/Interchange/Runtime/Content/gltf/MaterialInstances_MR/MI_Translucent_TS.uasset" 478
"../../../Engine/Plugins/Interchange/Runtime/Content/gltf/MaterialInstances_MR/MI_Translucent_TS.uexp" 479
"../../../Engine/Plugins/Interchange/Runtime/Content/gltf/MaterialInstances_MR/MI_Translucent_ClearCoat_TS.uasset" 480
"../../../Engine/Plugins/Interchange/Runtime/Content/gltf/MaterialInstances_MR/MI_Translucent_ClearCoat_TS.uexp" 481
"../../../Engine/Plugins/Interchange/Runtime/Content/gltf/MaterialInstances_MR/MI_Translucent_ClearCoat.uasset" 482
"../../../Engine/Plugins/Interchange/Runtime/Content/gltf/MaterialInstances_MR/MI_Translucent_ClearCoat.uexp" 483
"../../../Engine/Plugins/Interchange/Runtime/Content/gltf/MaterialInstances_MR/MI_Translucent.uasset" 484
"../../../Engine/Plugins/Interchange/Runtime/Content/gltf/MaterialInstances_MR/MI_Translucent.uexp" 485
"../../../Engine/Plugins/Interchange/Runtime/Content/gltf/M_Unlit.uasset" 486
"../../../Engine/Plugins/Interchange/Runtime/Content/gltf/M_Unlit.uexp" 487
"../../../Engine/Plugins/Interchange/Runtime/Content/gltf/MaterialInstances_MR/MI_Opaque_Unlit_TS.uasset" 488
"../../../Engine/Plugins/Interchange/Runtime/Content/gltf/MaterialInstances_MR/MI_Opaque_Unlit_TS.uexp" 489
"../../../Engine/Plugins/Interchange/Runtime/Content/gltf/MaterialInstances_MR/MI_Opaque_Unlit.uasset" 490
"../../../Engine/Plugins/Interchange/Runtime/Content/gltf/MaterialInstances_MR/MI_Opaque_Unlit.uexp" 491
"../../../Engine/Plugins/Interchange/Runtime/Content/gltf/MaterialInstances_MR/MI_Opaque_TS.uasset" 492
"../../../Engine/Plugins/Interchange/Runtime/Content/gltf/MaterialInstances_MR/MI_Opaque_TS.uexp" 493
"../../../Engine/Plugins/Interchange/Runtime/Content/gltf/MaterialInstances_MR/MI_Opaque_Sheen_TS.uasset" 494
"../../../Engine/Plugins/Interchange/Runtime/Content/gltf/MaterialInstances_MR/MI_Opaque_Sheen_TS.uexp" 495
"../../../Engine/Plugins/Interchange/Runtime/Content/gltf/MaterialInstances_MR/MI_Opaque_Sheen.uasset" 496
"../../../Engine/Plugins/Interchange/Runtime/Content/gltf/MaterialInstances_MR/MI_Opaque_Sheen.uexp" 497
"../../../Engine/Plugins/Interchange/Runtime/Content/gltf/MaterialInstances_MR/MI_Opaque_ClearCoat_TS.uasset" 498
"../../../Engine/Plugins/Interchange/Runtime/Content/gltf/MaterialInstances_MR/MI_Opaque_ClearCoat_TS.uexp" 499
"../../../Engine/Plugins/Interchange/Runtime/Content/gltf/MaterialInstances_MR/MI_Opaque_ClearCoat.uasset" 500
"../../../Engine/Plugins/Interchange/Runtime/Content/gltf/MaterialInstances_MR/MI_Opaque_ClearCoat.uexp" 501
"../../../Engine/Plugins/Interchange/Runtime/Content/gltf/MaterialInstances_MR/MI_Opaque.uasset" 502
"../../../Engine/Plugins/Interchange/Runtime/Content/gltf/MaterialInstances_MR/MI_Opaque.uexp" 503
"../../../Engine/Content/Functions/Engine_MaterialFunctions02/Utility/VectorLength.uasset" 504
"../../../Engine/Content/Functions/Engine_MaterialFunctions02/Utility/VectorLength.uexp" 505
"../../../Engine/Content/Functions/Engine_MaterialFunctions02/WorldPositionOffset/V2/ObjectScale.uasset" 506
"../../../Engine/Content/Functions/Engine_MaterialFunctions02/WorldPositionOffset/V2/ObjectScale.uexp" 507
"../../../Engine/Content/Functions/Engine_MaterialFunctions02/ObjectLocalBounds.uasset" 508
"../../../Engine/Content/Functions/Engine_MaterialFunctions02/ObjectLocalBounds.uexp" 509
"../../../Engine/Plugins/Interchange/Runtime/Content/gltf/MaterialFunctions/MF_TransmissionOpacity.uasset" 510
"../../../Engine/Plugins/Interchange/Runtime/Content/gltf/MaterialFunctions/MF_TransmissionOpacity.uexp" 511
"../../../Engine/Plugins/Interchange/Runtime/Content/Functions/MX_Transmission.uasset" 512
"../../../Engine/Plugins/Interchange/Runtime/Content/Functions/MX_Transmission.uexp" 513
"../../../Engine/Plugins/Interchange/Runtime/Content/Functions/MX_StandardSurface.uasset" 514
"../../../Engine/Plugins/Interchange/Runtime/Content/Functions/MX_StandardSurface.uexp" 515
"../../../Engine/Plugins/Interchange/Runtime/Content/Functions/MX_TransmissionSurface.uasset" 516
"../../../Engine/Plugins/Interchange/Runtime/Content/Functions/MX_TransmissionSurface.uexp" 517
"../../../Engine/Plugins/Editor/SpeedTreeImporter/Content/SpeedTree9/game_wind_noise.ubulk" 518
"../../../Engine/Plugins/Editor/SpeedTreeImporter/Content/SpeedTree9/game_wind_noise.uasset" 519
"../../../Engine/Plugins/Editor/SpeedTreeImporter/Content/SpeedTree9/game_wind_noise.uexp" 520
"../../../Engine/Plugins/Editor/SpeedTreeImporter/Content/SpeedTree9/UnpackDirection.uasset" 521
"../../../Engine/Plugins/Editor/SpeedTreeImporter/Content/SpeedTree9/UnpackDirection.uexp" 522
"../../../Engine/Content/Functions/Engine_MaterialFunctions02/UVs/BoundingBoxBased_0-1_UVW.uasset" 523
"../../../Engine/Content/Functions/Engine_MaterialFunctions02/UVs/BoundingBoxBased_0-1_UVW.uexp" 524
"../../../Engine/Plugins/Editor/SpeedTreeImporter/Content/SpeedTree9/UnpackInteger3.uasset" 525
"../../../Engine/Plugins/Editor/SpeedTreeImporter/Content/SpeedTree9/UnpackInteger3.uexp" 526
"../../../Engine/Plugins/Editor/SpeedTreeImporter/Content/SpeedTree9/SpeedTreeCameraFacing.uasset" 527
"../../../Engine/Plugins/Editor/SpeedTreeImporter/Content/SpeedTree9/SpeedTreeCameraFacing.uexp" 528
"../../../Engine/Content/Functions/Engine_MaterialFunctions02/WorldPositionOffset/ObjectScale.uasset" 529
"../../../Engine/Content/Functions/Engine_MaterialFunctions02/WorldPositionOffset/ObjectScale.uexp" 530
"../../../Engine/Content/Functions/Engine_MaterialFunctions02/SafeNormalize.uasset" 531
"../../../Engine/Content/Functions/Engine_MaterialFunctions02/SafeNormalize.uexp" 532
"../../../Engine/Plugins/Editor/SpeedTreeImporter/Content/SpeedTree9/SpeedTreeWindMotion.uasset" 533
"../../../Engine/Plugins/Editor/SpeedTreeImporter/Content/SpeedTree9/SpeedTreeWindMotion.uexp" 534
"../../../Engine/Plugins/Editor/SpeedTreeImporter/Content/SpeedTree9/SpeedTreeBranchMotion.uasset" 535
"../../../Engine/Plugins/Editor/SpeedTreeImporter/Content/SpeedTree9/SpeedTreeBranchMotion.uexp" 536
"../../../Engine/Plugins/Editor/SpeedTreeImporter/Content/SpeedTree9/SpeedTreeWind.uasset" 537
"../../../Engine/Plugins/Editor/SpeedTreeImporter/Content/SpeedTree9/SpeedTreeWind.uexp" 538
"../../../Engine/Plugins/Editor/SpeedTreeImporter/Content/SpeedTree9/EmptyNormal.uasset" 539
"../../../Engine/Plugins/Editor/SpeedTreeImporter/Content/SpeedTree9/EmptyNormal.uexp" 540
"../../../Engine/Plugins/Editor/SpeedTreeImporter/Content/SpeedTree9/Empty.uasset" 541
"../../../Engine/Plugins/Editor/SpeedTreeImporter/Content/SpeedTree9/Empty.uexp" 542
"../../../Engine/Plugins/Editor/SpeedTreeImporter/Content/SpeedTree9/SpeedTreeMaster.uasset" 543
"../../../Engine/Plugins/Editor/SpeedTreeImporter/Content/SpeedTree9/SpeedTreeMaster.uexp" 544
"../../../Engine/Plugins/Editor/SpeedTreeImporter/Content/SpeedTree9/SpeedTreeBillboard.uasset" 545
"../../../Engine/Plugins/Editor/SpeedTreeImporter/Content/SpeedTree9/SpeedTreeBillboard.uexp" 546
"../../../Engine/Plugins/Editor/SpeedTreeImporter/Content/SpeedTree9/SpeedTreeBillboardMaster.uasset" 547
"../../../Engine/Plugins/Editor/SpeedTreeImporter/Content/SpeedTree9/SpeedTreeBillboardMaster.uexp" 548
"../../../Engine/Plugins/Animation/ControlRig/Content/M_Manip.uasset" 549
"../../../Engine/Plugins/Animation/ControlRig/Content/M_Manip.uexp" 550
"../../../Engine/Plugins/Animation/ControlRig/Content/Controls/DefaultGizmoLibraryNormalized.uasset" 551
"../../../Engine/Plugins/Animation/ControlRig/Content/Controls/DefaultGizmoLibraryNormalized.uexp" 552
"../../../Engine/Plugins/Animation/ControlRig/Content/Controls/ControlRig_Wedge_solid.ubulk" 553
"../../../Engine/Plugins/Animation/ControlRig/Content/Controls/ControlRig_Wedge_solid.uasset" 554
"../../../Engine/Plugins/Animation/ControlRig/Content/Controls/ControlRig_Wedge_solid.uexp" 555
"../../../Engine/Plugins/Animation/ControlRig/Content/Controls/ControlRig_Wedge_3mm.ubulk" 556
"../../../Engine/Plugins/Animation/ControlRig/Content/Controls/ControlRig_Wedge_3mm.uasset" 557
"../../../Engine/Plugins/Animation/ControlRig/Content/Controls/ControlRig_Wedge_3mm.uexp" 558
"../../../Engine/Plugins/Animation/ControlRig/Content/Controls/ControlRig_Wedge_1mm.ubulk" 559
"../../../Engine/Plugins/Animation/ControlRig/Content/Controls/ControlRig_Wedge_1mm.uasset" 560
"../../../Engine/Plugins/Animation/ControlRig/Content/Controls/ControlRig_Wedge_1mm.uexp" 561
"../../../Engine/Plugins/Animation/ControlRig/Content/Controls/ControlRig_Triangle_solid.ubulk" 562
"../../../Engine/Plugins/Animation/ControlRig/Content/Controls/ControlRig_Triangle_solid.uasset" 563
"../../../Engine/Plugins/Animation/ControlRig/Content/Controls/ControlRig_Triangle_solid.uexp" 564
"../../../Engine/Plugins/Animation/ControlRig/Content/Controls/ControlRig_Triangle_3mm.ubulk" 565
"../../../Engine/Plugins/Animation/ControlRig/Content/Controls/ControlRig_Triangle_3mm.uasset" 566
"../../../Engine/Plugins/Animation/ControlRig/Content/Controls/ControlRig_Triangle_3mm.uexp" 567
"../../../Engine/Plugins/Animation/ControlRig/Content/Controls/ControlRig_Triangle_1mm.ubulk" 568
"../../../Engine/Plugins/Animation/ControlRig/Content/Controls/ControlRig_Triangle_1mm.uasset" 569
"../../../Engine/Plugins/Animation/ControlRig/Content/Controls/ControlRig_Triangle_1mm.uexp" 570
"../../../Engine/Plugins/Animation/ControlRig/Content/Controls/ControlRig_Star4_solid.ubulk" 571
"../../../Engine/Plugins/Animation/ControlRig/Content/Controls/ControlRig_Star4_solid.uasset" 572
"../../../Engine/Plugins/Animation/ControlRig/Content/Controls/ControlRig_Star4_solid.uexp" 573
"../../../Engine/Plugins/Animation/ControlRig/Content/Controls/ControlRig_Star4_3mm.ubulk" 574
"../../../Engine/Plugins/Animation/ControlRig/Content/Controls/ControlRig_Star4_3mm.uasset" 575
"../../../Engine/Plugins/Animation/ControlRig/Content/Controls/ControlRig_Star4_3mm.uexp" 576
"../../../Engine/Plugins/Animation/ControlRig/Content/Controls/ControlRig_Star4_1mm.ubulk" 577
"../../../Engine/Plugins/Animation/ControlRig/Content/Controls/ControlRig_Star4_1mm.uasset" 578
"../../../Engine/Plugins/Animation/ControlRig/Content/Controls/ControlRig_Star4_1mm.uexp" 579
"../../../Engine/Plugins/Animation/ControlRig/Content/Controls/ControlRig_Square_solid.ubulk" 580
"../../../Engine/Plugins/Animation/ControlRig/Content/Controls/ControlRig_Square_solid.uasset" 581
"../../../Engine/Plugins/Animation/ControlRig/Content/Controls/ControlRig_Square_solid.uexp" 582
"../../../Engine/Plugins/Animation/ControlRig/Content/Controls/ControlRig_Square_3mm.ubulk" 583
"../../../Engine/Plugins/Animation/ControlRig/Content/Controls/ControlRig_Square_3mm.uasset" 584
"../../../Engine/Plugins/Animation/ControlRig/Content/Controls/ControlRig_Square_3mm.uexp" 585
"../../../Engine/Plugins/Animation/ControlRig/Content/Controls/ControlRig_Square_1mm.ubulk" 586
"../../../Engine/Plugins/Animation/ControlRig/Content/Controls/ControlRig_Square_1mm.uasset" 587
"../../../Engine/Plugins/Animation/ControlRig/Content/Controls/ControlRig_Square_1mm.uexp" 588
"../../../Engine/Plugins/Animation/ControlRig/Content/Controls/ControlRig_Sphere_solid.ubulk" 589
"../../../Engine/Plugins/Animation/ControlRig/Content/Controls/ControlRig_Sphere_solid.uasset" 590
"../../../Engine/Plugins/Animation/ControlRig/Content/Controls/ControlRig_Sphere_solid.uexp" 591
"../../../Engine/Plugins/Animation/ControlRig/Content/Controls/ControlRig_Sphere_3mm.ubulk" 592
"../../../Engine/Plugins/Animation/ControlRig/Content/Controls/ControlRig_Sphere_3mm.uasset" 593
"../../../Engine/Plugins/Animation/ControlRig/Content/Controls/ControlRig_Sphere_3mm.uexp" 594
"../../../Engine/Plugins/Animation/ControlRig/Content/Controls/ControlRig_Sphere_1mm.ubulk" 595
"../../../Engine/Plugins/Animation/ControlRig/Content/Controls/ControlRig_Sphere_1mm.uasset" 596
"../../../Engine/Plugins/Animation/ControlRig/Content/Controls/ControlRig_Sphere_1mm.uexp" 597
"../../../Engine/Plugins/Animation/ControlRig/Content/Controls/ControlRig_RoundedTriangle_solid.ubulk" 598
"../../../Engine/Plugins/Animation/ControlRig/Content/Controls/ControlRig_RoundedTriangle_solid.uasset" 599
"../../../Engine/Plugins/Animation/ControlRig/Content/Controls/ControlRig_RoundedTriangle_solid.uexp" 600
"../../../Engine/Plugins/Animation/ControlRig/Content/Controls/ControlRig_RoundedTriangle_3mm.ubulk" 601
"../../../Engine/Plugins/Animation/ControlRig/Content/Controls/ControlRig_RoundedTriangle_3mm.uasset" 602
"../../../Engine/Plugins/Animation/ControlRig/Content/Controls/ControlRig_RoundedTriangle_3mm.uexp" 603
"../../../Engine/Plugins/Animation/ControlRig/Content/Controls/ControlRig_RoundedTriangle_1mm.ubulk" 604
"../../../Engine/Plugins/Animation/ControlRig/Content/Controls/ControlRig_RoundedTriangle_1mm.uasset" 605
"../../../Engine/Plugins/Animation/ControlRig/Content/Controls/ControlRig_RoundedTriangle_1mm.uexp" 606
"../../../Engine/Plugins/Animation/ControlRig/Content/Controls/ControlRig_RoundedSquare_solid.ubulk" 607
"../../../Engine/Plugins/Animation/ControlRig/Content/Controls/ControlRig_RoundedSquare_solid.uasset" 608
"../../../Engine/Plugins/Animation/ControlRig/Content/Controls/ControlRig_RoundedSquare_solid.uexp" 609
"../../../Engine/Plugins/Animation/ControlRig/Content/Controls/ControlRig_RoundedSquare_3mm.ubulk" 610
"../../../Engine/Plugins/Animation/ControlRig/Content/Controls/ControlRig_RoundedSquare_3mm.uasset" 611
"../../../Engine/Plugins/Animation/ControlRig/Content/Controls/ControlRig_RoundedSquare_3mm.uexp" 612
"../../../Engine/Plugins/Animation/ControlRig/Content/Controls/ControlRig_RoundedSquare_1mm.ubulk" 613
"../../../Engine/Plugins/Animation/ControlRig/Content/Controls/ControlRig_RoundedSquare_1mm.uasset" 614
"../../../Engine/Plugins/Animation/ControlRig/Content/Controls/ControlRig_RoundedSquare_1mm.uexp" 615
"../../../Engine/Plugins/Animation/ControlRig/Content/Controls/ControlRig_QuarterCircle_solid.ubulk" 616
"../../../Engine/Plugins/Animation/ControlRig/Content/Controls/ControlRig_QuarterCircle_solid.uasset" 617
"../../../Engine/Plugins/Animation/ControlRig/Content/Controls/ControlRig_QuarterCircle_solid.uexp" 618
"../../../Engine/Plugins/Animation/ControlRig/Content/Controls/ControlRig_QuarterCircle_3mm.ubulk" 619
"../../../Engine/Plugins/Animation/ControlRig/Content/Controls/ControlRig_QuarterCircle_3mm.uasset" 620
"../../../Engine/Plugins/Animation/ControlRig/Content/Controls/ControlRig_QuarterCircle_3mm.uexp" 621
"../../../Engine/Plugins/Animation/ControlRig/Content/Controls/ControlRig_QuarterCircle_1mm.ubulk" 622
"../../../Engine/Plugins/Animation/ControlRig/Content/Controls/ControlRig_QuarterCircle_1mm.uasset" 623
"../../../Engine/Plugins/Animation/ControlRig/Content/Controls/ControlRig_QuarterCircle_1mm.uexp" 624
"../../../Engine/Plugins/Animation/ControlRig/Content/Controls/ControlRig_Pyramid_solid.ubulk" 625
"../../../Engine/Plugins/Animation/ControlRig/Content/Controls/ControlRig_Pyramid_solid.uasset" 626
"../../../Engine/Plugins/Animation/ControlRig/Content/Controls/ControlRig_Pyramid_solid.uexp" 627
"../../../Engine/Plugins/Animation/ControlRig/Content/Controls/ControlRig_Pyramid_3mm.ubulk" 628
"../../../Engine/Plugins/Animation/ControlRig/Content/Controls/ControlRig_Pyramid_3mm.uasset" 629
"../../../Engine/Plugins/Animation/ControlRig/Content/Controls/ControlRig_Pyramid_3mm.uexp" 630
"../../../Engine/Plugins/Animation/ControlRig/Content/Controls/ControlRig_Pyramid_1mm.ubulk" 631
"../../../Engine/Plugins/Animation/ControlRig/Content/Controls/ControlRig_Pyramid_1mm.uasset" 632
"../../../Engine/Plugins/Animation/ControlRig/Content/Controls/ControlRig_Pyramid_1mm.uexp" 633
"../../../Engine/Plugins/Animation/ControlRig/Content/Controls/ControlRig_Octagon_solid.ubulk" 634
"../../../Engine/Plugins/Animation/ControlRig/Content/Controls/ControlRig_Octagon_solid.uasset" 635
"../../../Engine/Plugins/Animation/ControlRig/Content/Controls/ControlRig_Octagon_solid.uexp" 636
"../../../Engine/Plugins/Animation/ControlRig/Content/Controls/ControlRig_Octagon_3mm.ubulk" 637
"../../../Engine/Plugins/Animation/ControlRig/Content/Controls/ControlRig_Octagon_3mm.uasset" 638
"../../../Engine/Plugins/Animation/ControlRig/Content/Controls/ControlRig_Octagon_3mm.uexp" 639
"../../../Engine/Plugins/Animation/ControlRig/Content/Controls/ControlRig_Octagon_1mm.ubulk" 640
"../../../Engine/Plugins/Animation/ControlRig/Content/Controls/ControlRig_Octagon_1mm.uasset" 641
"../../../Engine/Plugins/Animation/ControlRig/Content/Controls/ControlRig_Octagon_1mm.uexp" 642
"../../../Engine/Plugins/Animation/ControlRig/Content/Controls/ControlRig_Hexagon_solid.ubulk" 643
"../../../Engine/Plugins/Animation/ControlRig/Content/Controls/ControlRig_Hexagon_solid.uasset" 644
"../../../Engine/Plugins/Animation/ControlRig/Content/Controls/ControlRig_Hexagon_solid.uexp" 645
"../../../Engine/Plugins/Animation/ControlRig/Content/Controls/ControlRig_Hexagon_3mm.ubulk" 646
"../../../Engine/Plugins/Animation/ControlRig/Content/Controls/ControlRig_Hexagon_3mm.uasset" 647
"../../../Engine/Plugins/Animation/ControlRig/Content/Controls/ControlRig_Hexagon_3mm.uexp" 648
"../../../Engine/Plugins/Animation/ControlRig/Content/Controls/ControlRig_Hexagon_1mm.ubulk" 649
"../../../Engine/Plugins/Animation/ControlRig/Content/Controls/ControlRig_Hexagon_1mm.uasset" 650
"../../../Engine/Plugins/Animation/ControlRig/Content/Controls/ControlRig_Hexagon_1mm.uexp" 651
"../../../Engine/Plugins/Animation/ControlRig/Content/Controls/ControlRig_HalfCircle_solid.ubulk" 652
"../../../Engine/Plugins/Animation/ControlRig/Content/Controls/ControlRig_HalfCircle_solid.uasset" 653
"../../../Engine/Plugins/Animation/ControlRig/Content/Controls/ControlRig_HalfCircle_solid.uexp" 654
"../../../Engine/Plugins/Animation/ControlRig/Content/Controls/ControlRig_HalfCircle_3mm.ubulk" 655
"../../../Engine/Plugins/Animation/ControlRig/Content/Controls/ControlRig_HalfCircle_3mm.uasset" 656
"../../../Engine/Plugins/Animation/ControlRig/Content/Controls/ControlRig_HalfCircle_3mm.uexp" 657
"../../../Engine/Plugins/Animation/ControlRig/Content/Controls/ControlRig_HalfCircle_1mm.ubulk" 658
"../../../Engine/Plugins/Animation/ControlRig/Content/Controls/ControlRig_HalfCircle_1mm.uasset" 659
"../../../Engine/Plugins/Animation/ControlRig/Content/Controls/ControlRig_HalfCircle_1mm.uexp" 660
"../../../Engine/Plugins/Animation/ControlRig/Content/Controls/ControlRig_Diamond_solid.ubulk" 661
"../../../Engine/Plugins/Animation/ControlRig/Content/Controls/ControlRig_Diamond_solid.uasset" 662
"../../../Engine/Plugins/Animation/ControlRig/Content/Controls/ControlRig_Diamond_solid.uexp" 663
"../../../Engine/Plugins/Animation/ControlRig/Content/Controls/ControlRig_Diamond_3mm.ubulk" 664
"../../../Engine/Plugins/Animation/ControlRig/Content/Controls/ControlRig_Diamond_3mm.uasset" 665
"../../../Engine/Plugins/Animation/ControlRig/Content/Controls/ControlRig_Diamond_3mm.uexp" 666
"../../../Engine/Plugins/Animation/ControlRig/Content/Controls/ControlRig_Diamond_1mm.ubulk" 667
"../../../Engine/Plugins/Animation/ControlRig/Content/Controls/ControlRig_Diamond_1mm.uasset" 668
"../../../Engine/Plugins/Animation/ControlRig/Content/Controls/ControlRig_Diamond_1mm.uexp" 669
"../../../Engine/Plugins/Animation/ControlRig/Content/Controls/ControlRig_Circle_solid.ubulk" 670
"../../../Engine/Plugins/Animation/ControlRig/Content/Controls/ControlRig_Circle_solid.uasset" 671
"../../../Engine/Plugins/Animation/ControlRig/Content/Controls/ControlRig_Circle_solid.uexp" 672
"../../../Engine/Plugins/Animation/ControlRig/Content/Controls/ControlRig_Circle_3mm.ubulk" 673
"../../../Engine/Plugins/Animation/ControlRig/Content/Controls/ControlRig_Circle_3mm.uasset" 674
"../../../Engine/Plugins/Animation/ControlRig/Content/Controls/ControlRig_Circle_3mm.uexp" 675
"../../../Engine/Plugins/Animation/ControlRig/Content/Controls/ControlRig_Circle_1mm.ubulk" 676
"../../../Engine/Plugins/Animation/ControlRig/Content/Controls/ControlRig_Circle_1mm.uasset" 677
"../../../Engine/Plugins/Animation/ControlRig/Content/Controls/ControlRig_Circle_1mm.uexp" 678
"../../../Engine/Plugins/Animation/ControlRig/Content/Controls/ControlRig_Box_solid.ubulk" 679
"../../../Engine/Plugins/Animation/ControlRig/Content/Controls/ControlRig_Box_solid.uasset" 680
"../../../Engine/Plugins/Animation/ControlRig/Content/Controls/ControlRig_Box_solid.uexp" 681
"../../../Engine/Plugins/Animation/ControlRig/Content/Controls/ControlRig_Box_3mm.ubulk" 682
"../../../Engine/Plugins/Animation/ControlRig/Content/Controls/ControlRig_Box_3mm.uasset" 683
"../../../Engine/Plugins/Animation/ControlRig/Content/Controls/ControlRig_Box_3mm.uexp" 684
"../../../Engine/Plugins/Animation/ControlRig/Content/Controls/ControlRig_Box_1mm.ubulk" 685
"../../../Engine/Plugins/Animation/ControlRig/Content/Controls/ControlRig_Box_1mm.uasset" 686
"../../../Engine/Plugins/Animation/ControlRig/Content/Controls/ControlRig_Box_1mm.uexp" 687
"../../../Engine/Plugins/Animation/ControlRig/Content/Controls/ControlRig_Arrow_solid.ubulk" 688
"../../../Engine/Plugins/Animation/ControlRig/Content/Controls/ControlRig_Arrow_solid.uasset" 689
"../../../Engine/Plugins/Animation/ControlRig/Content/Controls/ControlRig_Arrow_solid.uexp" 690
"../../../Engine/Plugins/Animation/ControlRig/Content/Controls/ControlRig_Arrow_3mm.ubulk" 691
"../../../Engine/Plugins/Animation/ControlRig/Content/Controls/ControlRig_Arrow_3mm.uasset" 692
"../../../Engine/Plugins/Animation/ControlRig/Content/Controls/ControlRig_Arrow_3mm.uexp" 693
"../../../Engine/Plugins/Animation/ControlRig/Content/Controls/ControlRig_Arrow_1mm.ubulk" 694
"../../../Engine/Plugins/Animation/ControlRig/Content/Controls/ControlRig_Arrow_1mm.uasset" 695
"../../../Engine/Plugins/Animation/ControlRig/Content/Controls/ControlRig_Arrow_1mm.uexp" 696
"../../../Engine/Plugins/Animation/ControlRig/Content/Controls/ControlRig_Arrow4_solid.ubulk" 697
"../../../Engine/Plugins/Animation/ControlRig/Content/Controls/ControlRig_Arrow4_solid.uasset" 698
"../../../Engine/Plugins/Animation/ControlRig/Content/Controls/ControlRig_Arrow4_solid.uexp" 699
"../../../Engine/Plugins/Animation/ControlRig/Content/Controls/ControlRig_Arrow4_3mm.ubulk" 700
"../../../Engine/Plugins/Animation/ControlRig/Content/Controls/ControlRig_Arrow4_3mm.uasset" 701
"../../../Engine/Plugins/Animation/ControlRig/Content/Controls/ControlRig_Arrow4_3mm.uexp" 702
"../../../Engine/Plugins/Animation/ControlRig/Content/Controls/ControlRig_Arrow4_1mm.ubulk" 703
"../../../Engine/Plugins/Animation/ControlRig/Content/Controls/ControlRig_Arrow4_1mm.uasset" 704
"../../../Engine/Plugins/Animation/ControlRig/Content/Controls/ControlRig_Arrow4_1mm.uexp" 705
"../../../Engine/Plugins/Animation/ControlRig/Content/Controls/ControlRig_Arrow2_solid.ubulk" 706
"../../../Engine/Plugins/Animation/ControlRig/Content/Controls/ControlRig_Arrow2_solid.uasset" 707
"../../../Engine/Plugins/Animation/ControlRig/Content/Controls/ControlRig_Arrow2_solid.uexp" 708
"../../../Engine/Plugins/Animation/ControlRig/Content/Controls/ControlRig_Arrow2_3mm.ubulk" 709
"../../../Engine/Plugins/Animation/ControlRig/Content/Controls/ControlRig_Arrow2_3mm.uasset" 710
"../../../Engine/Plugins/Animation/ControlRig/Content/Controls/ControlRig_Arrow2_3mm.uexp" 711
"../../../Engine/Plugins/Animation/ControlRig/Content/Controls/ControlRig_Arrow2_1mm.ubulk" 712
"../../../Engine/Plugins/Animation/ControlRig/Content/Controls/ControlRig_Arrow2_1mm.uasset" 713
"../../../Engine/Plugins/Animation/ControlRig/Content/Controls/ControlRig_Arrow2_1mm.uexp" 714
"../../../Engine/Plugins/Animation/ControlRig/Content/Controls/ControlRigXRayMaterial.uasset" 715
"../../../Engine/Plugins/Animation/ControlRig/Content/Controls/ControlRigXRayMaterial.uexp" 716
"../../../Engine/Plugins/Animation/ControlRig/Content/Controls/ControlRigGizmoMaterial.uasset" 717
"../../../Engine/Plugins/Animation/ControlRig/Content/Controls/ControlRigGizmoMaterial.uexp" 718
"../../../Engine/Plugins/2D/Paper2D/Content/PlaceholderTextures/DummySpriteTexture.ubulk" 719
"../../../Engine/Plugins/2D/Paper2D/Content/PlaceholderTextures/DummySpriteTexture.uasset" 720
"../../../Engine/Plugins/2D/Paper2D/Content/PlaceholderTextures/DummySpriteTexture.uexp" 721
"../../../Engine/Plugins/2D/Paper2D/Content/DefaultSpriteMaterial.uasset" 722
"../../../Engine/Plugins/2D/Paper2D/Content/DefaultSpriteMaterial.uexp" 723
"../../../Engine/Plugins/2D/Paper2D/Content/OpaqueUnlitSpriteMaterial.uasset" 724
"../../../Engine/Plugins/2D/Paper2D/Content/OpaqueUnlitSpriteMaterial.uexp" 725
"../../../Engine/Plugins/2D/Paper2D/Content/MaskedUnlitSpriteMaterial.uasset" 726
"../../../Engine/Plugins/2D/Paper2D/Content/MaskedUnlitSpriteMaterial.uexp" 727
"../../../Engine/Plugins/2D/Paper2D/Content/DummySprite.uasset" 728
"../../../Engine/Plugins/2D/Paper2D/Content/DummySprite.uexp" 729
"../../../Engine/Plugins/2D/Paper2D/Content/DefaultPaperTerrainMaterial.uasset" 730
"../../../Engine/Plugins/2D/Paper2D/Content/DefaultPaperTerrainMaterial.uexp" 731
"../../../Engine/Content/BasicShapes/Cube.ubulk" 732
"../../../Engine/Content/BasicShapes/Cube.uasset" 733
"../../../Engine/Content/BasicShapes/Cube.uexp" 734
"D:/PrivateProject/RunningHorse/Content/Widget/BP_MainWidget.uasset" 735
"D:/PrivateProject/RunningHorse/Content/Widget/BP_MainWidget.uexp" 736
"D:/PrivateProject/RunningHorse/Content/Image/free-icon-trophy-1074653.ubulk" 737
"D:/PrivateProject/RunningHorse/Content/Image/free-icon-trophy-1074653.uasset" 738
"D:/PrivateProject/RunningHorse/Content/Image/free-icon-trophy-1074653.uexp" 739
"D:/PrivateProject/RunningHorse/Content/FColorData.uasset" 740
"D:/PrivateProject/RunningHorse/Content/FColorData.uexp" 741
"D:/PrivateProject/RunningHorse/Content/Widget/BP_RankingWidget.uasset" 742
"D:/PrivateProject/RunningHorse/Content/Widget/BP_RankingWidget.uexp" 743
"../../../Engine/Content/EditorBlueprintResources/StandardMacros.uasset" 744
"../../../Engine/Content/EditorBlueprintResources/StandardMacros.uexp" 745
"D:/PrivateProject/RunningHorse/Content/Widget/BP_ResultWidget.uasset" 746
"D:/PrivateProject/RunningHorse/Content/Widget/BP_ResultWidget.uexp" 747
"D:/PrivateProject/RunningHorse/Content/Blueprints/BP_TzCameraModifier.uasset" 748
"D:/PrivateProject/RunningHorse/Content/Blueprints/BP_TzCameraModifier.uexp" 749
"D:/PrivateProject/RunningHorse/Content/Blueprints/BP_CameraManager.uasset" 750
"D:/PrivateProject/RunningHorse/Content/Blueprints/BP_CameraManager.uexp" 751
"D:/PrivateProject/RunningHorse/Content/Widget/WBP_GameWidget.uasset" 752
"D:/PrivateProject/RunningHorse/Content/Widget/WBP_GameWidget.uexp" 753
"D:/PrivateProject/RunningHorse/Content/Blueprints/BP_PlayerController.uasset" 754
"D:/PrivateProject/RunningHorse/Content/Blueprints/BP_PlayerController.uexp" 755
"D:/PrivateProject/RunningHorse/Content/BP_SlowComponent.uasset" 756
"D:/PrivateProject/RunningHorse/Content/BP_SlowComponent.uexp" 757
"D:/PrivateProject/RunningHorse/Content/DataTable/RunnerCompDataTable.uasset" 758
"D:/PrivateProject/RunningHorse/Content/DataTable/RunnerCompDataTable.uexp" 759
"../../../Engine/Content/BasicShapes/Plane.ubulk" 760
"../../../Engine/Content/BasicShapes/Plane.uasset" 761
"../../../Engine/Content/BasicShapes/Plane.uexp" 762
"D:/PrivateProject/RunningHorse/Content/Widget/WBP_RunnerLine.uasset" 763
"D:/PrivateProject/RunningHorse/Content/Widget/WBP_RunnerLine.uexp" 764
"D:/PrivateProject/RunningHorse/Content/Migrated/T_Bot_M_R_AO.ubulk" 765
"D:/PrivateProject/RunningHorse/Content/Migrated/T_Bot_M_R_AO.uasset" 766
"D:/PrivateProject/RunningHorse/Content/Migrated/T_Bot_M_R_AO.uexp" 767
"../../../Engine/Content/EngineMaterials/BlendFunc_DefBlend.uasset" 768
"../../../Engine/Content/EngineMaterials/BlendFunc_DefBlend.uexp" 769
"../../../Engine/Content/EngineMaterials/BlendFunc_DefBase.uasset" 770
"../../../Engine/Content/EngineMaterials/BlendFunc_DefBase.uexp" 771
"../../../Engine/Content/Functions/Engine_MaterialFunctions03/Blends/Blend_Overlay.uasset" 772
"../../../Engine/Content/Functions/Engine_MaterialFunctions03/Blends/Blend_Overlay.uexp" 773
"D:/PrivateProject/RunningHorse/Content/Migrated/MF_SpawnEffect.uasset" 774
"D:/PrivateProject/RunningHorse/Content/Migrated/MF_SpawnEffect.uexp" 775
"D:/PrivateProject/RunningHorse/Content/Migrated/T_Bot_Normal.ubulk" 776
"D:/PrivateProject/RunningHorse/Content/Migrated/T_Bot_Normal.uasset" 777
"D:/PrivateProject/RunningHorse/Content/Migrated/T_Bot_Normal.uexp" 778
"D:/PrivateProject/RunningHorse/Content/Migrated/T_Bot_Albedo.ubulk" 779
"D:/PrivateProject/RunningHorse/Content/Migrated/T_Bot_Albedo.uasset" 780
"D:/PrivateProject/RunningHorse/Content/Migrated/T_Bot_Albedo.uexp" 781
"D:/PrivateProject/RunningHorse/Content/Migrated/T_Bot_Masks.ubulk" 782
"D:/PrivateProject/RunningHorse/Content/Migrated/T_Bot_Masks.uasset" 783
"D:/PrivateProject/RunningHorse/Content/Migrated/T_Bot_Masks.uexp" 784
"../../../Engine/Content/Functions/Engine_MaterialFunctions02/HueShift.uasset" 785
"../../../Engine/Content/Functions/Engine_MaterialFunctions02/HueShift.uexp" 786
"D:/PrivateProject/RunningHorse/Content/Migrated/M_BotBase.uasset" 787
"D:/PrivateProject/RunningHorse/Content/Migrated/M_BotBase.uexp" 788
"D:/PrivateProject/RunningHorse/Content/Migrated/M_BotBase_Inst.uasset" 789
"D:/PrivateProject/RunningHorse/Content/Migrated/M_BotBase_Inst.uexp" 790
"../../../Engine/Content/EngineMeshes/Humanoid.uasset" 791
"../../../Engine/Content/EngineMeshes/Humanoid.uexp" 792
"D:/PrivateProject/RunningHorse/Content/Migrated/SK_Bot.uasset" 793
"D:/PrivateProject/RunningHorse/Content/Migrated/SK_Bot.uexp" 794
"../../../Engine/Content/Animation/DefaultAnimCurveCompressionSettings.uasset" 795
"../../../Engine/Content/Animation/DefaultAnimCurveCompressionSettings.uexp" 796
"../../../Engine/Content/Animation/DefaultAnimBoneCompressionSettings.uasset" 797
"../../../Engine/Content/Animation/DefaultAnimBoneCompressionSettings.uexp" 798
"D:/PrivateProject/RunningHorse/Content/Character/Animations/A_Bot_RunJump.uasset" 799
"D:/PrivateProject/RunningHorse/Content/Character/Animations/A_Bot_RunJump.uexp" 800
"D:/PrivateProject/RunningHorse/Content/Character/Animations/A_Bot_IdleJump.uasset" 801
"D:/PrivateProject/RunningHorse/Content/Character/Animations/A_Bot_IdleJump.uexp" 802
"D:/PrivateProject/RunningHorse/Content/Migrated/BS_Bot_RunIdleJump.uasset" 803
"D:/PrivateProject/RunningHorse/Content/Migrated/BS_Bot_RunIdleJump.uexp" 804
"D:/PrivateProject/RunningHorse/Content/Character/Animations/A_Bot_Run_LeanLeft.uasset" 805
"D:/PrivateProject/RunningHorse/Content/Character/Animations/A_Bot_Run_LeanLeft.uexp" 806
"D:/PrivateProject/RunningHorse/Content/Character/Animations/A_Bot_Run_LeanRight.uasset" 807
"D:/PrivateProject/RunningHorse/Content/Character/Animations/A_Bot_Run_LeanRight.uexp" 808
"D:/PrivateProject/RunningHorse/Content/Character/Animations/A_Bot_Walk.uasset" 809
"D:/PrivateProject/RunningHorse/Content/Character/Animations/A_Bot_Walk.uexp" 810
"D:/PrivateProject/RunningHorse/Content/Character/Animations/A_Bot_Run.uasset" 811
"D:/PrivateProject/RunningHorse/Content/Character/Animations/A_Bot_Run.uexp" 812
"D:/PrivateProject/RunningHorse/Content/Migrated/BS_Bot_WalkRunLean.uasset" 813
"D:/PrivateProject/RunningHorse/Content/Migrated/BS_Bot_WalkRunLean.uexp" 814
"D:/PrivateProject/RunningHorse/Content/Character/Animations/A_Bot_Hover_Loop.uasset" 815
"D:/PrivateProject/RunningHorse/Content/Character/Animations/A_Bot_Hover_Loop.uexp" 816
"D:/PrivateProject/RunningHorse/Content/Character/Animations/A_Bot_Idle_Inactive.uasset" 817
"D:/PrivateProject/RunningHorse/Content/Character/Animations/A_Bot_Idle_Inactive.uexp" 818
"D:/PrivateProject/RunningHorse/Content/Character/Animations/A_Bot_Hover_Start.uasset" 819
"D:/PrivateProject/RunningHorse/Content/Character/Animations/A_Bot_Hover_Start.uexp" 820
"D:/PrivateProject/RunningHorse/Content/Character/Animations/A_Bot_LandIdle.uasset" 821
"D:/PrivateProject/RunningHorse/Content/Character/Animations/A_Bot_LandIdle.uexp" 822
"D:/PrivateProject/RunningHorse/Content/Character/Animations/A_Bot_Idle.uasset" 823
"D:/PrivateProject/RunningHorse/Content/Character/Animations/A_Bot_Idle.uexp" 824
"D:/PrivateProject/RunningHorse/Content/Character/Animations/A_Bot_Hover_End.uasset" 825
"D:/PrivateProject/RunningHorse/Content/Character/Animations/A_Bot_Hover_End.uexp" 826
"D:/PrivateProject/RunningHorse/Content/Character/Animations/A_Bot_LandRun.uasset" 827
"D:/PrivateProject/RunningHorse/Content/Character/Animations/A_Bot_LandRun.uexp" 828
"D:/PrivateProject/RunningHorse/Content/Character/Animations/A_Bot_Fall.uasset" 829
"D:/PrivateProject/RunningHorse/Content/Character/Animations/A_Bot_Fall.uexp" 830
"D:/PrivateProject/RunningHorse/Content/Character/Animations/ABP_Bot.uasset" 831
"D:/PrivateProject/RunningHorse/Content/Character/Animations/ABP_Bot.uexp" 832
"../../../Engine/Content/BasicShapes/BasicShapeMaterial.uasset" 833
"../../../Engine/Content/BasicShapes/BasicShapeMaterial.uexp" 834
"../../../Engine/Content/Functions/Engine_MaterialFunctions02/ExampleContent/DebugNumberStrip.uasset" 835
"../../../Engine/Content/Functions/Engine_MaterialFunctions02/ExampleContent/DebugNumberStrip.uexp" 836
"../../../Engine/Content/Functions/Engine_MaterialFunctions01/Texturing/ComputeMipLevel.uasset" 837
"../../../Engine/Content/Functions/Engine_MaterialFunctions01/Texturing/ComputeMipLevel.uexp" 838
"../../../Engine/Content/Functions/Engine_MaterialFunctions01/Texturing/TextureCropping.uasset" 839
"../../../Engine/Content/Functions/Engine_MaterialFunctions01/Texturing/TextureCropping.uexp" 840
"../../../Engine/Content/Functions/Engine_MaterialFunctions02/ExampleContent/Textures/DebugNumberPeriod.uasset" 841
"../../../Engine/Content/Functions/Engine_MaterialFunctions02/ExampleContent/Textures/DebugNumberPeriod.uexp" 842
"../../../Engine/Content/Functions/Engine_MaterialFunctions02/Utility/DebugScalarValues.uasset" 843
"../../../Engine/Content/Functions/Engine_MaterialFunctions02/Utility/DebugScalarValues.uexp" 844
"../../../Engine/Content/Functions/Engine_MaterialFunctions02/Utility/DebugFloat2Values.uasset" 845
"../../../Engine/Content/Functions/Engine_MaterialFunctions02/Utility/DebugFloat2Values.uexp" 846
"../../../Engine/Content/Functions/Engine_MaterialFunctions02/ExampleContent/Textures/flipbook.ubulk" 847
"../../../Engine/Content/Functions/Engine_MaterialFunctions02/ExampleContent/Textures/flipbook.uasset" 848
"../../../Engine/Content/Functions/Engine_MaterialFunctions02/ExampleContent/Textures/flipbook.uexp" 849
"../../../Engine/Content/Functions/Engine_MaterialFunctions02/Texturing/FlipBook.uasset" 850
"../../../Engine/Content/Functions/Engine_MaterialFunctions02/Texturing/FlipBook.uexp" 851
"D:/PrivateProject/RunningHorse/Content/Migrated/T_Eyes_Atlas.uasset" 852
"D:/PrivateProject/RunningHorse/Content/Migrated/T_Eyes_Atlas.uexp" 853
"D:/PrivateProject/RunningHorse/Content/Migrated/T_Bot_FaceBG.ubulk" 854
"D:/PrivateProject/RunningHorse/Content/Migrated/T_Bot_FaceBG.uasset" 855
"D:/PrivateProject/RunningHorse/Content/Migrated/T_Bot_FaceBG.uexp" 856
"D:/PrivateProject/RunningHorse/Content/Migrated/M_BotFace.uasset" 857
"D:/PrivateProject/RunningHorse/Content/Migrated/M_BotFace.uexp" 858
"D:/PrivateProject/RunningHorse/Content/Migrated/MI_BotFace.uasset" 859
"D:/PrivateProject/RunningHorse/Content/Migrated/MI_BotFace.uexp" 860
"D:/PrivateProject/RunningHorse/Content/Migrated/PhA_Bot.uasset" 861
"D:/PrivateProject/RunningHorse/Content/Migrated/PhA_Bot.uexp" 862
"D:/PrivateProject/RunningHorse/Content/Migrated/SKM_Bot.uasset" 863
"D:/PrivateProject/RunningHorse/Content/Migrated/SKM_Bot.uexp" 864
"D:/PrivateProject/RunningHorse/Content/Blueprints/BP_Runner.uasset" 865
"D:/PrivateProject/RunningHorse/Content/Blueprints/BP_Runner.uexp" 866
"D:/PrivateProject/RunningHorse/Content/Megascans/Surfaces/Fine_American_Road_sjfnbeaa/T_FineAmericanRoad_sjfnbeaa_2K_ORDp.ubulk" 867
"D:/PrivateProject/RunningHorse/Content/Megascans/Surfaces/Fine_American_Road_sjfnbeaa/T_FineAmericanRoad_sjfnbeaa_2K_ORDp.uasset" 868
"D:/PrivateProject/RunningHorse/Content/Megascans/Surfaces/Fine_American_Road_sjfnbeaa/T_FineAmericanRoad_sjfnbeaa_2K_ORDp.uexp" 869
"../../../Engine/Plugins/Bridge/Content/MSPresets/MSTextures/Placeholder_Normal.uasset" 870
"../../../Engine/Plugins/Bridge/Content/MSPresets/MSTextures/Placeholder_Normal.uexp" 871
"../../../Engine/Plugins/Bridge/Content/MSPresets/MSTextures/WhitePlaceholder.uasset" 872
"../../../Engine/Plugins/Bridge/Content/MSPresets/MSTextures/WhitePlaceholder.uexp" 873
"../../../Engine/Content/EngineResources/Black.uasset" 874
"../../../Engine/Content/EngineResources/Black.uexp" 875
"../../../Engine/Plugins/Bridge/Content/MSPresets/M_MS_Default_Material/Functions/MF_Transmission.uasset" 876
"../../../Engine/Plugins/Bridge/Content/MSPresets/M_MS_Default_Material/Functions/MF_Transmission.uexp" 877
"../../../Engine/Plugins/Bridge/Content/MSPresets/M_MS_Default_Material/Functions/MF_MapAdjustments.uasset" 878
"../../../Engine/Plugins/Bridge/Content/MSPresets/M_MS_Default_Material/Functions/MF_MapAdjustments.uexp" 879
"../../../Engine/Plugins/Bridge/Content/MSPresets/M_MS_Default_Material/Functions/MF_Tiling.uasset" 880
"../../../Engine/Plugins/Bridge/Content/MSPresets/M_MS_Default_Material/Functions/MF_Tiling.uexp" 881
"../../../Engine/Plugins/Bridge/Content/MSPresets/MSTextures/BlackPlaceholder.uasset" 882
"../../../Engine/Plugins/Bridge/Content/MSPresets/MSTextures/BlackPlaceholder.uexp" 883
"D:/PrivateProject/RunningHorse/Content/MSPresets/M_MS_Surface_Material/M_MS_Surface_Material.uasset" 884
"D:/PrivateProject/RunningHorse/Content/MSPresets/M_MS_Surface_Material/M_MS_Surface_Material.uexp" 885
"D:/PrivateProject/RunningHorse/Content/Megascans/Surfaces/Fine_American_Road_sjfnbeaa/T_Fine_American_Road_sjfnbeaa_2K_D.ubulk" 886
"D:/PrivateProject/RunningHorse/Content/Megascans/Surfaces/Fine_American_Road_sjfnbeaa/T_Fine_American_Road_sjfnbeaa_2K_D.uasset" 887
"D:/PrivateProject/RunningHorse/Content/Megascans/Surfaces/Fine_American_Road_sjfnbeaa/T_Fine_American_Road_sjfnbeaa_2K_D.uexp" 888
"D:/PrivateProject/RunningHorse/Content/Megascans/Surfaces/Fine_American_Road_sjfnbeaa/T_Fine_American_Road_sjfnbeaa_2K_N.ubulk" 889
"D:/PrivateProject/RunningHorse/Content/Megascans/Surfaces/Fine_American_Road_sjfnbeaa/T_Fine_American_Road_sjfnbeaa_2K_N.uasset" 890
"D:/PrivateProject/RunningHorse/Content/Megascans/Surfaces/Fine_American_Road_sjfnbeaa/T_Fine_American_Road_sjfnbeaa_2K_N.uexp" 891
"D:/PrivateProject/RunningHorse/Content/Megascans/Surfaces/Fine_American_Road_sjfnbeaa/MI_Fine_American_Road_sjfnbeaa_2K.uasset" 892
"D:/PrivateProject/RunningHorse/Content/Megascans/Surfaces/Fine_American_Road_sjfnbeaa/MI_Fine_American_Road_sjfnbeaa_2K.uexp" 893
"D:/PrivateProject/RunningHorse/Content/Blueprints/BP_TzLane.uasset" 894
"D:/PrivateProject/RunningHorse/Content/Blueprints/BP_TzLane.uexp" 895
"D:/PrivateProject/RunningHorse/Content/Blueprints/BP_RunnerGameMode.uasset" 896
"D:/PrivateProject/RunningHorse/Content/Blueprints/BP_RunnerGameMode.uexp" 897
"../../../Engine/Content/EngineSky/T_Sky_Stars.ubulk" 898
"../../../Engine/Content/EngineSky/T_Sky_Stars.uasset" 899
"../../../Engine/Content/EngineSky/T_Sky_Stars.uexp" 900
"../../../Engine/Content/EngineSky/T_Sky_Clouds_M.ubulk" 901
"../../../Engine/Content/EngineSky/T_Sky_Clouds_M.uasset" 902
"../../../Engine/Content/EngineSky/T_Sky_Clouds_M.uexp" 903
"../../../Engine/Content/EngineSky/T_Sky_Blue.ubulk" 904
"../../../Engine/Content/EngineSky/T_Sky_Blue.uasset" 905
"../../../Engine/Content/EngineSky/T_Sky_Blue.uexp" 906
"../../../Engine/Content/EngineSky/M_Sky_Panning_Clouds2.uasset" 907
"../../../Engine/Content/EngineSky/M_Sky_Panning_Clouds2.uexp" 908
"../../../Engine/Content/EngineSky/SM_SkySphere.ubulk" 909
"../../../Engine/Content/EngineSky/SM_SkySphere.uasset" 910
"../../../Engine/Content/EngineSky/SM_SkySphere.uexp" 911
"D:/PrivateProject/RunningHorse/Content/Blueprints/BP_LanePlace.uasset" 912
"D:/PrivateProject/RunningHorse/Content/Blueprints/BP_LanePlace.uexp" 913
"../../../Engine/Content/MapTemplates/SM_Template_Map_Floor.ubulk" 914
"../../../Engine/Content/MapTemplates/SM_Template_Map_Floor.uasset" 915
"../../../Engine/Content/MapTemplates/SM_Template_Map_Floor.uexp" 916
"D:/PrivateProject/RunningHorse/Content/Megascans/Surfaces/Cracked_Asphalt_sivodcfa/T_Cracked_Asphalt_sivodcfa_2K_D.ubulk" 917
"D:/PrivateProject/RunningHorse/Content/Megascans/Surfaces/Cracked_Asphalt_sivodcfa/T_Cracked_Asphalt_sivodcfa_2K_D.uasset" 918
"D:/PrivateProject/RunningHorse/Content/Megascans/Surfaces/Cracked_Asphalt_sivodcfa/T_Cracked_Asphalt_sivodcfa_2K_D.uexp" 919
"D:/PrivateProject/RunningHorse/Content/Megascans/Surfaces/Cracked_Asphalt_sivodcfa/T_CrackedAsphalt_sivodcfa_2K_ORDp.ubulk" 920
"D:/PrivateProject/RunningHorse/Content/Megascans/Surfaces/Cracked_Asphalt_sivodcfa/T_CrackedAsphalt_sivodcfa_2K_ORDp.uasset" 921
"D:/PrivateProject/RunningHorse/Content/Megascans/Surfaces/Cracked_Asphalt_sivodcfa/T_CrackedAsphalt_sivodcfa_2K_ORDp.uexp" 922
"D:/PrivateProject/RunningHorse/Content/Megascans/Surfaces/Cracked_Asphalt_sivodcfa/T_Cracked_Asphalt_sivodcfa_2K_N.ubulk" 923
"D:/PrivateProject/RunningHorse/Content/Megascans/Surfaces/Cracked_Asphalt_sivodcfa/T_Cracked_Asphalt_sivodcfa_2K_N.uasset" 924
"D:/PrivateProject/RunningHorse/Content/Megascans/Surfaces/Cracked_Asphalt_sivodcfa/T_Cracked_Asphalt_sivodcfa_2K_N.uexp" 925
"D:/PrivateProject/RunningHorse/Content/Megascans/Surfaces/Cracked_Asphalt_sivodcfa/MI_Cracked_Asphalt_sivodcfa_2K.uasset" 926
"D:/PrivateProject/RunningHorse/Content/Megascans/Surfaces/Cracked_Asphalt_sivodcfa/MI_Cracked_Asphalt_sivodcfa_2K.uexp" 927
"D:/PrivateProject/RunningHorse/Content/Shader/Functions/MF_GetKernel.uasset" 928
"D:/PrivateProject/RunningHorse/Content/Shader/Functions/MF_GetKernel.uexp" 929
"D:/PrivateProject/RunningHorse/Content/Shader/Functions/MF_CustomBuffer.uasset" 930
"D:/PrivateProject/RunningHorse/Content/Shader/Functions/MF_CustomBuffer.uexp" 931
"D:/PrivateProject/RunningHorse/Content/Shader/Functions/MF_DetectEdges_Depth.uasset" 932
"D:/PrivateProject/RunningHorse/Content/Shader/Functions/MF_DetectEdges_Depth.uexp" 933
"D:/PrivateProject/RunningHorse/Content/Shader/Functions/MF_ThicknessModulation.uasset" 934
"D:/PrivateProject/RunningHorse/Content/Shader/Functions/MF_ThicknessModulation.uexp" 935
"D:/PrivateProject/RunningHorse/Content/Shader/Functions/MF_UnderScore.uasset" 936
"D:/PrivateProject/RunningHorse/Content/Shader/Functions/MF_UnderScore.uexp" 937
"D:/PrivateProject/RunningHorse/Content/Shader/Functions/MF_GetStencilBasedColor.uasset" 938
"D:/PrivateProject/RunningHorse/Content/Shader/Functions/MF_GetStencilBasedColor.uexp" 939
"D:/PrivateProject/RunningHorse/Content/Shader/Functions/MF_DetectEdges_Normal.uasset" 940
"D:/PrivateProject/RunningHorse/Content/Shader/Functions/MF_DetectEdges_Normal.uexp" 941
"D:/PrivateProject/RunningHorse/Content/Shader/Functions/MF_Mask_Depth.uasset" 942
"D:/PrivateProject/RunningHorse/Content/Shader/Functions/MF_Mask_Depth.uexp" 943
"D:/PrivateProject/RunningHorse/Content/Shader/Functions/MF_DTM_GrazingAngle.uasset" 944
"D:/PrivateProject/RunningHorse/Content/Shader/Functions/MF_DTM_GrazingAngle.uexp" 945
"D:/PrivateProject/RunningHorse/Content/Shader/PP_OulineShader.uasset" 946
"D:/PrivateProject/RunningHorse/Content/Shader/PP_OulineShader.uexp" 947
"D:/PrivateProject/RunningHorse/Content/Shader/PPI_OutlineShader.uasset" 948
"D:/PrivateProject/RunningHorse/Content/Shader/PPI_OutlineShader.uexp" 949
"D:/PrivateProject/RunningHorse/Content/Megascans/Surfaces/Rough_Brick_Wall_th0kejuaw/T_Rough_Brick_Wall_th0kejuaw_2K_D.ubulk" 950
"D:/PrivateProject/RunningHorse/Content/Megascans/Surfaces/Rough_Brick_Wall_th0kejuaw/T_Rough_Brick_Wall_th0kejuaw_2K_D.uasset" 951
"D:/PrivateProject/RunningHorse/Content/Megascans/Surfaces/Rough_Brick_Wall_th0kejuaw/T_Rough_Brick_Wall_th0kejuaw_2K_D.uexp" 952
"D:/PrivateProject/RunningHorse/Content/Megascans/Surfaces/Rough_Brick_Wall_th0kejuaw/T_RoughBrickWall_th0kejuaw_2K_ORDp.ubulk" 953
"D:/PrivateProject/RunningHorse/Content/Megascans/Surfaces/Rough_Brick_Wall_th0kejuaw/T_RoughBrickWall_th0kejuaw_2K_ORDp.uasset" 954
"D:/PrivateProject/RunningHorse/Content/Megascans/Surfaces/Rough_Brick_Wall_th0kejuaw/T_RoughBrickWall_th0kejuaw_2K_ORDp.uexp" 955
"D:/PrivateProject/RunningHorse/Content/Megascans/Surfaces/Rough_Brick_Wall_th0kejuaw/T_Rough_Brick_Wall_th0kejuaw_2K_N.ubulk" 956
"D:/PrivateProject/RunningHorse/Content/Megascans/Surfaces/Rough_Brick_Wall_th0kejuaw/T_Rough_Brick_Wall_th0kejuaw_2K_N.uasset" 957
"D:/PrivateProject/RunningHorse/Content/Megascans/Surfaces/Rough_Brick_Wall_th0kejuaw/T_Rough_Brick_Wall_th0kejuaw_2K_N.uexp" 958
"D:/PrivateProject/RunningHorse/Content/Megascans/Surfaces/Rough_Brick_Wall_th0kejuaw/MI_Rough_Brick_Wall_th0kejuaw_2K.uasset" 959
"D:/PrivateProject/RunningHorse/Content/Megascans/Surfaces/Rough_Brick_Wall_th0kejuaw/MI_Rough_Brick_Wall_th0kejuaw_2K.uexp" 960
"D:/PrivateProject/RunningHorse/Content/Game_BuiltData.ubulk" 961
"D:/PrivateProject/RunningHorse/Content/Game_BuiltData.uasset" 962
"D:/PrivateProject/RunningHorse/Content/Game_BuiltData.uexp" 963
"D:/PrivateProject/RunningHorse/Content/Shader/ToonShader/PP_ToonShader.uasset" 964
"D:/PrivateProject/RunningHorse/Content/Shader/ToonShader/PP_ToonShader.uexp" 965
"D:/PrivateProject/RunningHorse/Content/Shader/ToonShader/PPI_ToonShader.uasset" 966
"D:/PrivateProject/RunningHorse/Content/Shader/ToonShader/PPI_ToonShader.uexp" 967
"../../../Engine/Content/EngineSky/M_SimpleSkyDome.uasset" 968
"../../../Engine/Content/EngineSky/M_SimpleSkyDome.uexp" 969
"D:/PrivateProject/RunningHorse/Content/Blueprints/BP_CameraActor.uasset" 970
"D:/PrivateProject/RunningHorse/Content/Blueprints/BP_CameraActor.uexp" 971
"D:/PrivateProject/RunningHorse/Content/_GENERATED/Tazo/Box_92FC8BBE.ubulk" 972
"D:/PrivateProject/RunningHorse/Content/_GENERATED/Tazo/Box_92FC8BBE.uasset" 973
"D:/PrivateProject/RunningHorse/Content/_GENERATED/Tazo/Box_92FC8BBE.uexp" 974
"D:/PrivateProject/RunningHorse/Content/Game.uexp" 975
"D:/PrivateProject/RunningHorse/Content/Game.umap" 976
"../../../Engine/Content/Maps/Entry_BuiltData.uasset" 977
"../../../Engine/Content/Maps/Entry_BuiltData.uexp" 978
"../../../Engine/Content/Maps/Entry.uexp" 979
"../../../Engine/Content/Maps/Entry.umap" 980
