"../../../Engine/Content/EditorResources/S_Actor.ubulk" 0
"../../../Engine/Content/EditorResources/S_Actor.uasset" 1
"../../../Engine/Content/EditorResources/S_Actor.uexp" 2
"../../../Engine/Content/EditorResources/S_BoxReflectionCapture.uasset" 3
"../../../Engine/Content/EditorResources/S_BoxReflectionCapture.uexp" 4
"../../../Engine/Content/EngineResources/DefaultTexture.ubulk" 5
"../../../Engine/Content/EngineResources/DefaultTexture.uasset" 6
"../../../Engine/Content/EngineResources/DefaultTexture.uexp" 7
"../../../Engine/Content/EngineResources/DefaultTextureCube.uasset" 8
"../../../Engine/Content/EngineResources/DefaultTextureCube.uexp" 9
"../../../Engine/Content/EngineResources/DefaultVolumeTexture2D.uasset" 10
"../../../Engine/Content/EngineResources/DefaultVolumeTexture2D.uexp" 11
"../../../Engine/Content/EngineResources/DefaultVolumeTexture.uasset" 12
"../../../Engine/Content/EngineResources/DefaultVolumeTexture.uexp" 13
"../../../Engine/Content/EditorResources/S_Trigger.ubulk" 14
"../../../Engine/Content/EditorResources/S_Trigger.uasset" 15
"../../../Engine/Content/EditorResources/S_Trigger.uexp" 16
"../../../Engine/Content/EditorResources/S_TriggerBox.uasset" 17
"../../../Engine/Content/EditorResources/S_TriggerBox.uexp" 18
"../../../Engine/Content/EditorResources/S_TriggerCapsule.uasset" 19
"../../../Engine/Content/EditorResources/S_TriggerCapsule.uexp" 20
"../../../Engine/Content/EditorResources/S_TriggerSphere.uasset" 21
"../../../Engine/Content/EditorResources/S_TriggerSphere.uexp" 22
"../../../Engine/Content/EngineMeshes/Sphere.uasset" 23
"../../../Engine/Content/EngineMeshes/Sphere.uexp" 24
"../../../Engine/Content/EngineResources/GradientTexture0.uasset" 25
"../../../Engine/Content/EngineResources/GradientTexture0.uexp" 26
"../../../Engine/Content/EngineResources/Black.uasset" 27
"../../../Engine/Content/EngineResources/Black.uexp" 28
"../../../Engine/Content/VREditor/LaserPointer/VR_LaserPower_01.ubulk" 29
"../../../Engine/Content/VREditor/LaserPointer/VR_LaserPower_01.uasset" 30
"../../../Engine/Content/VREditor/LaserPointer/VR_LaserPower_01.uexp" 31
"../../../Engine/Content/VREditor/TransformGizmo/TransformGizmoMaterial.uasset" 32
"../../../Engine/Content/VREditor/TransformGizmo/TransformGizmoMaterial.uexp" 33
"../../../Engine/Content/VREditor/TransformGizmo/TranslucentTransformGizmoMaterial.uasset" 34
"../../../Engine/Content/VREditor/TransformGizmo/TranslucentTransformGizmoMaterial.uexp" 35
"../../../Engine/Content/VREditor/TransformGizmo/PlaneTranslationHandle.uasset" 36
"../../../Engine/Content/VREditor/TransformGizmo/PlaneTranslationHandle.uexp" 37
"../../../Engine/Content/VREditor/TransformGizmo/BoundingBoxCorner.uasset" 38
"../../../Engine/Content/VREditor/TransformGizmo/BoundingBoxCorner.uexp" 39
"../../../Engine/Content/VREditor/TransformGizmo/BoundingBoxEdge.uasset" 40
"../../../Engine/Content/VREditor/TransformGizmo/BoundingBoxEdge.uexp" 41
"../../../Engine/Content/VREditor/TransformGizmo/Main.uasset" 42
"../../../Engine/Content/VREditor/TransformGizmo/Main.uexp" 43
"../../../Engine/Content/VREditor/TransformGizmo/Xray.uasset" 44
"../../../Engine/Content/VREditor/TransformGizmo/Xray.uexp" 45
"../../../Engine/Content/VREditor/TransformGizmo/SM_Sequencer_Node.uasset" 46
"../../../Engine/Content/VREditor/TransformGizmo/SM_Sequencer_Node.uexp" 47
"../../../Engine/Content/EditorMaterials/Camera/CineMat.uasset" 48
"../../../Engine/Content/EditorMaterials/Camera/CineMat.uexp" 49
"../../../Engine/Content/EditorMaterials/Camera/MI_CineMat_Rig.uasset" 50
"../../../Engine/Content/EditorMaterials/Camera/MI_CineMat_Rig.uexp" 51
"../../../Engine/Content/EditorMeshes/Camera/SM_CraneRig_Base.uasset" 52
"../../../Engine/Content/EditorMeshes/Camera/SM_CraneRig_Base.uexp" 53
"../../../Engine/Content/EditorMeshes/Camera/SM_CraneRig_Arm.uasset" 54
"../../../Engine/Content/EditorMeshes/Camera/SM_CraneRig_Arm.uexp" 55
"../../../Engine/Content/EditorMeshes/Camera/SM_CraneRig_Mount.uasset" 56
"../../../Engine/Content/EditorMeshes/Camera/SM_CraneRig_Mount.uexp" 57
"../../../Engine/Content/EditorMeshes/Camera/SM_CraneRig_Body.uasset" 58
"../../../Engine/Content/EditorMeshes/Camera/SM_CraneRig_Body.uexp" 59
"../../../Engine/Content/EditorMeshes/Camera/SM_RailRig_Track.uasset" 60
"../../../Engine/Content/EditorMeshes/Camera/SM_RailRig_Track.uexp" 61
"../../../Engine/Content/EditorMeshes/Camera/SM_RailRig_Mount.uasset" 62
"../../../Engine/Content/EditorMeshes/Camera/SM_RailRig_Mount.uexp" 63
"../../../Engine/Content/EngineMaterials/T_Default_Material_Grid_M.ubulk" 64
"../../../Engine/Content/EngineMaterials/T_Default_Material_Grid_M.uasset" 65
"../../../Engine/Content/EngineMaterials/T_Default_Material_Grid_M.uexp" 66
"../../../Engine/Content/EngineMaterials/T_Default_Material_Grid_N.ubulk" 67
"../../../Engine/Content/EngineMaterials/T_Default_Material_Grid_N.uasset" 68
"../../../Engine/Content/EngineMaterials/T_Default_Material_Grid_N.uexp" 69
"../../../Engine/Content/Functions/Engine_MaterialFunctions01/Opacity/CameraDepthFade.uasset" 70
"../../../Engine/Content/Functions/Engine_MaterialFunctions01/Opacity/CameraDepthFade.uexp" 71
"../../../Engine/Content/EngineMaterials/WorldGridMaterial.uasset" 72
"../../../Engine/Content/EngineMaterials/WorldGridMaterial.uexp" 73
"../../../Engine/Content/ArtTools/RenderToTexture/Meshes/S_1_Unit_Plane.uasset" 74
"../../../Engine/Content/ArtTools/RenderToTexture/Meshes/S_1_Unit_Plane.uexp" 75
"../../../Engine/Content/EditorMaterials/ParticleSystems/PSysThumbnail_NoImage.ubulk" 76
"../../../Engine/Content/EditorMaterials/ParticleSystems/PSysThumbnail_NoImage.uasset" 77
"../../../Engine/Content/EditorMaterials/ParticleSystems/PSysThumbnail_NoImage.uexp" 78
"../../../Engine/Content/EditorMaterials/ParticleSystems/PSysThumbnail_OOD.ubulk" 79
"../../../Engine/Content/EditorMaterials/ParticleSystems/PSysThumbnail_OOD.uasset" 80
"../../../Engine/Content/EditorMaterials/ParticleSystems/PSysThumbnail_OOD.uexp" 81
"../../../Engine/Content/EditorLandscapeResources/SplineEditorMeshMat.uasset" 82
"../../../Engine/Content/EditorLandscapeResources/SplineEditorMeshMat.uexp" 83
"../../../Engine/Content/EditorLandscapeResources/SplineEditorMesh.uasset" 84
"../../../Engine/Content/EditorLandscapeResources/SplineEditorMesh.uexp" 85
"../../../Engine/Content/EditorResources/S_Solver.ubulk" 86
"../../../Engine/Content/EditorResources/S_Solver.uasset" 87
"../../../Engine/Content/EditorResources/S_Solver.uexp" 88
"../../../Engine/Plugins/Media/MediaPlate/Content/SM_MediaPlateScreen.uasset" 89
"../../../Engine/Plugins/Media/MediaPlate/Content/SM_MediaPlateScreen.uexp" 90
"../../../Engine/Content/EngineMaterials/Good64x64TilingNoiseHighFreq.uasset" 91
"../../../Engine/Content/EngineMaterials/Good64x64TilingNoiseHighFreq.uexp" 92
"../../../Engine/Content/EngineMaterials/DefaultBokeh.uasset" 93
"../../../Engine/Content/EngineMaterials/DefaultBokeh.uexp" 94
"../../../Engine/Content/EngineMaterials/PreintegratedSkinBRDF.uasset" 95
"../../../Engine/Content/EngineMaterials/PreintegratedSkinBRDF.uexp" 96
"../../../Engine/Content/EngineMaterials/MiniFont.uasset" 97
"../../../Engine/Content/EngineMaterials/MiniFont.uexp" 98
"../../../Engine/Content/EngineMaterials/WeightMapPlaceholderTexture.uasset" 99
"../../../Engine/Content/EngineMaterials/WeightMapPlaceholderTexture.uexp" 100
"../../../Engine/Content/EngineMaterials/DefaultWhiteGrid.ubulk" 101
"../../../Engine/Content/EngineMaterials/DefaultWhiteGrid.uasset" 102
"../../../Engine/Content/EngineMaterials/DefaultWhiteGrid.uexp" 103
"../../../Engine/Content/Animation/DefaultRecorderBoneCompression.uasset" 104
"../../../Engine/Content/Animation/DefaultRecorderBoneCompression.uexp" 105
"../../../Engine/Content/EngineMaterials/DefaultMaterial.uasset" 106
"../../../Engine/Content/EngineMaterials/DefaultMaterial.uexp" 107
"../../../Engine/Content/BasicShapes/Sphere.uasset" 108
"../../../Engine/Content/BasicShapes/Sphere.uexp" 109
"../../../Engine/Content/BasicShapes/Cylinder.uasset" 110
"../../../Engine/Content/BasicShapes/Cylinder.uexp" 111
"../../../Engine/Content/BasicShapes/Cone.uasset" 112
"../../../Engine/Content/BasicShapes/Cone.uexp" 113
"../../../Engine/Content/EditorLandscapeResources/DefaultAlphaTexture.uasset" 114
"../../../Engine/Content/EditorLandscapeResources/DefaultAlphaTexture.uexp" 115
"../../../Engine/Content/EditorLandscapeResources/DataLayer.uasset" 116
"../../../Engine/Content/EditorLandscapeResources/DataLayer.uexp" 117
"../../../Engine/Content/EditorMaterials/PreviewShadowIndicator.ubulk" 118
"../../../Engine/Content/EditorMaterials/PreviewShadowIndicator.uasset" 119
"../../../Engine/Content/EditorMaterials/PreviewShadowIndicator.uexp" 120
"../../../Engine/Content/EditorMaterials/PreviewShadowIndicatorMaterial.uasset" 121
"../../../Engine/Content/EditorMaterials/PreviewShadowIndicatorMaterial.uexp" 122
"../../../Engine/Content/EditorMaterials/PhAT_UnselectedMaterial.uasset" 123
"../../../Engine/Content/EditorMaterials/PhAT_UnselectedMaterial.uexp" 124
"../../../Engine/Content/EditorMaterials/PhAT_NoCollisionMaterial.uasset" 125
"../../../Engine/Content/EditorMaterials/PhAT_NoCollisionMaterial.uexp" 126
"../../../Engine/Content/Functions/Engine_MaterialFunctions02/Utility/MakeFloat4.uasset" 127
"../../../Engine/Content/Functions/Engine_MaterialFunctions02/Utility/MakeFloat4.uexp" 128
"../../../Engine/Content/Functions/Engine_MaterialFunctions02/Utility/MakeFloat3.uasset" 129
"../../../Engine/Content/Functions/Engine_MaterialFunctions02/Utility/MakeFloat3.uexp" 130
"../../../Engine/Content/Functions/Engine_MaterialFunctions02/Utility/BreakOutFloat3Components.uasset" 131
"../../../Engine/Content/Functions/Engine_MaterialFunctions02/Utility/BreakOutFloat3Components.uexp" 132
"../../../Engine/Content/EditorMaterials/WorldPartition/WorldPartitionSpatialHashGridPreviewMaterial.uasset" 133
"../../../Engine/Content/EditorMaterials/WorldPartition/WorldPartitionSpatialHashGridPreviewMaterial.uexp" 134
"../../../Engine/Content/EditorResources/S_Terrain.ubulk" 135
"../../../Engine/Content/EditorResources/S_Terrain.uasset" 136
"../../../Engine/Content/EditorResources/S_Terrain.uexp" 137
"../../../Engine/Content/EditorResources/EmptyActor.uasset" 138
"../../../Engine/Content/EditorResources/EmptyActor.uexp" 139
"../../../Engine/Content/EditorResources/BSPVertex.uasset" 140
"../../../Engine/Content/EditorResources/BSPVertex.uexp" 141
"../../../Engine/Content/EditorResources/SequenceRecorder/RecordingIndicator.uasset" 142
"../../../Engine/Content/EditorResources/SequenceRecorder/RecordingIndicator.uexp" 143
"../../../Engine/Content/EditorResources/SequenceRecorder/Countdown.uasset" 144
"../../../Engine/Content/EditorResources/SequenceRecorder/Countdown.uexp" 145
"../../../Engine/Content/EngineDamageTypes/DmgTypeBP_Environmental.uasset" 146
"../../../Engine/Content/EngineDamageTypes/DmgTypeBP_Environmental.uexp" 147
"../../../Engine/Content/Functions/Engine_MaterialFunctions02/Utility/CameraDirectionVector.uasset" 148
"../../../Engine/Content/Functions/Engine_MaterialFunctions02/Utility/CameraDirectionVector.uexp" 149
"../../../Engine/Content/EngineDebugMaterials/VolumeToRender.uasset" 150
"../../../Engine/Content/EngineDebugMaterials/VolumeToRender.uexp" 151
"../../../Engine/Content/EngineDebugMaterials/M_VolumeRenderSphereTracePP.uasset" 152
"../../../Engine/Content/EngineDebugMaterials/M_VolumeRenderSphereTracePP.uexp" 153
"../../../Engine/Content/EngineDebugMaterials/M_SimpleUnlitTranslucent.uasset" 154
"../../../Engine/Content/EngineDebugMaterials/M_SimpleUnlitTranslucent.uexp" 155
"../../../Engine/Content/EngineDebugMaterials/DebugMeshMaterial.uasset" 156
"../../../Engine/Content/EngineDebugMaterials/DebugMeshMaterial.uexp" 157
"../../../Engine/Content/EngineDebugMaterials/DebugEditorMaterial.uasset" 158
"../../../Engine/Content/EngineDebugMaterials/DebugEditorMaterial.uexp" 159
"../../../Engine/Content/EngineFonts/Faces/RobotoLight.uexp" 160
"../../../Engine/Content/EngineFonts/Faces/RobotoLight.uasset" 161
"../../../Engine/Content/EngineFonts/Faces/RobotoLight.ufont" 162
"../../../Engine/Content/EngineFonts/Faces/RobotoBold.uexp" 163
"../../../Engine/Content/EngineFonts/Faces/RobotoBold.uasset" 164
"../../../Engine/Content/EngineFonts/Faces/RobotoBold.ufont" 165
"../../../Engine/Content/EngineFonts/Faces/RobotoRegular.uexp" 166
"../../../Engine/Content/EngineFonts/Faces/RobotoRegular.uasset" 167
"../../../Engine/Content/EngineFonts/Faces/RobotoRegular.ufont" 168
"../../../Engine/Content/EngineFonts/Faces/DroidSansFallback.uexp" 169
"../../../Engine/Content/EngineFonts/Faces/DroidSansFallback.uasset" 170
"../../../Engine/Content/EngineFonts/Faces/DroidSansFallback.ufont" 171
"../../../Engine/Content/EngineFonts/Faces/RobotoItalic.uexp" 172
"../../../Engine/Content/EngineFonts/Faces/RobotoItalic.uasset" 173
"../../../Engine/Content/EngineFonts/Faces/RobotoItalic.ufont" 174
"../../../Engine/Content/EngineFonts/Faces/RobotoBoldItalic.uexp" 175
"../../../Engine/Content/EngineFonts/Faces/RobotoBoldItalic.uasset" 176
"../../../Engine/Content/EngineFonts/Faces/RobotoBoldItalic.ufont" 177
"../../../Engine/Content/EngineFonts/Roboto.uasset" 178
"../../../Engine/Content/EngineFonts/Roboto.uexp" 179
"../../../Engine/Content/EngineResources/WhiteSquareTexture.uasset" 180
"../../../Engine/Content/EngineResources/WhiteSquareTexture.uexp" 181
"../../../Engine/Content/EngineMaterials/Widget3DPassThrough.uasset" 182
"../../../Engine/Content/EngineMaterials/Widget3DPassThrough.uexp" 183
"../../../Engine/Content/EngineMaterials/Widget3DPassThrough_Translucent.uasset" 184
"../../../Engine/Content/EngineMaterials/Widget3DPassThrough_Translucent.uexp" 185
"../../../Engine/Content/EngineMaterials/Widget3DPassThrough_Translucent_OneSided.uasset" 186
"../../../Engine/Content/EngineMaterials/Widget3DPassThrough_Translucent_OneSided.uexp" 187
"../../../Engine/Content/EngineMaterials/Widget3DPassThrough_Opaque.uasset" 188
"../../../Engine/Content/EngineMaterials/Widget3DPassThrough_Opaque.uexp" 189
"../../../Engine/Content/EngineMaterials/Widget3DPassThrough_Opaque_OneSided.uasset" 190
"../../../Engine/Content/EngineMaterials/Widget3DPassThrough_Opaque_OneSided.uexp" 191
"../../../Engine/Content/EngineMaterials/Widget3DPassThrough_Masked_OneSided.uasset" 192
"../../../Engine/Content/EngineMaterials/Widget3DPassThrough_Masked_OneSided.uexp" 193
"../../../Engine/Content/EngineMaterials/Widget3DPassThrough_Masked.uasset" 194
"../../../Engine/Content/EngineMaterials/Widget3DPassThrough_Masked.uexp" 195
"../../../Engine/Plugins/Runtime/MeshModelingToolset/Content/Materials/M_DynamicMeshComponentVtxColor.uasset" 196
"../../../Engine/Plugins/Runtime/MeshModelingToolset/Content/Materials/M_DynamicMeshComponentVtxColor.uexp" 197
"../../../Engine/Content/EngineMaterials/STBlueNoise_vec2_128x128x64.uasset" 198
"../../../Engine/Content/EngineMaterials/STBlueNoise_vec2_128x128x64.uexp" 199
"../../../Engine/Content/EngineMaterials/STBlueNoise_scalar_128x128x64.uasset" 200
"../../../Engine/Content/EngineMaterials/STBlueNoise_scalar_128x128x64.uexp" 201
"../../../Engine/Content/EngineMaterials/RemoveSurfaceMaterial.uasset" 202
"../../../Engine/Content/EngineMaterials/RemoveSurfaceMaterial.uexp" 203
"../../../Engine/Content/EngineMaterials/DefaultCalibrationGrayscale.uasset" 204
"../../../Engine/Content/EngineMaterials/DefaultCalibrationGrayscale.uexp" 205
"../../../Engine/Content/EngineMaterials/PPM_DefaultCalibrationGrayscale.uasset" 206
"../../../Engine/Content/EngineMaterials/PPM_DefaultCalibrationGrayscale.uexp" 207
"../../../Engine/Content/EngineMaterials/DefaultCalibrationColor.uasset" 208
"../../../Engine/Content/EngineMaterials/DefaultCalibrationColor.uexp" 209
"../../../Engine/Content/EngineMaterials/PPM_DefaultCalibrationColor.uasset" 210
"../../../Engine/Content/EngineMaterials/PPM_DefaultCalibrationColor.uexp" 211
"../../../Engine/Content/Functions/Engine_MaterialFunctions02/WorldPositionOffset/CameraOffset.uasset" 212
"../../../Engine/Content/Functions/Engine_MaterialFunctions02/WorldPositionOffset/CameraOffset.uexp" 213
"../../../Engine/Content/EngineMaterials/PhAT_JointLimitMaterial.uasset" 214
"../../../Engine/Content/EngineMaterials/PhAT_JointLimitMaterial.uexp" 215
"../../../Engine/Content/EngineMaterials/InvalidLightmapSettings.ubulk" 216
"../../../Engine/Content/EngineMaterials/InvalidLightmapSettings.uasset" 217
"../../../Engine/Content/EngineMaterials/InvalidLightmapSettings.uexp" 218
"../../../Engine/Content/EngineMaterials/M_InvalidLightmapSettings.uasset" 219
"../../../Engine/Content/EngineMaterials/M_InvalidLightmapSettings.uexp" 220
"../../../Engine/Plugins/Interchange/Runtime/Content/gltf/Textures/T_Gray_Linear.uasset" 221
"../../../Engine/Plugins/Interchange/Runtime/Content/gltf/Textures/T_Gray_Linear.uexp" 222
"../../../Engine/Plugins/Interchange/Runtime/Content/Materials/MapOrLinearColorFunction.uasset" 223
"../../../Engine/Plugins/Interchange/Runtime/Content/Materials/MapOrLinearColorFunction.uexp" 224
"../../../Engine/Content/EngineMaterials/DefaultNormal.ubulk" 225
"../../../Engine/Content/EngineMaterials/DefaultNormal.uasset" 226
"../../../Engine/Content/EngineMaterials/DefaultNormal.uexp" 227
"../../../Engine/Plugins/Interchange/Runtime/Content/Materials/MapOrScalarFunction.uasset" 228
"../../../Engine/Plugins/Interchange/Runtime/Content/Materials/MapOrScalarFunction.uexp" 229
"../../../Engine/Plugins/Interchange/Runtime/Content/Materials/MapOrColorFunction.uasset" 230
"../../../Engine/Plugins/Interchange/Runtime/Content/Materials/MapOrColorFunction.uexp" 231
"../../../Engine/Content/EngineMaterials/BaseFlattenLinearColor.uasset" 232
"../../../Engine/Content/EngineMaterials/BaseFlattenLinearColor.uexp" 233
"../../../Engine/Plugins/Interchange/Runtime/Content/Materials/CommonMaterial.uasset" 234
"../../../Engine/Plugins/Interchange/Runtime/Content/Materials/CommonMaterial.uexp" 235
"../../../Engine/Plugins/Interchange/Runtime/Content/Materials/PBRSurfaceFunction.uasset" 236
"../../../Engine/Plugins/Interchange/Runtime/Content/Materials/PBRSurfaceFunction.uexp" 237
"../../../Engine/Plugins/Interchange/Runtime/Content/Materials/ClearCoatMaterial.uasset" 238
"../../../Engine/Plugins/Interchange/Runtime/Content/Materials/ClearCoatMaterial.uexp" 239
"../../../Engine/Plugins/Interchange/Runtime/Content/Materials/UnlitMaterial.uasset" 240
"../../../Engine/Plugins/Interchange/Runtime/Content/Materials/UnlitMaterial.uexp" 241
"../../../Engine/Content/EngineMaterials/GizmoMaterial.uasset" 242
"../../../Engine/Content/EngineMaterials/GizmoMaterial.uexp" 243
"../../../Engine/Content/EngineMaterials/BaseFlattenEmissiveMap_VT.uasset" 244
"../../../Engine/Content/EngineMaterials/BaseFlattenEmissiveMap_VT.uexp" 245
"../../../Engine/Content/EngineMaterials/BaseFlattenGrayscaleMap_VT.uasset" 246
"../../../Engine/Content/EngineMaterials/BaseFlattenGrayscaleMap_VT.uexp" 247
"../../../Engine/Content/EngineMaterials/BaseFlattenLinearColor_VT.uasset" 248
"../../../Engine/Content/EngineMaterials/BaseFlattenLinearColor_VT.uexp" 249
"../../../Engine/Content/EngineMaterials/Black_1x1_EXR_Texture_VT.uasset" 250
"../../../Engine/Content/EngineMaterials/Black_1x1_EXR_Texture_VT.uexp" 251
"../../../Engine/Content/EngineMaterials/BaseFlattenDiffuseMap_VT.uasset" 252
"../../../Engine/Content/EngineMaterials/BaseFlattenDiffuseMap_VT.uexp" 253
"../../../Engine/Content/EngineMaterials/BaseFlattenNormalMap_VT.uasset" 254
"../../../Engine/Content/EngineMaterials/BaseFlattenNormalMap_VT.uexp" 255
"../../../Engine/Content/EngineMaterials/FlattenMaterial_WS_Normal_VT.uasset" 256
"../../../Engine/Content/EngineMaterials/FlattenMaterial_WS_Normal_VT.uexp" 257
"../../../Engine/Content/EngineMaterials/FlattenMaterial_VT.uasset" 258
"../../../Engine/Content/EngineMaterials/FlattenMaterial_VT.uexp" 259
"../../../Engine/Content/EngineMaterials/BaseFlattenNormalMap.uasset" 260
"../../../Engine/Content/EngineMaterials/BaseFlattenNormalMap.uexp" 261
"../../../Engine/Content/EngineMaterials/BaseFlattenGrayscaleMap.uasset" 262
"../../../Engine/Content/EngineMaterials/BaseFlattenGrayscaleMap.uexp" 263
"../../../Engine/Content/EngineMaterials/BaseFlattenDiffuseMap.uasset" 264
"../../../Engine/Content/EngineMaterials/BaseFlattenDiffuseMap.uexp" 265
"../../../Engine/Content/Functions/Engine_MaterialFunctions02/PivotPainter2/Black_1x1_EXR_Texture.uasset" 266
"../../../Engine/Content/Functions/Engine_MaterialFunctions02/PivotPainter2/Black_1x1_EXR_Texture.uexp" 267
"../../../Engine/Content/EngineMaterials/BaseFlattenEmissiveMap.uasset" 268
"../../../Engine/Content/EngineMaterials/BaseFlattenEmissiveMap.uexp" 269
"../../../Engine/Content/EngineMaterials/FlattenMaterial.uasset" 270
"../../../Engine/Content/EngineMaterials/FlattenMaterial.uexp" 271
"../../../Engine/Content/EngineMaterials/DefaultWhiteGrid_Low.uasset" 272
"../../../Engine/Content/EngineMaterials/DefaultWhiteGrid_Low.uexp" 273
"../../../Engine/Content/EngineMaterials/EmissiveMeshMaterial.uasset" 274
"../../../Engine/Content/EngineMaterials/EmissiveMeshMaterial.uexp" 275
"../../../Engine/Plugins/Interchange/Runtime/Content/Pipelines/DefaultTexturePipeline.uasset" 276
"../../../Engine/Plugins/Interchange/Runtime/Content/Pipelines/DefaultTexturePipeline.uexp" 277
"../../../Engine/Content/EngineFonts/RobotoDistanceField.uasset" 278
"../../../Engine/Content/EngineFonts/RobotoDistanceField.uexp" 279
"../../../Engine/Content/EngineMaterials/DefaultTextMaterialOpaque.uasset" 280
"../../../Engine/Content/EngineMaterials/DefaultTextMaterialOpaque.uexp" 281
"../../../Engine/Content/EngineMaterials/DefaultDiffuse.ubulk" 282
"../../../Engine/Content/EngineMaterials/DefaultDiffuse.uasset" 283
"../../../Engine/Content/EngineMaterials/DefaultDiffuse.uexp" 284
"../../../Engine/Content/Functions/Engine_MaterialFunctions02/Utility/BreakOutFloat2Components.uasset" 285
"../../../Engine/Content/Functions/Engine_MaterialFunctions02/Utility/BreakOutFloat2Components.uexp" 286
"../../../Engine/Content/EngineMaterials/DefaultPostProcessMaterial.uasset" 287
"../../../Engine/Content/EngineMaterials/DefaultPostProcessMaterial.uexp" 288
"../../../Engine/Content/EngineMaterials/DefaultPhysicalMaterial.uasset" 289
"../../../Engine/Content/EngineMaterials/DefaultPhysicalMaterial.uexp" 290
"../../../Engine/Content/EngineMaterials/DefaultLightFunctionMaterial.uasset" 291
"../../../Engine/Content/EngineMaterials/DefaultLightFunctionMaterial.uexp" 292
"../../../Engine/Content/EngineMaterials/DefaultDestructiblePhysicalMaterial.uasset" 293
"../../../Engine/Content/EngineMaterials/DefaultDestructiblePhysicalMaterial.uexp" 294
"../../../Engine/Content/EngineMaterials/DefaultDeferredDecalMaterial.uasset" 295
"../../../Engine/Content/EngineMaterials/DefaultDeferredDecalMaterial.uexp" 296
"../../../Engine/Plugins/Interchange/Runtime/Content/gltf/Textures/T_Black_srgb.uasset" 297
"../../../Engine/Plugins/Interchange/Runtime/Content/gltf/Textures/T_Black_srgb.uexp" 298
"../../../Engine/Content/EngineMaterials/DefaultBloomKernel.uasset" 299
"../../../Engine/Content/EngineMaterials/DefaultBloomKernel.uexp" 300
"../../../Engine/Plugins/Interchange/Runtime/Content/Materials/ThinTranslucentMaterial.uasset" 301
"../../../Engine/Plugins/Interchange/Runtime/Content/Materials/ThinTranslucentMaterial.uexp" 302
"../../../Engine/Plugins/Interchange/Runtime/Content/Materials/SubsurfaceMaterial.uasset" 303
"../../../Engine/Plugins/Interchange/Runtime/Content/Materials/SubsurfaceMaterial.uexp" 304
"../../../Engine/Plugins/Interchange/Runtime/Content/Materials/SheenMaterial.uasset" 305
"../../../Engine/Plugins/Interchange/Runtime/Content/Materials/SheenMaterial.uexp" 306
"../../../Engine/Content/Functions/Engine_MaterialFunctions01/Shading/ConvertFromDiffSpec.uasset" 307
"../../../Engine/Content/Functions/Engine_MaterialFunctions01/Shading/ConvertFromDiffSpec.uexp" 308
"../../../Engine/Plugins/Interchange/Runtime/Content/Materials/PhongSurfaceMaterial.uasset" 309
"../../../Engine/Plugins/Interchange/Runtime/Content/Materials/PhongSurfaceMaterial.uexp" 310
"../../../Engine/Plugins/Interchange/Runtime/Content/Materials/PBRSurfaceMaterial.uasset" 311
"../../../Engine/Plugins/Interchange/Runtime/Content/Materials/PBRSurfaceMaterial.uexp" 312
"../../../Engine/Plugins/Interchange/Runtime/Content/Materials/LambertSurfaceMaterial.uasset" 313
"../../../Engine/Plugins/Interchange/Runtime/Content/Materials/LambertSurfaceMaterial.uexp" 314
"../../../Engine/Content/EngineResources/FilmGrains/Marcie_Grain_v3_128_M2_000.uasset" 315
"../../../Engine/Content/EngineResources/FilmGrains/Marcie_Grain_v3_128_M2_000.uexp" 316
"../../../Engine/Content/EngineSky/VolumetricClouds/CloudWeatherTexture.uasset" 317
"../../../Engine/Content/EngineSky/VolumetricClouds/CloudWeatherTexture.uexp" 318
"../../../Engine/Content/Functions/Engine_MaterialFunctions02/Utility/MakeFloat2.uasset" 319
"../../../Engine/Content/Functions/Engine_MaterialFunctions02/Utility/MakeFloat2.uexp" 320
"../../../Engine/Content/EngineSky/VolumetricClouds/CloudGradientTexture.uasset" 321
"../../../Engine/Content/EngineSky/VolumetricClouds/CloudGradientTexture.uexp" 322
"../../../Engine/Content/EngineSky/VolumetricClouds/T_NoiseShape64.ubulk" 323
"../../../Engine/Content/EngineSky/VolumetricClouds/T_NoiseShape64.uasset" 324
"../../../Engine/Content/EngineSky/VolumetricClouds/T_NoiseShape64.uexp" 325
"../../../Engine/Content/EngineSky/VolumetricClouds/T_VolumeNoiseShape64.uasset" 326
"../../../Engine/Content/EngineSky/VolumetricClouds/T_VolumeNoiseShape64.uexp" 327
"../../../Engine/Content/EngineSky/VolumetricClouds/T_NoiseErosion.ubulk" 328
"../../../Engine/Content/EngineSky/VolumetricClouds/T_NoiseErosion.uasset" 329
"../../../Engine/Content/EngineSky/VolumetricClouds/T_NoiseErosion.uexp" 330
"../../../Engine/Content/EngineSky/VolumetricClouds/T_VolumeNoiseErosion32.uasset" 331
"../../../Engine/Content/EngineSky/VolumetricClouds/T_VolumeNoiseErosion32.uexp" 332
"../../../Engine/Content/EngineSky/VolumetricClouds/m_SimpleVolumetricCloud.uasset" 333
"../../../Engine/Content/EngineSky/VolumetricClouds/m_SimpleVolumetricCloud.uexp" 334
"../../../Engine/Content/EngineSky/VolumetricClouds/m_SimpleVolumetricCloud_Inst.uasset" 335
"../../../Engine/Content/EngineSky/VolumetricClouds/m_SimpleVolumetricCloud_Inst.uexp" 336
"../../../Engine/Content/EngineSounds/Master.uasset" 337
"../../../Engine/Content/EngineSounds/Master.uexp" 338
"../../../Engine/Content/Functions/Engine_MaterialFunctions01/Shading/PowerToRoughness.uasset" 339
"../../../Engine/Content/Functions/Engine_MaterialFunctions01/Shading/PowerToRoughness.uexp" 340
"../../../Engine/Content/EngineMaterials/FlatNormal.uasset" 341
"../../../Engine/Content/EngineMaterials/FlatNormal.uexp" 342
"../../../Engine/Plugins/Interchange/Runtime/Content/Functions/MF_OrenNayerView.uasset" 343
"../../../Engine/Plugins/Interchange/Runtime/Content/Functions/MF_OrenNayerView.uexp" 344
"../../../Engine/Content/EditorLandscapeResources/WhiteSquareTexture.uasset" 345
"../../../Engine/Content/EditorLandscapeResources/WhiteSquareTexture.uexp" 346
"../../../Engine/Plugins/Interchange/Runtime/Content/Functions/MF_SchlickApprox.uasset" 347
"../../../Engine/Plugins/Interchange/Runtime/Content/Functions/MF_SchlickApprox.uexp" 348
"../../../Engine/Plugins/Interchange/Runtime/Content/Utilities/New_LUT.uasset" 349
"../../../Engine/Plugins/Interchange/Runtime/Content/Utilities/New_LUT.uexp" 350
"../../../Engine/Content/Functions/Engine_MaterialFunctions03/Math/RemapValueRange.uasset" 351
"../../../Engine/Content/Functions/Engine_MaterialFunctions03/Math/RemapValueRange.uexp" 352
"../../../Engine/Plugins/Interchange/Runtime/Content/Functions/MF_Iridescence.uasset" 353
"../../../Engine/Plugins/Interchange/Runtime/Content/Functions/MF_Iridescence.uexp" 354
"../../../Engine/Plugins/Interchange/Runtime/Content/Materials/OrenNayerMaterial.uasset" 355
"../../../Engine/Plugins/Interchange/Runtime/Content/Materials/OrenNayerMaterial.uexp" 356
"../../../Engine/Content/MobileResources/HUD/VirtualJoystick_Background.uasset" 357
"../../../Engine/Content/MobileResources/HUD/VirtualJoystick_Background.uexp" 358
"../../../Engine/Content/MobileResources/HUD/VirtualJoystick_Thumb.uasset" 359
"../../../Engine/Content/MobileResources/HUD/VirtualJoystick_Thumb.uexp" 360
"../../../Engine/Content/MobileResources/HUD/DefaultVirtualJoysticks.uasset" 361
"../../../Engine/Content/MobileResources/HUD/DefaultVirtualJoysticks.uexp" 362
"../../../Engine/Plugins/2D/Paper2D/Content/PlaceholderTextures/DummySpriteTexture.ubulk" 363
"../../../Engine/Plugins/2D/Paper2D/Content/PlaceholderTextures/DummySpriteTexture.uasset" 364
"../../../Engine/Plugins/2D/Paper2D/Content/PlaceholderTextures/DummySpriteTexture.uexp" 365
"../../../Engine/Plugins/2D/Paper2D/Content/DefaultSpriteMaterial.uasset" 366
"../../../Engine/Plugins/2D/Paper2D/Content/DefaultSpriteMaterial.uexp" 367
"../../../Engine/Plugins/2D/Paper2D/Content/OpaqueUnlitSpriteMaterial.uasset" 368
"../../../Engine/Plugins/2D/Paper2D/Content/OpaqueUnlitSpriteMaterial.uexp" 369
"../../../Engine/Plugins/2D/Paper2D/Content/MaskedUnlitSpriteMaterial.uasset" 370
"../../../Engine/Plugins/2D/Paper2D/Content/MaskedUnlitSpriteMaterial.uexp" 371
"../../../Engine/Plugins/2D/Paper2D/Content/DummySprite.uasset" 372
"../../../Engine/Plugins/2D/Paper2D/Content/DummySprite.uexp" 373
"../../../Engine/Plugins/2D/Paper2D/Content/DefaultPaperTerrainMaterial.uasset" 374
"../../../Engine/Plugins/2D/Paper2D/Content/DefaultPaperTerrainMaterial.uexp" 375
"../../../Engine/Plugins/Interchange/Runtime/Content/Pipelines/DefaultAssetsPipeline.uasset" 376
"../../../Engine/Plugins/Interchange/Runtime/Content/Pipelines/DefaultAssetsPipeline.uexp" 377
"../../../Engine/Plugins/Animation/ControlRig/Content/M_Manip.uasset" 378
"../../../Engine/Plugins/Animation/ControlRig/Content/M_Manip.uexp" 379
"../../../Engine/Plugins/Animation/ControlRig/Content/Controls/DefaultGizmoLibraryNormalized.uasset" 380
"../../../Engine/Plugins/Animation/ControlRig/Content/Controls/DefaultGizmoLibraryNormalized.uexp" 381
"../../../Engine/Plugins/Animation/ControlRig/Content/Controls/ControlRig_Wedge_solid.uasset" 382
"../../../Engine/Plugins/Animation/ControlRig/Content/Controls/ControlRig_Wedge_solid.uexp" 383
"../../../Engine/Plugins/Animation/ControlRig/Content/Controls/ControlRig_Wedge_3mm.uasset" 384
"../../../Engine/Plugins/Animation/ControlRig/Content/Controls/ControlRig_Wedge_3mm.uexp" 385
"../../../Engine/Plugins/Animation/ControlRig/Content/Controls/ControlRig_Wedge_1mm.uasset" 386
"../../../Engine/Plugins/Animation/ControlRig/Content/Controls/ControlRig_Wedge_1mm.uexp" 387
"../../../Engine/Plugins/Animation/ControlRig/Content/Controls/ControlRig_Triangle_solid.uasset" 388
"../../../Engine/Plugins/Animation/ControlRig/Content/Controls/ControlRig_Triangle_solid.uexp" 389
"../../../Engine/Plugins/Animation/ControlRig/Content/Controls/ControlRig_Triangle_3mm.uasset" 390
"../../../Engine/Plugins/Animation/ControlRig/Content/Controls/ControlRig_Triangle_3mm.uexp" 391
"../../../Engine/Plugins/Animation/ControlRig/Content/Controls/ControlRig_Triangle_1mm.uasset" 392
"../../../Engine/Plugins/Animation/ControlRig/Content/Controls/ControlRig_Triangle_1mm.uexp" 393
"../../../Engine/Plugins/Animation/ControlRig/Content/Controls/ControlRig_Star4_solid.uasset" 394
"../../../Engine/Plugins/Animation/ControlRig/Content/Controls/ControlRig_Star4_solid.uexp" 395
"../../../Engine/Plugins/Animation/ControlRig/Content/Controls/ControlRig_Star4_3mm.uasset" 396
"../../../Engine/Plugins/Animation/ControlRig/Content/Controls/ControlRig_Star4_3mm.uexp" 397
"../../../Engine/Plugins/Animation/ControlRig/Content/Controls/ControlRig_Star4_1mm.uasset" 398
"../../../Engine/Plugins/Animation/ControlRig/Content/Controls/ControlRig_Star4_1mm.uexp" 399
"../../../Engine/Plugins/Animation/ControlRig/Content/Controls/ControlRig_Square_solid.uasset" 400
"../../../Engine/Plugins/Animation/ControlRig/Content/Controls/ControlRig_Square_solid.uexp" 401
"../../../Engine/Plugins/Animation/ControlRig/Content/Controls/ControlRig_Square_3mm.uasset" 402
"../../../Engine/Plugins/Animation/ControlRig/Content/Controls/ControlRig_Square_3mm.uexp" 403
"../../../Engine/Plugins/Animation/ControlRig/Content/Controls/ControlRig_Square_1mm.uasset" 404
"../../../Engine/Plugins/Animation/ControlRig/Content/Controls/ControlRig_Square_1mm.uexp" 405
"../../../Engine/Plugins/Animation/ControlRig/Content/Controls/ControlRig_Sphere_solid.uasset" 406
"../../../Engine/Plugins/Animation/ControlRig/Content/Controls/ControlRig_Sphere_solid.uexp" 407
"../../../Engine/Plugins/Animation/ControlRig/Content/Controls/ControlRig_Sphere_3mm.uasset" 408
"../../../Engine/Plugins/Animation/ControlRig/Content/Controls/ControlRig_Sphere_3mm.uexp" 409
"../../../Engine/Plugins/Animation/ControlRig/Content/Controls/ControlRig_Sphere_1mm.uasset" 410
"../../../Engine/Plugins/Animation/ControlRig/Content/Controls/ControlRig_Sphere_1mm.uexp" 411
"../../../Engine/Plugins/Animation/ControlRig/Content/Controls/ControlRig_RoundedTriangle_solid.uasset" 412
"../../../Engine/Plugins/Animation/ControlRig/Content/Controls/ControlRig_RoundedTriangle_solid.uexp" 413
"../../../Engine/Plugins/Animation/ControlRig/Content/Controls/ControlRig_RoundedTriangle_3mm.uasset" 414
"../../../Engine/Plugins/Animation/ControlRig/Content/Controls/ControlRig_RoundedTriangle_3mm.uexp" 415
"../../../Engine/Plugins/Animation/ControlRig/Content/Controls/ControlRig_RoundedTriangle_1mm.uasset" 416
"../../../Engine/Plugins/Animation/ControlRig/Content/Controls/ControlRig_RoundedTriangle_1mm.uexp" 417
"../../../Engine/Plugins/Animation/ControlRig/Content/Controls/ControlRig_RoundedSquare_solid.uasset" 418
"../../../Engine/Plugins/Animation/ControlRig/Content/Controls/ControlRig_RoundedSquare_solid.uexp" 419
"../../../Engine/Plugins/Animation/ControlRig/Content/Controls/ControlRig_RoundedSquare_3mm.uasset" 420
"../../../Engine/Plugins/Animation/ControlRig/Content/Controls/ControlRig_RoundedSquare_3mm.uexp" 421
"../../../Engine/Plugins/Animation/ControlRig/Content/Controls/ControlRig_RoundedSquare_1mm.uasset" 422
"../../../Engine/Plugins/Animation/ControlRig/Content/Controls/ControlRig_RoundedSquare_1mm.uexp" 423
"../../../Engine/Plugins/Animation/ControlRig/Content/Controls/ControlRig_QuarterCircle_solid.uasset" 424
"../../../Engine/Plugins/Animation/ControlRig/Content/Controls/ControlRig_QuarterCircle_solid.uexp" 425
"../../../Engine/Plugins/Animation/ControlRig/Content/Controls/ControlRig_QuarterCircle_3mm.uasset" 426
"../../../Engine/Plugins/Animation/ControlRig/Content/Controls/ControlRig_QuarterCircle_3mm.uexp" 427
"../../../Engine/Plugins/Animation/ControlRig/Content/Controls/ControlRig_QuarterCircle_1mm.uasset" 428
"../../../Engine/Plugins/Animation/ControlRig/Content/Controls/ControlRig_QuarterCircle_1mm.uexp" 429
"../../../Engine/Plugins/Animation/ControlRig/Content/Controls/ControlRig_Pyramid_solid.uasset" 430
"../../../Engine/Plugins/Animation/ControlRig/Content/Controls/ControlRig_Pyramid_solid.uexp" 431
"../../../Engine/Plugins/Animation/ControlRig/Content/Controls/ControlRig_Pyramid_3mm.uasset" 432
"../../../Engine/Plugins/Animation/ControlRig/Content/Controls/ControlRig_Pyramid_3mm.uexp" 433
"../../../Engine/Plugins/Animation/ControlRig/Content/Controls/ControlRig_Pyramid_1mm.uasset" 434
"../../../Engine/Plugins/Animation/ControlRig/Content/Controls/ControlRig_Pyramid_1mm.uexp" 435
"../../../Engine/Plugins/Animation/ControlRig/Content/Controls/ControlRig_Octagon_solid.uasset" 436
"../../../Engine/Plugins/Animation/ControlRig/Content/Controls/ControlRig_Octagon_solid.uexp" 437
"../../../Engine/Plugins/Animation/ControlRig/Content/Controls/ControlRig_Octagon_3mm.uasset" 438
"../../../Engine/Plugins/Animation/ControlRig/Content/Controls/ControlRig_Octagon_3mm.uexp" 439
"../../../Engine/Plugins/Animation/ControlRig/Content/Controls/ControlRig_Octagon_1mm.uasset" 440
"../../../Engine/Plugins/Animation/ControlRig/Content/Controls/ControlRig_Octagon_1mm.uexp" 441
"../../../Engine/Plugins/Animation/ControlRig/Content/Controls/ControlRig_Hexagon_solid.uasset" 442
"../../../Engine/Plugins/Animation/ControlRig/Content/Controls/ControlRig_Hexagon_solid.uexp" 443
"../../../Engine/Plugins/Animation/ControlRig/Content/Controls/ControlRig_Hexagon_3mm.uasset" 444
"../../../Engine/Plugins/Animation/ControlRig/Content/Controls/ControlRig_Hexagon_3mm.uexp" 445
"../../../Engine/Plugins/Animation/ControlRig/Content/Controls/ControlRig_Hexagon_1mm.uasset" 446
"../../../Engine/Plugins/Animation/ControlRig/Content/Controls/ControlRig_Hexagon_1mm.uexp" 447
"../../../Engine/Plugins/Animation/ControlRig/Content/Controls/ControlRig_HalfCircle_solid.uasset" 448
"../../../Engine/Plugins/Animation/ControlRig/Content/Controls/ControlRig_HalfCircle_solid.uexp" 449
"../../../Engine/Plugins/Animation/ControlRig/Content/Controls/ControlRig_HalfCircle_3mm.uasset" 450
"../../../Engine/Plugins/Animation/ControlRig/Content/Controls/ControlRig_HalfCircle_3mm.uexp" 451
"../../../Engine/Plugins/Animation/ControlRig/Content/Controls/ControlRig_HalfCircle_1mm.uasset" 452
"../../../Engine/Plugins/Animation/ControlRig/Content/Controls/ControlRig_HalfCircle_1mm.uexp" 453
"../../../Engine/Plugins/Animation/ControlRig/Content/Controls/ControlRig_Diamond_solid.uasset" 454
"../../../Engine/Plugins/Animation/ControlRig/Content/Controls/ControlRig_Diamond_solid.uexp" 455
"../../../Engine/Plugins/Animation/ControlRig/Content/Controls/ControlRig_Diamond_3mm.uasset" 456
"../../../Engine/Plugins/Animation/ControlRig/Content/Controls/ControlRig_Diamond_3mm.uexp" 457
"../../../Engine/Plugins/Animation/ControlRig/Content/Controls/ControlRig_Diamond_1mm.uasset" 458
"../../../Engine/Plugins/Animation/ControlRig/Content/Controls/ControlRig_Diamond_1mm.uexp" 459
"../../../Engine/Plugins/Animation/ControlRig/Content/Controls/ControlRig_Circle_solid.uasset" 460
"../../../Engine/Plugins/Animation/ControlRig/Content/Controls/ControlRig_Circle_solid.uexp" 461
"../../../Engine/Plugins/Animation/ControlRig/Content/Controls/ControlRig_Circle_3mm.uasset" 462
"../../../Engine/Plugins/Animation/ControlRig/Content/Controls/ControlRig_Circle_3mm.uexp" 463
"../../../Engine/Plugins/Animation/ControlRig/Content/Controls/ControlRig_Circle_1mm.uasset" 464
"../../../Engine/Plugins/Animation/ControlRig/Content/Controls/ControlRig_Circle_1mm.uexp" 465
"../../../Engine/Plugins/Animation/ControlRig/Content/Controls/ControlRig_Box_solid.uasset" 466
"../../../Engine/Plugins/Animation/ControlRig/Content/Controls/ControlRig_Box_solid.uexp" 467
"../../../Engine/Plugins/Animation/ControlRig/Content/Controls/ControlRig_Box_3mm.uasset" 468
"../../../Engine/Plugins/Animation/ControlRig/Content/Controls/ControlRig_Box_3mm.uexp" 469
"../../../Engine/Plugins/Animation/ControlRig/Content/Controls/ControlRig_Box_1mm.uasset" 470
"../../../Engine/Plugins/Animation/ControlRig/Content/Controls/ControlRig_Box_1mm.uexp" 471
"../../../Engine/Plugins/Animation/ControlRig/Content/Controls/ControlRig_Arrow_solid.uasset" 472
"../../../Engine/Plugins/Animation/ControlRig/Content/Controls/ControlRig_Arrow_solid.uexp" 473
"../../../Engine/Plugins/Animation/ControlRig/Content/Controls/ControlRig_Arrow_3mm.uasset" 474
"../../../Engine/Plugins/Animation/ControlRig/Content/Controls/ControlRig_Arrow_3mm.uexp" 475
"../../../Engine/Plugins/Animation/ControlRig/Content/Controls/ControlRig_Arrow_1mm.uasset" 476
"../../../Engine/Plugins/Animation/ControlRig/Content/Controls/ControlRig_Arrow_1mm.uexp" 477
"../../../Engine/Plugins/Animation/ControlRig/Content/Controls/ControlRig_Arrow4_solid.uasset" 478
"../../../Engine/Plugins/Animation/ControlRig/Content/Controls/ControlRig_Arrow4_solid.uexp" 479
"../../../Engine/Plugins/Animation/ControlRig/Content/Controls/ControlRig_Arrow4_3mm.uasset" 480
"../../../Engine/Plugins/Animation/ControlRig/Content/Controls/ControlRig_Arrow4_3mm.uexp" 481
"../../../Engine/Plugins/Animation/ControlRig/Content/Controls/ControlRig_Arrow4_1mm.uasset" 482
"../../../Engine/Plugins/Animation/ControlRig/Content/Controls/ControlRig_Arrow4_1mm.uexp" 483
"../../../Engine/Plugins/Animation/ControlRig/Content/Controls/ControlRig_Arrow2_solid.uasset" 484
"../../../Engine/Plugins/Animation/ControlRig/Content/Controls/ControlRig_Arrow2_solid.uexp" 485
"../../../Engine/Plugins/Animation/ControlRig/Content/Controls/ControlRig_Arrow2_3mm.uasset" 486
"../../../Engine/Plugins/Animation/ControlRig/Content/Controls/ControlRig_Arrow2_3mm.uexp" 487
"../../../Engine/Plugins/Animation/ControlRig/Content/Controls/ControlRig_Arrow2_1mm.uasset" 488
"../../../Engine/Plugins/Animation/ControlRig/Content/Controls/ControlRig_Arrow2_1mm.uexp" 489
"../../../Engine/Plugins/Animation/ControlRig/Content/Controls/ControlRigXRayMaterial.uasset" 490
"../../../Engine/Plugins/Animation/ControlRig/Content/Controls/ControlRigXRayMaterial.uexp" 491
"../../../Engine/Plugins/Animation/ControlRig/Content/Controls/ControlRigGizmoMaterial.uasset" 492
"../../../Engine/Plugins/Animation/ControlRig/Content/Controls/ControlRigGizmoMaterial.uexp" 493
"../../../Engine/Plugins/Editor/SpeedTreeImporter/Content/SpeedTree9/game_wind_noise.ubulk" 494
"../../../Engine/Plugins/Editor/SpeedTreeImporter/Content/SpeedTree9/game_wind_noise.uasset" 495
"../../../Engine/Plugins/Editor/SpeedTreeImporter/Content/SpeedTree9/game_wind_noise.uexp" 496
"../../../Engine/Plugins/Editor/SpeedTreeImporter/Content/SpeedTree9/UnpackDirection.uasset" 497
"../../../Engine/Plugins/Editor/SpeedTreeImporter/Content/SpeedTree9/UnpackDirection.uexp" 498
"../../../Engine/Content/Functions/Engine_MaterialFunctions02/ObjectLocalBounds.uasset" 499
"../../../Engine/Content/Functions/Engine_MaterialFunctions02/ObjectLocalBounds.uexp" 500
"../../../Engine/Content/Functions/Engine_MaterialFunctions02/UVs/BoundingBoxBased_0-1_UVW.uasset" 501
"../../../Engine/Content/Functions/Engine_MaterialFunctions02/UVs/BoundingBoxBased_0-1_UVW.uexp" 502
"../../../Engine/Content/Functions/Engine_MaterialFunctions02/Utility/VectorLength.uasset" 503
"../../../Engine/Content/Functions/Engine_MaterialFunctions02/Utility/VectorLength.uexp" 504
"../../../Engine/Plugins/Editor/SpeedTreeImporter/Content/SpeedTree9/UnpackInteger3.uasset" 505
"../../../Engine/Plugins/Editor/SpeedTreeImporter/Content/SpeedTree9/UnpackInteger3.uexp" 506
"../../../Engine/Plugins/Editor/SpeedTreeImporter/Content/SpeedTree9/SpeedTreeCameraFacing.uasset" 507
"../../../Engine/Plugins/Editor/SpeedTreeImporter/Content/SpeedTree9/SpeedTreeCameraFacing.uexp" 508
"../../../Engine/Content/Functions/Engine_MaterialFunctions02/WorldPositionOffset/ObjectScale.uasset" 509
"../../../Engine/Content/Functions/Engine_MaterialFunctions02/WorldPositionOffset/ObjectScale.uexp" 510
"../../../Engine/Content/Functions/Engine_MaterialFunctions02/SafeNormalize.uasset" 511
"../../../Engine/Content/Functions/Engine_MaterialFunctions02/SafeNormalize.uexp" 512
"../../../Engine/Plugins/Editor/SpeedTreeImporter/Content/SpeedTree9/SpeedTreeWindMotion.uasset" 513
"../../../Engine/Plugins/Editor/SpeedTreeImporter/Content/SpeedTree9/SpeedTreeWindMotion.uexp" 514
"../../../Engine/Plugins/Editor/SpeedTreeImporter/Content/SpeedTree9/SpeedTreeBranchMotion.uasset" 515
"../../../Engine/Plugins/Editor/SpeedTreeImporter/Content/SpeedTree9/SpeedTreeBranchMotion.uexp" 516
"../../../Engine/Plugins/Editor/SpeedTreeImporter/Content/SpeedTree9/SpeedTreeWind.uasset" 517
"../../../Engine/Plugins/Editor/SpeedTreeImporter/Content/SpeedTree9/SpeedTreeWind.uexp" 518
"../../../Engine/Plugins/Editor/SpeedTreeImporter/Content/SpeedTree9/EmptyNormal.uasset" 519
"../../../Engine/Plugins/Editor/SpeedTreeImporter/Content/SpeedTree9/EmptyNormal.uexp" 520
"../../../Engine/Plugins/Editor/SpeedTreeImporter/Content/SpeedTree9/Empty.uasset" 521
"../../../Engine/Plugins/Editor/SpeedTreeImporter/Content/SpeedTree9/Empty.uexp" 522
"../../../Engine/Plugins/Editor/SpeedTreeImporter/Content/SpeedTree9/SpeedTreeMaster.uasset" 523
"../../../Engine/Plugins/Editor/SpeedTreeImporter/Content/SpeedTree9/SpeedTreeMaster.uexp" 524
"../../../Engine/Plugins/Editor/SpeedTreeImporter/Content/SpeedTree9/SpeedTreeBillboard.uasset" 525
"../../../Engine/Plugins/Editor/SpeedTreeImporter/Content/SpeedTree9/SpeedTreeBillboard.uexp" 526
"../../../Engine/Plugins/Editor/SpeedTreeImporter/Content/SpeedTree9/SpeedTreeBillboardMaster.uasset" 527
"../../../Engine/Plugins/Editor/SpeedTreeImporter/Content/SpeedTree9/SpeedTreeBillboardMaster.uexp" 528
"../../../Engine/Plugins/Interchange/Runtime/Content/Pipelines/DefaultMaterialPipeline.uasset" 529
"../../../Engine/Plugins/Interchange/Runtime/Content/Pipelines/DefaultMaterialPipeline.uexp" 530
"../../../Engine/Plugins/Interchange/Runtime/Content/Pipelines/DefaultSceneLevelPipeline.uasset" 531
"../../../Engine/Plugins/Interchange/Runtime/Content/Pipelines/DefaultSceneLevelPipeline.uexp" 532
"../../../Engine/Plugins/Interchange/Runtime/Content/Pipelines/DefaultSceneAssetsPipeline.uasset" 533
"../../../Engine/Plugins/Interchange/Runtime/Content/Pipelines/DefaultSceneAssetsPipeline.uexp" 534
"../../../Engine/Content/Functions/Engine_MaterialFunctions02/Texturing/CustomRotator.uasset" 535
"../../../Engine/Content/Functions/Engine_MaterialFunctions02/Texturing/CustomRotator.uexp" 536
"../../../Engine/Content/Functions/Engine_MaterialFunctions02/Texturing/ScreenAlignedPixelToPixelUVs.uasset" 537
"../../../Engine/Content/Functions/Engine_MaterialFunctions02/Texturing/ScreenAlignedPixelToPixelUVs.uexp" 538
"../../../Engine/Plugins/Interchange/Runtime/Content/Utilities/T_Bayer64_Grayscale_64px.uasset" 539
"../../../Engine/Plugins/Interchange/Runtime/Content/Utilities/T_Bayer64_Grayscale_64px.uexp" 540
"../../../Engine/Plugins/Interchange/Runtime/Content/gltf/MaterialFunctions/MF_Temporal_Blur.uasset" 541
"../../../Engine/Plugins/Interchange/Runtime/Content/gltf/MaterialFunctions/MF_Temporal_Blur.uexp" 542
"../../../Engine/Plugins/Interchange/Runtime/Content/gltf/MaterialFunctions/MF_Fresnel_DS.uasset" 543
"../../../Engine/Plugins/Interchange/Runtime/Content/gltf/MaterialFunctions/MF_Fresnel_DS.uexp" 544
"../../../Engine/Plugins/Interchange/Runtime/Content/Functions/MX_Transmission.uasset" 545
"../../../Engine/Plugins/Interchange/Runtime/Content/Functions/MX_Transmission.uexp" 546
"../../../Engine/Plugins/Interchange/Runtime/Content/Functions/MX_StandardSurface.uasset" 547
"../../../Engine/Plugins/Interchange/Runtime/Content/Functions/MX_StandardSurface.uexp" 548
"../../../Engine/Plugins/Interchange/Runtime/Content/Functions/MX_TransmissionSurface.uasset" 549
"../../../Engine/Plugins/Interchange/Runtime/Content/Functions/MX_TransmissionSurface.uexp" 550
"../../../Engine/Content/Functions/Engine_MaterialFunctions02/Math/AddComponents.uasset" 551
"../../../Engine/Content/Functions/Engine_MaterialFunctions02/Math/AddComponents.uexp" 552
"../../../Engine/Content/Functions/Engine_MaterialFunctions02/WorldPositionOffset/V2/ObjectScale.uasset" 553
"../../../Engine/Content/Functions/Engine_MaterialFunctions02/WorldPositionOffset/V2/ObjectScale.uexp" 554
"../../../Engine/Plugins/Interchange/Runtime/Content/gltf/MaterialFunctions/MF_TransmissionOpacity.uasset" 555
"../../../Engine/Plugins/Interchange/Runtime/Content/gltf/MaterialFunctions/MF_TransmissionOpacity.uexp" 556
"../../../Engine/Plugins/Interchange/Runtime/Content/gltf/MaterialFunctions/MF_RotateV2.uasset" 557
"../../../Engine/Plugins/Interchange/Runtime/Content/gltf/MaterialFunctions/MF_RotateV2.uexp" 558
"../../../Engine/Plugins/Interchange/Runtime/Content/gltf/MaterialFunctions/MF_TransformUVs.uasset" 559
"../../../Engine/Plugins/Interchange/Runtime/Content/gltf/MaterialFunctions/MF_TransformUVs.uexp" 560
"../../../Engine/Plugins/Interchange/Runtime/Content/gltf/Textures/T_White_srgb.uasset" 561
"../../../Engine/Plugins/Interchange/Runtime/Content/gltf/Textures/T_White_srgb.uexp" 562
"../../../Engine/Plugins/Interchange/Runtime/Content/gltf/MaterialFunctions/MF_BaseColor.uasset" 563
"../../../Engine/Plugins/Interchange/Runtime/Content/gltf/MaterialFunctions/MF_BaseColor.uexp" 564
"../../../Engine/Plugins/Interchange/Runtime/Content/gltf/MaterialFunctions/MF_DiffuseSpecGloss.uasset" 565
"../../../Engine/Plugins/Interchange/Runtime/Content/gltf/MaterialFunctions/MF_DiffuseSpecGloss.uexp" 566
"../../../Engine/Plugins/Interchange/Runtime/Content/gltf/Textures/T_White_Linear.uasset" 567
"../../../Engine/Plugins/Interchange/Runtime/Content/gltf/Textures/T_White_Linear.uexp" 568
"../../../Engine/Plugins/Interchange/Runtime/Content/gltf/MaterialFunctions/MF_MetallicRoughness.uasset" 569
"../../../Engine/Plugins/Interchange/Runtime/Content/gltf/MaterialFunctions/MF_MetallicRoughness.uexp" 570
"../../../Engine/Plugins/Interchange/Runtime/Content/gltf/MaterialFunctions/MF_Transmission.uasset" 571
"../../../Engine/Plugins/Interchange/Runtime/Content/gltf/MaterialFunctions/MF_Transmission.uexp" 572
"../../../Engine/Plugins/Interchange/Runtime/Content/gltf/MaterialFunctions/MF_Occlusion.uasset" 573
"../../../Engine/Plugins/Interchange/Runtime/Content/gltf/MaterialFunctions/MF_Occlusion.uexp" 574
"../../../Engine/Plugins/Interchange/Runtime/Content/gltf/MaterialFunctions/MF_Specular.uasset" 575
"../../../Engine/Plugins/Interchange/Runtime/Content/gltf/MaterialFunctions/MF_Specular.uexp" 576
"../../../Engine/Plugins/Interchange/Runtime/Content/gltf/MaterialFunctions/MF_IOR.uasset" 577
"../../../Engine/Plugins/Interchange/Runtime/Content/gltf/MaterialFunctions/MF_IOR.uexp" 578
"../../../Engine/Content/Functions/Engine_MaterialFunctions01/Texturing/FlattenNormal.uasset" 579
"../../../Engine/Content/Functions/Engine_MaterialFunctions01/Texturing/FlattenNormal.uexp" 580
"../../../Engine/Content/Functions/Engine_MaterialFunctions02/Math/Transform3x3Matrix.uasset" 581
"../../../Engine/Content/Functions/Engine_MaterialFunctions02/Math/Transform3x3Matrix.uexp" 582
"../../../Engine/Plugins/Interchange/Runtime/Content/gltf/MaterialFunctions/MF_RotateNormals_TS.uasset" 583
"../../../Engine/Plugins/Interchange/Runtime/Content/gltf/MaterialFunctions/MF_RotateNormals_TS.uexp" 584
"../../../Engine/Plugins/Interchange/Runtime/Content/gltf/Textures/T_Generic_N.uasset" 585
"../../../Engine/Plugins/Interchange/Runtime/Content/gltf/Textures/T_Generic_N.uexp" 586
"../../../Engine/Plugins/Interchange/Runtime/Content/gltf/MaterialFunctions/MF_Normals.uasset" 587
"../../../Engine/Plugins/Interchange/Runtime/Content/gltf/MaterialFunctions/MF_Normals.uexp" 588
"../../../Engine/Plugins/Interchange/Runtime/Content/gltf/MaterialFunctions/MF_PerceivedBrightness.uasset" 589
"../../../Engine/Plugins/Interchange/Runtime/Content/gltf/MaterialFunctions/MF_PerceivedBrightness.uexp" 590
"../../../Engine/Plugins/Interchange/Runtime/Content/gltf/MaterialFunctions/MF_SpecGlossToMetalRoughness.uasset" 591
"../../../Engine/Plugins/Interchange/Runtime/Content/gltf/MaterialFunctions/MF_SpecGlossToMetalRoughness.uexp" 592
"../../../Engine/Plugins/Interchange/Runtime/Content/gltf/M_Transmission.uasset" 593
"../../../Engine/Plugins/Interchange/Runtime/Content/gltf/M_Transmission.uexp" 594
"../../../Engine/Plugins/Interchange/Runtime/Content/gltf/MaterialInstances_MR/MI_Transmission_TS.uasset" 595
"../../../Engine/Plugins/Interchange/Runtime/Content/gltf/MaterialInstances_MR/MI_Transmission_TS.uexp" 596
"../../../Engine/Plugins/Interchange/Runtime/Content/gltf/MaterialInstances_MR/MI_Transmission.uasset" 597
"../../../Engine/Plugins/Interchange/Runtime/Content/gltf/MaterialInstances_MR/MI_Transmission.uexp" 598
"../../../Engine/Plugins/Interchange/Runtime/Content/gltf/MaterialFunctions/MF_Clearcoat.uasset" 599
"../../../Engine/Plugins/Interchange/Runtime/Content/gltf/MaterialFunctions/MF_Clearcoat.uexp" 600
"../../../Engine/Plugins/Interchange/Runtime/Content/gltf/MaterialFunctions/MF_Emissive.uasset" 601
"../../../Engine/Plugins/Interchange/Runtime/Content/gltf/MaterialFunctions/MF_Emissive.uexp" 602
"../../../Engine/Plugins/Interchange/Runtime/Content/gltf/M_Translucent.uasset" 603
"../../../Engine/Plugins/Interchange/Runtime/Content/gltf/M_Translucent.uexp" 604
"../../../Engine/Plugins/Interchange/Runtime/Content/gltf/MaterialInstances_MR/MI_Translucent_TS.uasset" 605
"../../../Engine/Plugins/Interchange/Runtime/Content/gltf/MaterialInstances_MR/MI_Translucent_TS.uexp" 606
"../../../Engine/Plugins/Interchange/Runtime/Content/gltf/MaterialInstances_MR/MI_Translucent_ClearCoat_TS.uasset" 607
"../../../Engine/Plugins/Interchange/Runtime/Content/gltf/MaterialInstances_MR/MI_Translucent_ClearCoat_TS.uexp" 608
"../../../Engine/Plugins/Interchange/Runtime/Content/gltf/MaterialInstances_MR/MI_Translucent_ClearCoat.uasset" 609
"../../../Engine/Plugins/Interchange/Runtime/Content/gltf/MaterialInstances_MR/MI_Translucent_ClearCoat.uexp" 610
"../../../Engine/Plugins/Interchange/Runtime/Content/gltf/MaterialInstances_MR/MI_Translucent.uasset" 611
"../../../Engine/Plugins/Interchange/Runtime/Content/gltf/MaterialInstances_MR/MI_Translucent.uexp" 612
"../../../Engine/Plugins/Interchange/Runtime/Content/gltf/M_Unlit.uasset" 613
"../../../Engine/Plugins/Interchange/Runtime/Content/gltf/M_Unlit.uexp" 614
"../../../Engine/Plugins/Interchange/Runtime/Content/gltf/MaterialInstances_MR/MI_Opaque_Unlit_TS.uasset" 615
"../../../Engine/Plugins/Interchange/Runtime/Content/gltf/MaterialInstances_MR/MI_Opaque_Unlit_TS.uexp" 616
"../../../Engine/Plugins/Interchange/Runtime/Content/gltf/MaterialInstances_MR/MI_Opaque_Unlit.uasset" 617
"../../../Engine/Plugins/Interchange/Runtime/Content/gltf/MaterialInstances_MR/MI_Opaque_Unlit.uexp" 618
"../../../Engine/Plugins/Interchange/Runtime/Content/gltf/M_Opaque.uasset" 619
"../../../Engine/Plugins/Interchange/Runtime/Content/gltf/M_Opaque.uexp" 620
"../../../Engine/Plugins/Interchange/Runtime/Content/gltf/MaterialInstances_MR/MI_Opaque_TS.uasset" 621
"../../../Engine/Plugins/Interchange/Runtime/Content/gltf/MaterialInstances_MR/MI_Opaque_TS.uexp" 622
"../../../Engine/Plugins/Interchange/Runtime/Content/gltf/MaterialFunctions/MF_Sheen.uasset" 623
"../../../Engine/Plugins/Interchange/Runtime/Content/gltf/MaterialFunctions/MF_Sheen.uexp" 624
"../../../Engine/Content/Functions/Engine_MaterialFunctions01/Shading/FuzzyShading.uasset" 625
"../../../Engine/Content/Functions/Engine_MaterialFunctions01/Shading/FuzzyShading.uexp" 626
"../../../Engine/Plugins/Interchange/Runtime/Content/gltf/M_Sheen.uasset" 627
"../../../Engine/Plugins/Interchange/Runtime/Content/gltf/M_Sheen.uexp" 628
"../../../Engine/Plugins/Interchange/Runtime/Content/gltf/MaterialInstances_MR/MI_Opaque_Sheen_TS.uasset" 629
"../../../Engine/Plugins/Interchange/Runtime/Content/gltf/MaterialInstances_MR/MI_Opaque_Sheen_TS.uexp" 630
"../../../Engine/Plugins/Interchange/Runtime/Content/gltf/MaterialInstances_MR/MI_Opaque_Sheen.uasset" 631
"../../../Engine/Plugins/Interchange/Runtime/Content/gltf/MaterialInstances_MR/MI_Opaque_Sheen.uexp" 632
"../../../Engine/Plugins/Interchange/Runtime/Content/gltf/MaterialInstances_MR/MI_Opaque_ClearCoat_TS.uasset" 633
"../../../Engine/Plugins/Interchange/Runtime/Content/gltf/MaterialInstances_MR/MI_Opaque_ClearCoat_TS.uexp" 634
"../../../Engine/Plugins/Interchange/Runtime/Content/gltf/MaterialInstances_MR/MI_Opaque_ClearCoat.uasset" 635
"../../../Engine/Plugins/Interchange/Runtime/Content/gltf/MaterialInstances_MR/MI_Opaque_ClearCoat.uexp" 636
"../../../Engine/Plugins/Interchange/Runtime/Content/gltf/MaterialInstances_MR/MI_Opaque.uasset" 637
"../../../Engine/Plugins/Interchange/Runtime/Content/gltf/MaterialInstances_MR/MI_Opaque.uexp" 638
"../../../Engine/Plugins/Interchange/Runtime/Content/gltf/MaterialInstances_SG/MI_Transmission_TS.uasset" 639
"../../../Engine/Plugins/Interchange/Runtime/Content/gltf/MaterialInstances_SG/MI_Transmission_TS.uexp" 640
"../../../Engine/Plugins/Interchange/Runtime/Content/gltf/MaterialInstances_SG/MI_Transmission.uasset" 641
"../../../Engine/Plugins/Interchange/Runtime/Content/gltf/MaterialInstances_SG/MI_Transmission.uexp" 642
"../../../Engine/Plugins/Interchange/Runtime/Content/gltf/MaterialInstances_SG/MI_Translucent_TS.uasset" 643
"../../../Engine/Plugins/Interchange/Runtime/Content/gltf/MaterialInstances_SG/MI_Translucent_TS.uexp" 644
"../../../Engine/Plugins/Interchange/Runtime/Content/gltf/MaterialInstances_SG/MI_Translucent_ClearCoat_TS.uasset" 645
"../../../Engine/Plugins/Interchange/Runtime/Content/gltf/MaterialInstances_SG/MI_Translucent_ClearCoat_TS.uexp" 646
"../../../Engine/Plugins/Interchange/Runtime/Content/gltf/MaterialInstances_SG/MI_Translucent_ClearCoat.uasset" 647
"../../../Engine/Plugins/Interchange/Runtime/Content/gltf/MaterialInstances_SG/MI_Translucent_ClearCoat.uexp" 648
"../../../Engine/Plugins/Interchange/Runtime/Content/gltf/MaterialInstances_SG/MI_Translucent.uasset" 649
"../../../Engine/Plugins/Interchange/Runtime/Content/gltf/MaterialInstances_SG/MI_Translucent.uexp" 650
"../../../Engine/Plugins/Interchange/Runtime/Content/gltf/MaterialInstances_SG/MI_Opaque_TS.uasset" 651
"../../../Engine/Plugins/Interchange/Runtime/Content/gltf/MaterialInstances_SG/MI_Opaque_TS.uexp" 652
"../../../Engine/Plugins/Interchange/Runtime/Content/gltf/MaterialInstances_SG/MI_Opaque_Sheen_TS.uasset" 653
"../../../Engine/Plugins/Interchange/Runtime/Content/gltf/MaterialInstances_SG/MI_Opaque_Sheen_TS.uexp" 654
"../../../Engine/Plugins/Interchange/Runtime/Content/gltf/MaterialInstances_SG/MI_Opaque_Sheen.uasset" 655
"../../../Engine/Plugins/Interchange/Runtime/Content/gltf/MaterialInstances_SG/MI_Opaque_Sheen.uexp" 656
"../../../Engine/Plugins/Interchange/Runtime/Content/gltf/MaterialInstances_SG/MI_Opaque_ClearCoat_TS.uasset" 657
"../../../Engine/Plugins/Interchange/Runtime/Content/gltf/MaterialInstances_SG/MI_Opaque_ClearCoat_TS.uexp" 658
"../../../Engine/Plugins/Interchange/Runtime/Content/gltf/MaterialInstances_SG/MI_Opaque_ClearCoat.uasset" 659
"../../../Engine/Plugins/Interchange/Runtime/Content/gltf/MaterialInstances_SG/MI_Opaque_ClearCoat.uexp" 660
"../../../Engine/Plugins/Interchange/Runtime/Content/gltf/MaterialInstances_SG/MI_Opaque.uasset" 661
"../../../Engine/Plugins/Interchange/Runtime/Content/gltf/MaterialInstances_SG/MI_Opaque.uexp" 662
"../../../Engine/Content/BasicShapes/Cube.uasset" 663
"../../../Engine/Content/BasicShapes/Cube.uexp" 664
"D:/PrivateProject/RunningHorse/Content/Widget/BP_MainWidget.uasset" 665
"D:/PrivateProject/RunningHorse/Content/Widget/BP_MainWidget.uexp" 666
"D:/PrivateProject/RunningHorse/Content/Image/free-icon-trophy-1074653.ubulk" 667
"D:/PrivateProject/RunningHorse/Content/Image/free-icon-trophy-1074653.uasset" 668
"D:/PrivateProject/RunningHorse/Content/Image/free-icon-trophy-1074653.uexp" 669
"D:/PrivateProject/RunningHorse/Content/FColorData.uasset" 670
"D:/PrivateProject/RunningHorse/Content/FColorData.uexp" 671
"D:/PrivateProject/RunningHorse/Content/Widget/BP_RankingWidget.uasset" 672
"D:/PrivateProject/RunningHorse/Content/Widget/BP_RankingWidget.uexp" 673
"../../../Engine/Content/EditorBlueprintResources/StandardMacros.uasset" 674
"../../../Engine/Content/EditorBlueprintResources/StandardMacros.uexp" 675
"D:/PrivateProject/RunningHorse/Content/Widget/BP_ResultWidget.uasset" 676
"D:/PrivateProject/RunningHorse/Content/Widget/BP_ResultWidget.uexp" 677
"D:/PrivateProject/RunningHorse/Content/Blueprints/BP_TzCameraModifier.uasset" 678
"D:/PrivateProject/RunningHorse/Content/Blueprints/BP_TzCameraModifier.uexp" 679
"D:/PrivateProject/RunningHorse/Content/Blueprints/BP_CameraManager.uasset" 680
"D:/PrivateProject/RunningHorse/Content/Blueprints/BP_CameraManager.uexp" 681
"D:/PrivateProject/RunningHorse/Content/Widget/WBP_GameWidget.uasset" 682
"D:/PrivateProject/RunningHorse/Content/Widget/WBP_GameWidget.uexp" 683
"D:/PrivateProject/RunningHorse/Content/Blueprints/BP_PlayerController.uasset" 684
"D:/PrivateProject/RunningHorse/Content/Blueprints/BP_PlayerController.uexp" 685
"D:/PrivateProject/RunningHorse/Content/BP_SlowComponent.uasset" 686
"D:/PrivateProject/RunningHorse/Content/BP_SlowComponent.uexp" 687
"D:/PrivateProject/RunningHorse/Content/DataTable/RunnerCompDataTable.uasset" 688
"D:/PrivateProject/RunningHorse/Content/DataTable/RunnerCompDataTable.uexp" 689
"../../../Engine/Content/BasicShapes/Plane.uasset" 690
"../../../Engine/Content/BasicShapes/Plane.uexp" 691
"../../../Engine/Content/EditorResources/FieldNodes/_Resources/M_FieldVolumePreview.uasset" 692
"../../../Engine/Content/EditorResources/FieldNodes/_Resources/M_FieldVolumePreview.uexp" 693
"../../../Engine/Content/EditorResources/FieldNodes/_Resources/MI_FieldVolumePreview.uasset" 694
"../../../Engine/Content/EditorResources/FieldNodes/_Resources/MI_FieldVolumePreview.uexp" 695
"D:/PrivateProject/RunningHorse/Content/Widget/WBP_RunnerLine.uasset" 696
"D:/PrivateProject/RunningHorse/Content/Widget/WBP_RunnerLine.uexp" 697
"D:/PrivateProject/RunningHorse/Content/Migrated/T_Bot_M_R_AO.ubulk" 698
"D:/PrivateProject/RunningHorse/Content/Migrated/T_Bot_M_R_AO.uasset" 699
"D:/PrivateProject/RunningHorse/Content/Migrated/T_Bot_M_R_AO.uexp" 700
"../../../Engine/Content/EngineMaterials/BlendFunc_DefBlend.uasset" 701
"../../../Engine/Content/EngineMaterials/BlendFunc_DefBlend.uexp" 702
"../../../Engine/Content/EngineMaterials/BlendFunc_DefBase.uasset" 703
"../../../Engine/Content/EngineMaterials/BlendFunc_DefBase.uexp" 704
"../../../Engine/Content/Functions/Engine_MaterialFunctions03/Blends/Blend_Overlay.uasset" 705
"../../../Engine/Content/Functions/Engine_MaterialFunctions03/Blends/Blend_Overlay.uexp" 706
"D:/PrivateProject/RunningHorse/Content/Migrated/MF_SpawnEffect.uasset" 707
"D:/PrivateProject/RunningHorse/Content/Migrated/MF_SpawnEffect.uexp" 708
"D:/PrivateProject/RunningHorse/Content/Migrated/T_Bot_Normal.ubulk" 709
"D:/PrivateProject/RunningHorse/Content/Migrated/T_Bot_Normal.uasset" 710
"D:/PrivateProject/RunningHorse/Content/Migrated/T_Bot_Normal.uexp" 711
"D:/PrivateProject/RunningHorse/Content/Migrated/T_Bot_Albedo.ubulk" 712
"D:/PrivateProject/RunningHorse/Content/Migrated/T_Bot_Albedo.uasset" 713
"D:/PrivateProject/RunningHorse/Content/Migrated/T_Bot_Albedo.uexp" 714
"D:/PrivateProject/RunningHorse/Content/Migrated/T_Bot_Masks.ubulk" 715
"D:/PrivateProject/RunningHorse/Content/Migrated/T_Bot_Masks.uasset" 716
"D:/PrivateProject/RunningHorse/Content/Migrated/T_Bot_Masks.uexp" 717
"../../../Engine/Content/Functions/Engine_MaterialFunctions02/HueShift.uasset" 718
"../../../Engine/Content/Functions/Engine_MaterialFunctions02/HueShift.uexp" 719
"D:/PrivateProject/RunningHorse/Content/Migrated/M_BotBase.uasset" 720
"D:/PrivateProject/RunningHorse/Content/Migrated/M_BotBase.uexp" 721
"D:/PrivateProject/RunningHorse/Content/Migrated/M_BotBase_Inst.uasset" 722
"D:/PrivateProject/RunningHorse/Content/Migrated/M_BotBase_Inst.uexp" 723
"../../../Engine/Content/EngineMeshes/Humanoid.uasset" 724
"../../../Engine/Content/EngineMeshes/Humanoid.uexp" 725
"D:/PrivateProject/RunningHorse/Content/Migrated/SK_Bot.uasset" 726
"D:/PrivateProject/RunningHorse/Content/Migrated/SK_Bot.uexp" 727
"../../../Engine/Content/Animation/DefaultAnimCurveCompressionSettings.uasset" 728
"../../../Engine/Content/Animation/DefaultAnimCurveCompressionSettings.uexp" 729
"../../../Engine/Content/Animation/DefaultAnimBoneCompressionSettings.uasset" 730
"../../../Engine/Content/Animation/DefaultAnimBoneCompressionSettings.uexp" 731
"D:/PrivateProject/RunningHorse/Content/Character/Animations/A_Bot_RunJump.uasset" 732
"D:/PrivateProject/RunningHorse/Content/Character/Animations/A_Bot_RunJump.uexp" 733
"D:/PrivateProject/RunningHorse/Content/Character/Animations/A_Bot_IdleJump.uasset" 734
"D:/PrivateProject/RunningHorse/Content/Character/Animations/A_Bot_IdleJump.uexp" 735
"D:/PrivateProject/RunningHorse/Content/Migrated/BS_Bot_RunIdleJump.uasset" 736
"D:/PrivateProject/RunningHorse/Content/Migrated/BS_Bot_RunIdleJump.uexp" 737
"D:/PrivateProject/RunningHorse/Content/Character/Animations/A_Bot_Run_LeanLeft.uasset" 738
"D:/PrivateProject/RunningHorse/Content/Character/Animations/A_Bot_Run_LeanLeft.uexp" 739
"D:/PrivateProject/RunningHorse/Content/Character/Animations/A_Bot_Run_LeanRight.uasset" 740
"D:/PrivateProject/RunningHorse/Content/Character/Animations/A_Bot_Run_LeanRight.uexp" 741
"D:/PrivateProject/RunningHorse/Content/Character/Animations/A_Bot_Walk.uasset" 742
"D:/PrivateProject/RunningHorse/Content/Character/Animations/A_Bot_Walk.uexp" 743
"D:/PrivateProject/RunningHorse/Content/Character/Animations/A_Bot_Run.uasset" 744
"D:/PrivateProject/RunningHorse/Content/Character/Animations/A_Bot_Run.uexp" 745
"D:/PrivateProject/RunningHorse/Content/Migrated/BS_Bot_WalkRunLean.uasset" 746
"D:/PrivateProject/RunningHorse/Content/Migrated/BS_Bot_WalkRunLean.uexp" 747
"D:/PrivateProject/RunningHorse/Content/Character/Animations/A_Bot_Hover_Loop.uasset" 748
"D:/PrivateProject/RunningHorse/Content/Character/Animations/A_Bot_Hover_Loop.uexp" 749
"D:/PrivateProject/RunningHorse/Content/Character/Animations/A_Bot_Idle_Inactive.uasset" 750
"D:/PrivateProject/RunningHorse/Content/Character/Animations/A_Bot_Idle_Inactive.uexp" 751
"D:/PrivateProject/RunningHorse/Content/Character/Animations/A_Bot_Hover_Start.uasset" 752
"D:/PrivateProject/RunningHorse/Content/Character/Animations/A_Bot_Hover_Start.uexp" 753
"D:/PrivateProject/RunningHorse/Content/Character/Animations/A_Bot_LandIdle.uasset" 754
"D:/PrivateProject/RunningHorse/Content/Character/Animations/A_Bot_LandIdle.uexp" 755
"D:/PrivateProject/RunningHorse/Content/Character/Animations/A_Bot_Idle.uasset" 756
"D:/PrivateProject/RunningHorse/Content/Character/Animations/A_Bot_Idle.uexp" 757
"D:/PrivateProject/RunningHorse/Content/Character/Animations/A_Bot_Hover_End.uasset" 758
"D:/PrivateProject/RunningHorse/Content/Character/Animations/A_Bot_Hover_End.uexp" 759
"D:/PrivateProject/RunningHorse/Content/Character/Animations/A_Bot_LandRun.uasset" 760
"D:/PrivateProject/RunningHorse/Content/Character/Animations/A_Bot_LandRun.uexp" 761
"D:/PrivateProject/RunningHorse/Content/Character/Animations/A_Bot_Fall.uasset" 762
"D:/PrivateProject/RunningHorse/Content/Character/Animations/A_Bot_Fall.uexp" 763
"D:/PrivateProject/RunningHorse/Content/Character/Animations/ABP_Bot.uasset" 764
"D:/PrivateProject/RunningHorse/Content/Character/Animations/ABP_Bot.uexp" 765
"D:/PrivateProject/RunningHorse/Content/Shader/AndroidShader/MM_Outline.uasset" 766
"D:/PrivateProject/RunningHorse/Content/Shader/AndroidShader/MM_Outline.uexp" 767
"D:/PrivateProject/RunningHorse/Content/Shader/AndroidShader/MM_Outline_Inst.uasset" 768
"D:/PrivateProject/RunningHorse/Content/Shader/AndroidShader/MM_Outline_Inst.uexp" 769
"../../../Engine/Content/BasicShapes/BasicShapeMaterial.uasset" 770
"../../../Engine/Content/BasicShapes/BasicShapeMaterial.uexp" 771
"../../../Engine/Content/Functions/Engine_MaterialFunctions02/ExampleContent/DebugNumberStrip.uasset" 772
"../../../Engine/Content/Functions/Engine_MaterialFunctions02/ExampleContent/DebugNumberStrip.uexp" 773
"../../../Engine/Content/Functions/Engine_MaterialFunctions01/Texturing/ComputeMipLevel.uasset" 774
"../../../Engine/Content/Functions/Engine_MaterialFunctions01/Texturing/ComputeMipLevel.uexp" 775
"../../../Engine/Content/Functions/Engine_MaterialFunctions01/Texturing/TextureCropping.uasset" 776
"../../../Engine/Content/Functions/Engine_MaterialFunctions01/Texturing/TextureCropping.uexp" 777
"../../../Engine/Content/Functions/Engine_MaterialFunctions02/ExampleContent/Textures/DebugNumberPeriod.uasset" 778
"../../../Engine/Content/Functions/Engine_MaterialFunctions02/ExampleContent/Textures/DebugNumberPeriod.uexp" 779
"../../../Engine/Content/Functions/Engine_MaterialFunctions02/Utility/DebugScalarValues.uasset" 780
"../../../Engine/Content/Functions/Engine_MaterialFunctions02/Utility/DebugScalarValues.uexp" 781
"../../../Engine/Content/Functions/Engine_MaterialFunctions02/Utility/DebugFloat2Values.uasset" 782
"../../../Engine/Content/Functions/Engine_MaterialFunctions02/Utility/DebugFloat2Values.uexp" 783
"../../../Engine/Content/Functions/Engine_MaterialFunctions02/ExampleContent/Textures/flipbook.ubulk" 784
"../../../Engine/Content/Functions/Engine_MaterialFunctions02/ExampleContent/Textures/flipbook.uasset" 785
"../../../Engine/Content/Functions/Engine_MaterialFunctions02/ExampleContent/Textures/flipbook.uexp" 786
"../../../Engine/Content/Functions/Engine_MaterialFunctions02/Texturing/FlipBook.uasset" 787
"../../../Engine/Content/Functions/Engine_MaterialFunctions02/Texturing/FlipBook.uexp" 788
"D:/PrivateProject/RunningHorse/Content/Migrated/T_Eyes_Atlas.uasset" 789
"D:/PrivateProject/RunningHorse/Content/Migrated/T_Eyes_Atlas.uexp" 790
"D:/PrivateProject/RunningHorse/Content/Migrated/T_Bot_FaceBG.ubulk" 791
"D:/PrivateProject/RunningHorse/Content/Migrated/T_Bot_FaceBG.uasset" 792
"D:/PrivateProject/RunningHorse/Content/Migrated/T_Bot_FaceBG.uexp" 793
"D:/PrivateProject/RunningHorse/Content/Migrated/M_BotFace.uasset" 794
"D:/PrivateProject/RunningHorse/Content/Migrated/M_BotFace.uexp" 795
"D:/PrivateProject/RunningHorse/Content/Migrated/MI_BotFace.uasset" 796
"D:/PrivateProject/RunningHorse/Content/Migrated/MI_BotFace.uexp" 797
"D:/PrivateProject/RunningHorse/Content/Migrated/PhA_Bot.uasset" 798
"D:/PrivateProject/RunningHorse/Content/Migrated/PhA_Bot.uexp" 799
"D:/PrivateProject/RunningHorse/Content/Migrated/SKM_Bot.uasset" 800
"D:/PrivateProject/RunningHorse/Content/Migrated/SKM_Bot.uexp" 801
"D:/PrivateProject/RunningHorse/Content/Blueprints/BP_Runner.uasset" 802
"D:/PrivateProject/RunningHorse/Content/Blueprints/BP_Runner.uexp" 803
"../../../Engine/Content/MaterialTemplates/VertexAnimation/AdvancedFlag.uasset" 804
"../../../Engine/Content/MaterialTemplates/VertexAnimation/AdvancedFlag.uexp" 805
"D:/PrivateProject/RunningHorse/Content/Blueprints/BP_TzLane.uasset" 806
"D:/PrivateProject/RunningHorse/Content/Blueprints/BP_TzLane.uexp" 807
"D:/PrivateProject/RunningHorse/Content/Blueprints/BP_RunnerGameMode.uasset" 808
"D:/PrivateProject/RunningHorse/Content/Blueprints/BP_RunnerGameMode.uexp" 809
"D:/PrivateProject/RunningHorse/Content/VehicleVarietyPack/Materials/Masters/M_Blank.uasset" 810
"D:/PrivateProject/RunningHorse/Content/VehicleVarietyPack/Materials/Masters/M_Blank.uexp" 811
"../../../Engine/Content/EngineSky/T_Sky_Stars.ubulk" 812
"../../../Engine/Content/EngineSky/T_Sky_Stars.uasset" 813
"../../../Engine/Content/EngineSky/T_Sky_Stars.uexp" 814
"../../../Engine/Content/EngineSky/T_Sky_Clouds_M.ubulk" 815
"../../../Engine/Content/EngineSky/T_Sky_Clouds_M.uasset" 816
"../../../Engine/Content/EngineSky/T_Sky_Clouds_M.uexp" 817
"../../../Engine/Content/EngineSky/T_Sky_Blue.ubulk" 818
"../../../Engine/Content/EngineSky/T_Sky_Blue.uasset" 819
"../../../Engine/Content/EngineSky/T_Sky_Blue.uexp" 820
"../../../Engine/Content/EngineSky/M_Sky_Panning_Clouds2.uasset" 821
"../../../Engine/Content/EngineSky/M_Sky_Panning_Clouds2.uexp" 822
"../../../Engine/Content/EngineSky/SM_SkySphere.uasset" 823
"../../../Engine/Content/EngineSky/SM_SkySphere.uexp" 824
"D:/PrivateProject/RunningHorse/Content/Blueprints/BP_LanePlace.uasset" 825
"D:/PrivateProject/RunningHorse/Content/Blueprints/BP_LanePlace.uexp" 826
"../../../Engine/Content/MapTemplates/SM_Template_Map_Floor.uasset" 827
"../../../Engine/Content/MapTemplates/SM_Template_Map_Floor.uexp" 828
"D:/PrivateProject/RunningHorse/Content/Game_BuiltData.ubulk" 829
"D:/PrivateProject/RunningHorse/Content/Game_BuiltData.uasset" 830
"D:/PrivateProject/RunningHorse/Content/Game_BuiltData.uexp" 831
"../../../Engine/Content/EngineSky/M_SimpleSkyDome.uasset" 832
"../../../Engine/Content/EngineSky/M_SimpleSkyDome.uexp" 833
"D:/PrivateProject/RunningHorse/Content/Blueprints/BP_CameraActor.uasset" 834
"D:/PrivateProject/RunningHorse/Content/Blueprints/BP_CameraActor.uexp" 835
"D:/PrivateProject/RunningHorse/Content/Game.uexp" 836
"D:/PrivateProject/RunningHorse/Content/Game.umap" 837
"../../../Engine/Content/Maps/Entry_BuiltData.uasset" 838
"../../../Engine/Content/Maps/Entry_BuiltData.uexp" 839
"../../../Engine/Content/Maps/Entry.uexp" 840
"../../../Engine/Content/Maps/Entry.umap" 841
