"../../../Engine/Content/EditorResources/S_Actor.ubulk" 0
"../../../Engine/Content/EditorResources/S_Actor.uasset" 1
"../../../Engine/Content/EditorResources/S_Actor.uexp" 2
"../../../Engine/Content/EditorResources/S_BoxReflectionCapture.uasset" 3
"../../../Engine/Content/EditorResources/S_BoxReflectionCapture.uexp" 4
"../../../Engine/Content/EngineResources/DefaultTexture.ubulk" 5
"../../../Engine/Content/EngineResources/DefaultTexture.uasset" 6
"../../../Engine/Content/EngineResources/DefaultTexture.uexp" 7
"../../../Engine/Content/EngineResources/DefaultTextureCube.uasset" 8
"../../../Engine/Content/EngineResources/DefaultTextureCube.uexp" 9
"../../../Engine/Content/EngineResources/DefaultVolumeTexture2D.uasset" 10
"../../../Engine/Content/EngineResources/DefaultVolumeTexture2D.uexp" 11
"../../../Engine/Content/EngineResources/DefaultVolumeTexture.uasset" 12
"../../../Engine/Content/EngineResources/DefaultVolumeTexture.uexp" 13
"../../../Engine/Content/EditorResources/S_Trigger.ubulk" 14
"../../../Engine/Content/EditorResources/S_Trigger.uasset" 15
"../../../Engine/Content/EditorResources/S_Trigger.uexp" 16
"../../../Engine/Content/EditorResources/S_TriggerBox.uasset" 17
"../../../Engine/Content/EditorResources/S_TriggerBox.uexp" 18
"../../../Engine/Content/EditorResources/S_TriggerCapsule.uasset" 19
"../../../Engine/Content/EditorResources/S_TriggerCapsule.uexp" 20
"../../../Engine/Content/EditorResources/S_TriggerSphere.uasset" 21
"../../../Engine/Content/EditorResources/S_TriggerSphere.uexp" 22
"../../../Engine/Content/EngineMeshes/Sphere.uasset" 23
"../../../Engine/Content/EngineMeshes/Sphere.uexp" 24
"../../../Engine/Content/EngineResources/GradientTexture0.uasset" 25
"../../../Engine/Content/EngineResources/GradientTexture0.uexp" 26
"../../../Engine/Content/EngineResources/Black.uasset" 27
"../../../Engine/Content/EngineResources/Black.uexp" 28
"../../../Engine/Content/VREditor/LaserPointer/VR_LaserPower_01.ubulk" 29
"../../../Engine/Content/VREditor/LaserPointer/VR_LaserPower_01.uasset" 30
"../../../Engine/Content/VREditor/LaserPointer/VR_LaserPower_01.uexp" 31
"../../../Engine/Content/VREditor/TransformGizmo/TransformGizmoMaterial.uasset" 32
"../../../Engine/Content/VREditor/TransformGizmo/TransformGizmoMaterial.uexp" 33
"../../../Engine/Content/VREditor/TransformGizmo/TranslucentTransformGizmoMaterial.uasset" 34
"../../../Engine/Content/VREditor/TransformGizmo/TranslucentTransformGizmoMaterial.uexp" 35
"../../../Engine/Content/VREditor/TransformGizmo/PlaneTranslationHandle.uasset" 36
"../../../Engine/Content/VREditor/TransformGizmo/PlaneTranslationHandle.uexp" 37
"../../../Engine/Content/VREditor/TransformGizmo/BoundingBoxCorner.uasset" 38
"../../../Engine/Content/VREditor/TransformGizmo/BoundingBoxCorner.uexp" 39
"../../../Engine/Content/VREditor/TransformGizmo/BoundingBoxEdge.uasset" 40
"../../../Engine/Content/VREditor/TransformGizmo/BoundingBoxEdge.uexp" 41
"../../../Engine/Content/VREditor/TransformGizmo/Main.uasset" 42
"../../../Engine/Content/VREditor/TransformGizmo/Main.uexp" 43
"../../../Engine/Content/VREditor/TransformGizmo/Xray.uasset" 44
"../../../Engine/Content/VREditor/TransformGizmo/Xray.uexp" 45
"../../../Engine/Content/VREditor/TransformGizmo/SM_Sequencer_Node.uasset" 46
"../../../Engine/Content/VREditor/TransformGizmo/SM_Sequencer_Node.uexp" 47
"../../../Engine/Content/EditorMaterials/Camera/CineMat.uasset" 48
"../../../Engine/Content/EditorMaterials/Camera/CineMat.uexp" 49
"../../../Engine/Content/EditorMaterials/Camera/MI_CineMat_Rig.uasset" 50
"../../../Engine/Content/EditorMaterials/Camera/MI_CineMat_Rig.uexp" 51
"../../../Engine/Content/EditorMeshes/Camera/SM_CraneRig_Base.uasset" 52
"../../../Engine/Content/EditorMeshes/Camera/SM_CraneRig_Base.uexp" 53
"../../../Engine/Content/EditorMeshes/Camera/SM_CraneRig_Arm.uasset" 54
"../../../Engine/Content/EditorMeshes/Camera/SM_CraneRig_Arm.uexp" 55
"../../../Engine/Content/EditorMeshes/Camera/SM_CraneRig_Mount.uasset" 56
"../../../Engine/Content/EditorMeshes/Camera/SM_CraneRig_Mount.uexp" 57
"../../../Engine/Content/EditorMeshes/Camera/SM_CraneRig_Body.uasset" 58
"../../../Engine/Content/EditorMeshes/Camera/SM_CraneRig_Body.uexp" 59
"../../../Engine/Content/EditorMeshes/Camera/SM_RailRig_Track.uasset" 60
"../../../Engine/Content/EditorMeshes/Camera/SM_RailRig_Track.uexp" 61
"../../../Engine/Content/EditorMeshes/Camera/SM_RailRig_Mount.uasset" 62
"../../../Engine/Content/EditorMeshes/Camera/SM_RailRig_Mount.uexp" 63
"../../../Engine/Content/EngineMaterials/T_Default_Material_Grid_M.ubulk" 64
"../../../Engine/Content/EngineMaterials/T_Default_Material_Grid_M.uasset" 65
"../../../Engine/Content/EngineMaterials/T_Default_Material_Grid_M.uexp" 66
"../../../Engine/Content/EngineMaterials/T_Default_Material_Grid_N.ubulk" 67
"../../../Engine/Content/EngineMaterials/T_Default_Material_Grid_N.uasset" 68
"../../../Engine/Content/EngineMaterials/T_Default_Material_Grid_N.uexp" 69
"../../../Engine/Content/Functions/Engine_MaterialFunctions01/Opacity/CameraDepthFade.uasset" 70
"../../../Engine/Content/Functions/Engine_MaterialFunctions01/Opacity/CameraDepthFade.uexp" 71
"../../../Engine/Content/EngineMaterials/WorldGridMaterial.uasset" 72
"../../../Engine/Content/EngineMaterials/WorldGridMaterial.uexp" 73
"../../../Engine/Content/ArtTools/RenderToTexture/Meshes/S_1_Unit_Plane.uasset" 74
"../../../Engine/Content/ArtTools/RenderToTexture/Meshes/S_1_Unit_Plane.uexp" 75
"../../../Engine/Content/EditorMaterials/ParticleSystems/PSysThumbnail_NoImage.ubulk" 76
"../../../Engine/Content/EditorMaterials/ParticleSystems/PSysThumbnail_NoImage.uasset" 77
"../../../Engine/Content/EditorMaterials/ParticleSystems/PSysThumbnail_NoImage.uexp" 78
"../../../Engine/Content/EditorMaterials/ParticleSystems/PSysThumbnail_OOD.ubulk" 79
"../../../Engine/Content/EditorMaterials/ParticleSystems/PSysThumbnail_OOD.uasset" 80
"../../../Engine/Content/EditorMaterials/ParticleSystems/PSysThumbnail_OOD.uexp" 81
"../../../Engine/Content/EditorLandscapeResources/SplineEditorMeshMat.uasset" 82
"../../../Engine/Content/EditorLandscapeResources/SplineEditorMeshMat.uexp" 83
"../../../Engine/Content/EditorLandscapeResources/SplineEditorMesh.uasset" 84
"../../../Engine/Content/EditorLandscapeResources/SplineEditorMesh.uexp" 85
"../../../Engine/Content/EditorResources/S_Solver.ubulk" 86
"../../../Engine/Content/EditorResources/S_Solver.uasset" 87
"../../../Engine/Content/EditorResources/S_Solver.uexp" 88
"../../../Engine/Plugins/Media/MediaPlate/Content/SM_MediaPlateScreen.uasset" 89
"../../../Engine/Plugins/Media/MediaPlate/Content/SM_MediaPlateScreen.uexp" 90
"../../../Engine/Content/EngineMaterials/Good64x64TilingNoiseHighFreq.uasset" 91
"../../../Engine/Content/EngineMaterials/Good64x64TilingNoiseHighFreq.uexp" 92
"../../../Engine/Content/EngineMaterials/DefaultBokeh.uasset" 93
"../../../Engine/Content/EngineMaterials/DefaultBokeh.uexp" 94
"../../../Engine/Content/EngineMaterials/PreintegratedSkinBRDF.uasset" 95
"../../../Engine/Content/EngineMaterials/PreintegratedSkinBRDF.uexp" 96
"../../../Engine/Content/EngineMaterials/MiniFont.uasset" 97
"../../../Engine/Content/EngineMaterials/MiniFont.uexp" 98
"../../../Engine/Content/EngineMaterials/WeightMapPlaceholderTexture.uasset" 99
"../../../Engine/Content/EngineMaterials/WeightMapPlaceholderTexture.uexp" 100
"../../../Engine/Content/EngineMaterials/DefaultWhiteGrid.ubulk" 101
"../../../Engine/Content/EngineMaterials/DefaultWhiteGrid.uasset" 102
"../../../Engine/Content/EngineMaterials/DefaultWhiteGrid.uexp" 103
"../../../Engine/Content/EngineMaterials/DefaultMaterial.uasset" 104
"../../../Engine/Content/EngineMaterials/DefaultMaterial.uexp" 105
"../../../Engine/Content/BasicShapes/Sphere.uasset" 106
"../../../Engine/Content/BasicShapes/Sphere.uexp" 107
"../../../Engine/Content/BasicShapes/Cylinder.uasset" 108
"../../../Engine/Content/BasicShapes/Cylinder.uexp" 109
"../../../Engine/Content/BasicShapes/Cube.uasset" 110
"../../../Engine/Content/BasicShapes/Cube.uexp" 111
"../../../Engine/Content/BasicShapes/Cone.uasset" 112
"../../../Engine/Content/BasicShapes/Cone.uexp" 113
"../../../Engine/Plugins/Interchange/Runtime/Content/Pipelines/DefaultSceneLevelPipeline.uasset" 114
"../../../Engine/Plugins/Interchange/Runtime/Content/Pipelines/DefaultSceneLevelPipeline.uexp" 115
"../../../Engine/Content/Animation/DefaultRecorderBoneCompression.uasset" 116
"../../../Engine/Content/Animation/DefaultRecorderBoneCompression.uexp" 117
"../../../Engine/Content/EditorLandscapeResources/DefaultAlphaTexture.uasset" 118
"../../../Engine/Content/EditorLandscapeResources/DefaultAlphaTexture.uexp" 119
"../../../Engine/Content/EditorLandscapeResources/DataLayer.uasset" 120
"../../../Engine/Content/EditorLandscapeResources/DataLayer.uexp" 121
"../../../Engine/Content/EditorMaterials/PreviewShadowIndicator.ubulk" 122
"../../../Engine/Content/EditorMaterials/PreviewShadowIndicator.uasset" 123
"../../../Engine/Content/EditorMaterials/PreviewShadowIndicator.uexp" 124
"../../../Engine/Content/EditorMaterials/PreviewShadowIndicatorMaterial.uasset" 125
"../../../Engine/Content/EditorMaterials/PreviewShadowIndicatorMaterial.uexp" 126
"../../../Engine/Content/EditorMaterials/PhAT_UnselectedMaterial.uasset" 127
"../../../Engine/Content/EditorMaterials/PhAT_UnselectedMaterial.uexp" 128
"../../../Engine/Content/EditorMaterials/PhAT_NoCollisionMaterial.uasset" 129
"../../../Engine/Content/EditorMaterials/PhAT_NoCollisionMaterial.uexp" 130
"../../../Engine/Content/Functions/Engine_MaterialFunctions02/Utility/MakeFloat4.uasset" 131
"../../../Engine/Content/Functions/Engine_MaterialFunctions02/Utility/MakeFloat4.uexp" 132
"../../../Engine/Content/Functions/Engine_MaterialFunctions02/Utility/MakeFloat3.uasset" 133
"../../../Engine/Content/Functions/Engine_MaterialFunctions02/Utility/MakeFloat3.uexp" 134
"../../../Engine/Content/Functions/Engine_MaterialFunctions02/Utility/BreakOutFloat3Components.uasset" 135
"../../../Engine/Content/Functions/Engine_MaterialFunctions02/Utility/BreakOutFloat3Components.uexp" 136
"../../../Engine/Content/EditorMaterials/WorldPartition/WorldPartitionSpatialHashGridPreviewMaterial.uasset" 137
"../../../Engine/Content/EditorMaterials/WorldPartition/WorldPartitionSpatialHashGridPreviewMaterial.uexp" 138
"../../../Engine/Content/EditorResources/S_Terrain.ubulk" 139
"../../../Engine/Content/EditorResources/S_Terrain.uasset" 140
"../../../Engine/Content/EditorResources/S_Terrain.uexp" 141
"../../../Engine/Content/EditorResources/EmptyActor.uasset" 142
"../../../Engine/Content/EditorResources/EmptyActor.uexp" 143
"../../../Engine/Content/EditorResources/BSPVertex.uasset" 144
"../../../Engine/Content/EditorResources/BSPVertex.uexp" 145
"../../../Engine/Content/EditorResources/SequenceRecorder/RecordingIndicator.uasset" 146
"../../../Engine/Content/EditorResources/SequenceRecorder/RecordingIndicator.uexp" 147
"../../../Engine/Content/EditorResources/SequenceRecorder/Countdown.uasset" 148
"../../../Engine/Content/EditorResources/SequenceRecorder/Countdown.uexp" 149
"../../../Engine/Content/EngineDamageTypes/DmgTypeBP_Environmental.uasset" 150
"../../../Engine/Content/EngineDamageTypes/DmgTypeBP_Environmental.uexp" 151
"../../../Engine/Content/Functions/Engine_MaterialFunctions02/Utility/CameraDirectionVector.uasset" 152
"../../../Engine/Content/Functions/Engine_MaterialFunctions02/Utility/CameraDirectionVector.uexp" 153
"../../../Engine/Content/EngineDebugMaterials/VolumeToRender.uasset" 154
"../../../Engine/Content/EngineDebugMaterials/VolumeToRender.uexp" 155
"../../../Engine/Content/EngineDebugMaterials/M_VolumeRenderSphereTracePP.uasset" 156
"../../../Engine/Content/EngineDebugMaterials/M_VolumeRenderSphereTracePP.uexp" 157
"../../../Engine/Content/EngineDebugMaterials/M_SimpleUnlitTranslucent.uasset" 158
"../../../Engine/Content/EngineDebugMaterials/M_SimpleUnlitTranslucent.uexp" 159
"../../../Engine/Content/EngineDebugMaterials/DebugMeshMaterial.uasset" 160
"../../../Engine/Content/EngineDebugMaterials/DebugMeshMaterial.uexp" 161
"../../../Engine/Content/EngineDebugMaterials/DebugEditorMaterial.uasset" 162
"../../../Engine/Content/EngineDebugMaterials/DebugEditorMaterial.uexp" 163
"../../../Engine/Content/EngineFonts/Faces/RobotoLight.uexp" 164
"../../../Engine/Content/EngineFonts/Faces/RobotoLight.uasset" 165
"../../../Engine/Content/EngineFonts/Faces/RobotoLight.ufont" 166
"../../../Engine/Content/EngineFonts/Faces/RobotoBold.uexp" 167
"../../../Engine/Content/EngineFonts/Faces/RobotoBold.uasset" 168
"../../../Engine/Content/EngineFonts/Faces/RobotoBold.ufont" 169
"../../../Engine/Content/EngineFonts/Faces/RobotoRegular.uexp" 170
"../../../Engine/Content/EngineFonts/Faces/RobotoRegular.uasset" 171
"../../../Engine/Content/EngineFonts/Faces/RobotoRegular.ufont" 172
"../../../Engine/Content/EngineFonts/Faces/DroidSansFallback.uexp" 173
"../../../Engine/Content/EngineFonts/Faces/DroidSansFallback.uasset" 174
"../../../Engine/Content/EngineFonts/Faces/DroidSansFallback.ufont" 175
"../../../Engine/Content/EngineFonts/Faces/RobotoItalic.uexp" 176
"../../../Engine/Content/EngineFonts/Faces/RobotoItalic.uasset" 177
"../../../Engine/Content/EngineFonts/Faces/RobotoItalic.ufont" 178
"../../../Engine/Content/EngineFonts/Faces/RobotoBoldItalic.uexp" 179
"../../../Engine/Content/EngineFonts/Faces/RobotoBoldItalic.uasset" 180
"../../../Engine/Content/EngineFonts/Faces/RobotoBoldItalic.ufont" 181
"../../../Engine/Content/EngineFonts/Roboto.uasset" 182
"../../../Engine/Content/EngineFonts/Roboto.uexp" 183
"../../../Engine/Content/EngineResources/WhiteSquareTexture.uasset" 184
"../../../Engine/Content/EngineResources/WhiteSquareTexture.uexp" 185
"../../../Engine/Content/EngineMaterials/Widget3DPassThrough.uasset" 186
"../../../Engine/Content/EngineMaterials/Widget3DPassThrough.uexp" 187
"../../../Engine/Content/EngineMaterials/Widget3DPassThrough_Translucent.uasset" 188
"../../../Engine/Content/EngineMaterials/Widget3DPassThrough_Translucent.uexp" 189
"../../../Engine/Content/EngineMaterials/Widget3DPassThrough_Translucent_OneSided.uasset" 190
"../../../Engine/Content/EngineMaterials/Widget3DPassThrough_Translucent_OneSided.uexp" 191
"../../../Engine/Content/EngineMaterials/Widget3DPassThrough_Opaque.uasset" 192
"../../../Engine/Content/EngineMaterials/Widget3DPassThrough_Opaque.uexp" 193
"../../../Engine/Content/EngineMaterials/Widget3DPassThrough_Opaque_OneSided.uasset" 194
"../../../Engine/Content/EngineMaterials/Widget3DPassThrough_Opaque_OneSided.uexp" 195
"../../../Engine/Content/EngineMaterials/Widget3DPassThrough_Masked_OneSided.uasset" 196
"../../../Engine/Content/EngineMaterials/Widget3DPassThrough_Masked_OneSided.uexp" 197
"../../../Engine/Content/EngineMaterials/Widget3DPassThrough_Masked.uasset" 198
"../../../Engine/Content/EngineMaterials/Widget3DPassThrough_Masked.uexp" 199
"../../../Engine/Plugins/Runtime/MeshModelingToolset/Content/Materials/M_DynamicMeshComponentVtxColor.uasset" 200
"../../../Engine/Plugins/Runtime/MeshModelingToolset/Content/Materials/M_DynamicMeshComponentVtxColor.uexp" 201
"../../../Engine/Content/EngineMaterials/STBlueNoise_vec2_128x128x64.uasset" 202
"../../../Engine/Content/EngineMaterials/STBlueNoise_vec2_128x128x64.uexp" 203
"../../../Engine/Content/EngineMaterials/STBlueNoise_scalar_128x128x64.uasset" 204
"../../../Engine/Content/EngineMaterials/STBlueNoise_scalar_128x128x64.uexp" 205
"../../../Engine/Content/EngineMaterials/RemoveSurfaceMaterial.uasset" 206
"../../../Engine/Content/EngineMaterials/RemoveSurfaceMaterial.uexp" 207
"../../../Engine/Content/EngineMaterials/DefaultCalibrationGrayscale.uasset" 208
"../../../Engine/Content/EngineMaterials/DefaultCalibrationGrayscale.uexp" 209
"../../../Engine/Content/EngineMaterials/PPM_DefaultCalibrationGrayscale.uasset" 210
"../../../Engine/Content/EngineMaterials/PPM_DefaultCalibrationGrayscale.uexp" 211
"../../../Engine/Content/EngineMaterials/DefaultCalibrationColor.uasset" 212
"../../../Engine/Content/EngineMaterials/DefaultCalibrationColor.uexp" 213
"../../../Engine/Content/EngineMaterials/PPM_DefaultCalibrationColor.uasset" 214
"../../../Engine/Content/EngineMaterials/PPM_DefaultCalibrationColor.uexp" 215
"../../../Engine/Content/Functions/Engine_MaterialFunctions02/WorldPositionOffset/CameraOffset.uasset" 216
"../../../Engine/Content/Functions/Engine_MaterialFunctions02/WorldPositionOffset/CameraOffset.uexp" 217
"../../../Engine/Content/EngineMaterials/PhAT_JointLimitMaterial.uasset" 218
"../../../Engine/Content/EngineMaterials/PhAT_JointLimitMaterial.uexp" 219
"../../../Engine/Content/EngineMaterials/InvalidLightmapSettings.ubulk" 220
"../../../Engine/Content/EngineMaterials/InvalidLightmapSettings.uasset" 221
"../../../Engine/Content/EngineMaterials/InvalidLightmapSettings.uexp" 222
"../../../Engine/Content/EngineMaterials/M_InvalidLightmapSettings.uasset" 223
"../../../Engine/Content/EngineMaterials/M_InvalidLightmapSettings.uexp" 224
"../../../Engine/Plugins/Interchange/Runtime/Content/gltf/Textures/T_Gray_Linear.uasset" 225
"../../../Engine/Plugins/Interchange/Runtime/Content/gltf/Textures/T_Gray_Linear.uexp" 226
"../../../Engine/Plugins/Interchange/Runtime/Content/Materials/MapOrLinearColorFunction.uasset" 227
"../../../Engine/Plugins/Interchange/Runtime/Content/Materials/MapOrLinearColorFunction.uexp" 228
"../../../Engine/Content/EngineMaterials/DefaultNormal.ubulk" 229
"../../../Engine/Content/EngineMaterials/DefaultNormal.uasset" 230
"../../../Engine/Content/EngineMaterials/DefaultNormal.uexp" 231
"../../../Engine/Plugins/Interchange/Runtime/Content/Materials/MapOrScalarFunction.uasset" 232
"../../../Engine/Plugins/Interchange/Runtime/Content/Materials/MapOrScalarFunction.uexp" 233
"../../../Engine/Plugins/Interchange/Runtime/Content/Materials/MapOrColorFunction.uasset" 234
"../../../Engine/Plugins/Interchange/Runtime/Content/Materials/MapOrColorFunction.uexp" 235
"../../../Engine/Content/EngineMaterials/BaseFlattenLinearColor.uasset" 236
"../../../Engine/Content/EngineMaterials/BaseFlattenLinearColor.uexp" 237
"../../../Engine/Plugins/Interchange/Runtime/Content/Materials/CommonMaterial.uasset" 238
"../../../Engine/Plugins/Interchange/Runtime/Content/Materials/CommonMaterial.uexp" 239
"../../../Engine/Plugins/Interchange/Runtime/Content/Materials/PBRSurfaceFunction.uasset" 240
"../../../Engine/Plugins/Interchange/Runtime/Content/Materials/PBRSurfaceFunction.uexp" 241
"../../../Engine/Plugins/Interchange/Runtime/Content/Materials/ClearCoatMaterial.uasset" 242
"../../../Engine/Plugins/Interchange/Runtime/Content/Materials/ClearCoatMaterial.uexp" 243
"../../../Engine/Plugins/Interchange/Runtime/Content/Materials/UnlitMaterial.uasset" 244
"../../../Engine/Plugins/Interchange/Runtime/Content/Materials/UnlitMaterial.uexp" 245
"../../../Engine/Content/EngineMaterials/GizmoMaterial.uasset" 246
"../../../Engine/Content/EngineMaterials/GizmoMaterial.uexp" 247
"../../../Engine/Content/EngineMaterials/BaseFlattenEmissiveMap_VT.uasset" 248
"../../../Engine/Content/EngineMaterials/BaseFlattenEmissiveMap_VT.uexp" 249
"../../../Engine/Content/EngineMaterials/BaseFlattenGrayscaleMap_VT.uasset" 250
"../../../Engine/Content/EngineMaterials/BaseFlattenGrayscaleMap_VT.uexp" 251
"../../../Engine/Content/EngineMaterials/BaseFlattenLinearColor_VT.uasset" 252
"../../../Engine/Content/EngineMaterials/BaseFlattenLinearColor_VT.uexp" 253
"../../../Engine/Content/EngineMaterials/Black_1x1_EXR_Texture_VT.uasset" 254
"../../../Engine/Content/EngineMaterials/Black_1x1_EXR_Texture_VT.uexp" 255
"../../../Engine/Content/EngineMaterials/BaseFlattenDiffuseMap_VT.uasset" 256
"../../../Engine/Content/EngineMaterials/BaseFlattenDiffuseMap_VT.uexp" 257
"../../../Engine/Content/EngineMaterials/BaseFlattenNormalMap_VT.uasset" 258
"../../../Engine/Content/EngineMaterials/BaseFlattenNormalMap_VT.uexp" 259
"../../../Engine/Content/EngineMaterials/FlattenMaterial_WS_Normal_VT.uasset" 260
"../../../Engine/Content/EngineMaterials/FlattenMaterial_WS_Normal_VT.uexp" 261
"../../../Engine/Content/EngineMaterials/FlattenMaterial_VT.uasset" 262
"../../../Engine/Content/EngineMaterials/FlattenMaterial_VT.uexp" 263
"../../../Engine/Content/EngineMaterials/BaseFlattenNormalMap.uasset" 264
"../../../Engine/Content/EngineMaterials/BaseFlattenNormalMap.uexp" 265
"../../../Engine/Content/EngineMaterials/BaseFlattenGrayscaleMap.uasset" 266
"../../../Engine/Content/EngineMaterials/BaseFlattenGrayscaleMap.uexp" 267
"../../../Engine/Content/EngineMaterials/BaseFlattenDiffuseMap.uasset" 268
"../../../Engine/Content/EngineMaterials/BaseFlattenDiffuseMap.uexp" 269
"../../../Engine/Content/Functions/Engine_MaterialFunctions02/PivotPainter2/Black_1x1_EXR_Texture.uasset" 270
"../../../Engine/Content/Functions/Engine_MaterialFunctions02/PivotPainter2/Black_1x1_EXR_Texture.uexp" 271
"../../../Engine/Content/EngineMaterials/BaseFlattenEmissiveMap.uasset" 272
"../../../Engine/Content/EngineMaterials/BaseFlattenEmissiveMap.uexp" 273
"../../../Engine/Content/EngineMaterials/FlattenMaterial.uasset" 274
"../../../Engine/Content/EngineMaterials/FlattenMaterial.uexp" 275
"../../../Engine/Content/EngineMaterials/DefaultWhiteGrid_Low.uasset" 276
"../../../Engine/Content/EngineMaterials/DefaultWhiteGrid_Low.uexp" 277
"../../../Engine/Content/EngineMaterials/EmissiveMeshMaterial.uasset" 278
"../../../Engine/Content/EngineMaterials/EmissiveMeshMaterial.uexp" 279
"../../../Engine/Plugins/Interchange/Runtime/Content/Pipelines/DefaultTexturePipeline.uasset" 280
"../../../Engine/Plugins/Interchange/Runtime/Content/Pipelines/DefaultTexturePipeline.uexp" 281
"../../../Engine/Content/EngineFonts/RobotoDistanceField.uasset" 282
"../../../Engine/Content/EngineFonts/RobotoDistanceField.uexp" 283
"../../../Engine/Content/EngineMaterials/DefaultTextMaterialOpaque.uasset" 284
"../../../Engine/Content/EngineMaterials/DefaultTextMaterialOpaque.uexp" 285
"../../../Engine/Content/EngineMaterials/DefaultDiffuse.ubulk" 286
"../../../Engine/Content/EngineMaterials/DefaultDiffuse.uasset" 287
"../../../Engine/Content/EngineMaterials/DefaultDiffuse.uexp" 288
"../../../Engine/Content/Functions/Engine_MaterialFunctions02/Utility/BreakOutFloat2Components.uasset" 289
"../../../Engine/Content/Functions/Engine_MaterialFunctions02/Utility/BreakOutFloat2Components.uexp" 290
"../../../Engine/Content/EngineMaterials/DefaultPostProcessMaterial.uasset" 291
"../../../Engine/Content/EngineMaterials/DefaultPostProcessMaterial.uexp" 292
"../../../Engine/Content/EngineResources/FilmGrains/Marcie_Grain_v3_128_M2_000.uasset" 293
"../../../Engine/Content/EngineResources/FilmGrains/Marcie_Grain_v3_128_M2_000.uexp" 294
"../../../Engine/Content/EngineMaterials/DefaultPhysicalMaterial.uasset" 295
"../../../Engine/Content/EngineMaterials/DefaultPhysicalMaterial.uexp" 296
"../../../Engine/Content/EngineMaterials/DefaultLightFunctionMaterial.uasset" 297
"../../../Engine/Content/EngineMaterials/DefaultLightFunctionMaterial.uexp" 298
"../../../Engine/Content/EngineMaterials/DefaultDestructiblePhysicalMaterial.uasset" 299
"../../../Engine/Content/EngineMaterials/DefaultDestructiblePhysicalMaterial.uexp" 300
"../../../Engine/Content/EngineMaterials/DefaultDeferredDecalMaterial.uasset" 301
"../../../Engine/Content/EngineMaterials/DefaultDeferredDecalMaterial.uexp" 302
"../../../Engine/Plugins/Interchange/Runtime/Content/gltf/Textures/T_Black_srgb.uasset" 303
"../../../Engine/Plugins/Interchange/Runtime/Content/gltf/Textures/T_Black_srgb.uexp" 304
"../../../Engine/Content/EngineMaterials/DefaultBloomKernel.uasset" 305
"../../../Engine/Content/EngineMaterials/DefaultBloomKernel.uexp" 306
"../../../Engine/Plugins/Interchange/Runtime/Content/Materials/ThinTranslucentMaterial.uasset" 307
"../../../Engine/Plugins/Interchange/Runtime/Content/Materials/ThinTranslucentMaterial.uexp" 308
"../../../Engine/Plugins/Interchange/Runtime/Content/Materials/SubsurfaceMaterial.uasset" 309
"../../../Engine/Plugins/Interchange/Runtime/Content/Materials/SubsurfaceMaterial.uexp" 310
"../../../Engine/Plugins/Interchange/Runtime/Content/Materials/SheenMaterial.uasset" 311
"../../../Engine/Plugins/Interchange/Runtime/Content/Materials/SheenMaterial.uexp" 312
"../../../Engine/Content/Functions/Engine_MaterialFunctions01/Shading/ConvertFromDiffSpec.uasset" 313
"../../../Engine/Content/Functions/Engine_MaterialFunctions01/Shading/ConvertFromDiffSpec.uexp" 314
"../../../Engine/Plugins/Interchange/Runtime/Content/Materials/PhongSurfaceMaterial.uasset" 315
"../../../Engine/Plugins/Interchange/Runtime/Content/Materials/PhongSurfaceMaterial.uexp" 316
"../../../Engine/Plugins/Interchange/Runtime/Content/Materials/PBRSurfaceMaterial.uasset" 317
"../../../Engine/Plugins/Interchange/Runtime/Content/Materials/PBRSurfaceMaterial.uexp" 318
"../../../Engine/Plugins/Interchange/Runtime/Content/Materials/LambertSurfaceMaterial.uasset" 319
"../../../Engine/Plugins/Interchange/Runtime/Content/Materials/LambertSurfaceMaterial.uexp" 320
"../../../Engine/Content/EngineSky/VolumetricClouds/CloudWeatherTexture.uasset" 321
"../../../Engine/Content/EngineSky/VolumetricClouds/CloudWeatherTexture.uexp" 322
"../../../Engine/Content/Functions/Engine_MaterialFunctions02/Utility/MakeFloat2.uasset" 323
"../../../Engine/Content/Functions/Engine_MaterialFunctions02/Utility/MakeFloat2.uexp" 324
"../../../Engine/Content/EngineSky/VolumetricClouds/CloudGradientTexture.uasset" 325
"../../../Engine/Content/EngineSky/VolumetricClouds/CloudGradientTexture.uexp" 326
"../../../Engine/Content/EngineSky/VolumetricClouds/T_NoiseShape64.ubulk" 327
"../../../Engine/Content/EngineSky/VolumetricClouds/T_NoiseShape64.uasset" 328
"../../../Engine/Content/EngineSky/VolumetricClouds/T_NoiseShape64.uexp" 329
"../../../Engine/Content/EngineSky/VolumetricClouds/T_VolumeNoiseShape64.uasset" 330
"../../../Engine/Content/EngineSky/VolumetricClouds/T_VolumeNoiseShape64.uexp" 331
"../../../Engine/Content/EngineSky/VolumetricClouds/T_NoiseErosion.ubulk" 332
"../../../Engine/Content/EngineSky/VolumetricClouds/T_NoiseErosion.uasset" 333
"../../../Engine/Content/EngineSky/VolumetricClouds/T_NoiseErosion.uexp" 334
"../../../Engine/Content/EngineSky/VolumetricClouds/T_VolumeNoiseErosion32.uasset" 335
"../../../Engine/Content/EngineSky/VolumetricClouds/T_VolumeNoiseErosion32.uexp" 336
"../../../Engine/Content/EngineSky/VolumetricClouds/m_SimpleVolumetricCloud.uasset" 337
"../../../Engine/Content/EngineSky/VolumetricClouds/m_SimpleVolumetricCloud.uexp" 338
"../../../Engine/Content/EngineSky/VolumetricClouds/m_SimpleVolumetricCloud_Inst.uasset" 339
"../../../Engine/Content/EngineSky/VolumetricClouds/m_SimpleVolumetricCloud_Inst.uexp" 340
"../../../Engine/Content/EngineSounds/Master.uasset" 341
"../../../Engine/Content/EngineSounds/Master.uexp" 342
"../../../Engine/Content/Functions/Engine_MaterialFunctions01/Shading/PowerToRoughness.uasset" 343
"../../../Engine/Content/Functions/Engine_MaterialFunctions01/Shading/PowerToRoughness.uexp" 344
"../../../Engine/Content/EngineMaterials/FlatNormal.uasset" 345
"../../../Engine/Content/EngineMaterials/FlatNormal.uexp" 346
"../../../Engine/Plugins/Interchange/Runtime/Content/Functions/MF_OrenNayerView.uasset" 347
"../../../Engine/Plugins/Interchange/Runtime/Content/Functions/MF_OrenNayerView.uexp" 348
"../../../Engine/Content/EditorLandscapeResources/WhiteSquareTexture.uasset" 349
"../../../Engine/Content/EditorLandscapeResources/WhiteSquareTexture.uexp" 350
"../../../Engine/Plugins/Interchange/Runtime/Content/Functions/MF_SchlickApprox.uasset" 351
"../../../Engine/Plugins/Interchange/Runtime/Content/Functions/MF_SchlickApprox.uexp" 352
"../../../Engine/Plugins/Interchange/Runtime/Content/Utilities/New_LUT.uasset" 353
"../../../Engine/Plugins/Interchange/Runtime/Content/Utilities/New_LUT.uexp" 354
"../../../Engine/Content/Functions/Engine_MaterialFunctions03/Math/RemapValueRange.uasset" 355
"../../../Engine/Content/Functions/Engine_MaterialFunctions03/Math/RemapValueRange.uexp" 356
"../../../Engine/Plugins/Interchange/Runtime/Content/Functions/MF_Iridescence.uasset" 357
"../../../Engine/Plugins/Interchange/Runtime/Content/Functions/MF_Iridescence.uexp" 358
"../../../Engine/Plugins/Interchange/Runtime/Content/Materials/OrenNayerMaterial.uasset" 359
"../../../Engine/Plugins/Interchange/Runtime/Content/Materials/OrenNayerMaterial.uexp" 360
"../../../Engine/Plugins/2D/Paper2D/Content/PlaceholderTextures/DummySpriteTexture.ubulk" 361
"../../../Engine/Plugins/2D/Paper2D/Content/PlaceholderTextures/DummySpriteTexture.uasset" 362
"../../../Engine/Plugins/2D/Paper2D/Content/PlaceholderTextures/DummySpriteTexture.uexp" 363
"../../../Engine/Plugins/2D/Paper2D/Content/DefaultSpriteMaterial.uasset" 364
"../../../Engine/Plugins/2D/Paper2D/Content/DefaultSpriteMaterial.uexp" 365
"../../../Engine/Plugins/2D/Paper2D/Content/OpaqueUnlitSpriteMaterial.uasset" 366
"../../../Engine/Plugins/2D/Paper2D/Content/OpaqueUnlitSpriteMaterial.uexp" 367
"../../../Engine/Plugins/2D/Paper2D/Content/MaskedUnlitSpriteMaterial.uasset" 368
"../../../Engine/Plugins/2D/Paper2D/Content/MaskedUnlitSpriteMaterial.uexp" 369
"../../../Engine/Plugins/2D/Paper2D/Content/DummySprite.uasset" 370
"../../../Engine/Plugins/2D/Paper2D/Content/DummySprite.uexp" 371
"../../../Engine/Plugins/2D/Paper2D/Content/DefaultPaperTerrainMaterial.uasset" 372
"../../../Engine/Plugins/2D/Paper2D/Content/DefaultPaperTerrainMaterial.uexp" 373
"../../../Engine/Plugins/Interchange/Runtime/Content/Pipelines/DefaultAssetsPipeline.uasset" 374
"../../../Engine/Plugins/Interchange/Runtime/Content/Pipelines/DefaultAssetsPipeline.uexp" 375
"../../../Engine/Plugins/Animation/ControlRig/Content/M_Manip.uasset" 376
"../../../Engine/Plugins/Animation/ControlRig/Content/M_Manip.uexp" 377
"../../../Engine/Plugins/Animation/ControlRig/Content/Controls/DefaultGizmoLibraryNormalized.uasset" 378
"../../../Engine/Plugins/Animation/ControlRig/Content/Controls/DefaultGizmoLibraryNormalized.uexp" 379
"../../../Engine/Plugins/Animation/ControlRig/Content/Controls/ControlRig_Wedge_solid.uasset" 380
"../../../Engine/Plugins/Animation/ControlRig/Content/Controls/ControlRig_Wedge_solid.uexp" 381
"../../../Engine/Plugins/Animation/ControlRig/Content/Controls/ControlRig_Wedge_3mm.uasset" 382
"../../../Engine/Plugins/Animation/ControlRig/Content/Controls/ControlRig_Wedge_3mm.uexp" 383
"../../../Engine/Plugins/Animation/ControlRig/Content/Controls/ControlRig_Wedge_1mm.uasset" 384
"../../../Engine/Plugins/Animation/ControlRig/Content/Controls/ControlRig_Wedge_1mm.uexp" 385
"../../../Engine/Plugins/Animation/ControlRig/Content/Controls/ControlRig_Triangle_solid.uasset" 386
"../../../Engine/Plugins/Animation/ControlRig/Content/Controls/ControlRig_Triangle_solid.uexp" 387
"../../../Engine/Plugins/Animation/ControlRig/Content/Controls/ControlRig_Triangle_3mm.uasset" 388
"../../../Engine/Plugins/Animation/ControlRig/Content/Controls/ControlRig_Triangle_3mm.uexp" 389
"../../../Engine/Plugins/Animation/ControlRig/Content/Controls/ControlRig_Triangle_1mm.uasset" 390
"../../../Engine/Plugins/Animation/ControlRig/Content/Controls/ControlRig_Triangle_1mm.uexp" 391
"../../../Engine/Plugins/Animation/ControlRig/Content/Controls/ControlRig_Star4_solid.uasset" 392
"../../../Engine/Plugins/Animation/ControlRig/Content/Controls/ControlRig_Star4_solid.uexp" 393
"../../../Engine/Plugins/Animation/ControlRig/Content/Controls/ControlRig_Star4_3mm.uasset" 394
"../../../Engine/Plugins/Animation/ControlRig/Content/Controls/ControlRig_Star4_3mm.uexp" 395
"../../../Engine/Plugins/Animation/ControlRig/Content/Controls/ControlRig_Star4_1mm.uasset" 396
"../../../Engine/Plugins/Animation/ControlRig/Content/Controls/ControlRig_Star4_1mm.uexp" 397
"../../../Engine/Plugins/Animation/ControlRig/Content/Controls/ControlRig_Square_solid.uasset" 398
"../../../Engine/Plugins/Animation/ControlRig/Content/Controls/ControlRig_Square_solid.uexp" 399
"../../../Engine/Plugins/Animation/ControlRig/Content/Controls/ControlRig_Square_3mm.uasset" 400
"../../../Engine/Plugins/Animation/ControlRig/Content/Controls/ControlRig_Square_3mm.uexp" 401
"../../../Engine/Plugins/Animation/ControlRig/Content/Controls/ControlRig_Square_1mm.uasset" 402
"../../../Engine/Plugins/Animation/ControlRig/Content/Controls/ControlRig_Square_1mm.uexp" 403
"../../../Engine/Plugins/Animation/ControlRig/Content/Controls/ControlRig_Sphere_solid.uasset" 404
"../../../Engine/Plugins/Animation/ControlRig/Content/Controls/ControlRig_Sphere_solid.uexp" 405
"../../../Engine/Plugins/Animation/ControlRig/Content/Controls/ControlRig_Sphere_3mm.uasset" 406
"../../../Engine/Plugins/Animation/ControlRig/Content/Controls/ControlRig_Sphere_3mm.uexp" 407
"../../../Engine/Plugins/Animation/ControlRig/Content/Controls/ControlRig_Sphere_1mm.uasset" 408
"../../../Engine/Plugins/Animation/ControlRig/Content/Controls/ControlRig_Sphere_1mm.uexp" 409
"../../../Engine/Plugins/Animation/ControlRig/Content/Controls/ControlRig_RoundedTriangle_solid.uasset" 410
"../../../Engine/Plugins/Animation/ControlRig/Content/Controls/ControlRig_RoundedTriangle_solid.uexp" 411
"../../../Engine/Plugins/Animation/ControlRig/Content/Controls/ControlRig_RoundedTriangle_3mm.uasset" 412
"../../../Engine/Plugins/Animation/ControlRig/Content/Controls/ControlRig_RoundedTriangle_3mm.uexp" 413
"../../../Engine/Plugins/Animation/ControlRig/Content/Controls/ControlRig_RoundedTriangle_1mm.uasset" 414
"../../../Engine/Plugins/Animation/ControlRig/Content/Controls/ControlRig_RoundedTriangle_1mm.uexp" 415
"../../../Engine/Plugins/Animation/ControlRig/Content/Controls/ControlRig_RoundedSquare_solid.uasset" 416
"../../../Engine/Plugins/Animation/ControlRig/Content/Controls/ControlRig_RoundedSquare_solid.uexp" 417
"../../../Engine/Plugins/Animation/ControlRig/Content/Controls/ControlRig_RoundedSquare_3mm.uasset" 418
"../../../Engine/Plugins/Animation/ControlRig/Content/Controls/ControlRig_RoundedSquare_3mm.uexp" 419
"../../../Engine/Plugins/Animation/ControlRig/Content/Controls/ControlRig_RoundedSquare_1mm.uasset" 420
"../../../Engine/Plugins/Animation/ControlRig/Content/Controls/ControlRig_RoundedSquare_1mm.uexp" 421
"../../../Engine/Plugins/Animation/ControlRig/Content/Controls/ControlRig_QuarterCircle_solid.uasset" 422
"../../../Engine/Plugins/Animation/ControlRig/Content/Controls/ControlRig_QuarterCircle_solid.uexp" 423
"../../../Engine/Plugins/Editor/SpeedTreeImporter/Content/SpeedTree9/game_wind_noise.ubulk" 424
"../../../Engine/Plugins/Editor/SpeedTreeImporter/Content/SpeedTree9/game_wind_noise.uasset" 425
"../../../Engine/Plugins/Editor/SpeedTreeImporter/Content/SpeedTree9/game_wind_noise.uexp" 426
"../../../Engine/Plugins/Editor/SpeedTreeImporter/Content/SpeedTree9/UnpackDirection.uasset" 427
"../../../Engine/Plugins/Editor/SpeedTreeImporter/Content/SpeedTree9/UnpackDirection.uexp" 428
"../../../Engine/Content/Functions/Engine_MaterialFunctions02/ObjectLocalBounds.uasset" 429
"../../../Engine/Content/Functions/Engine_MaterialFunctions02/ObjectLocalBounds.uexp" 430
"../../../Engine/Content/Functions/Engine_MaterialFunctions02/UVs/BoundingBoxBased_0-1_UVW.uasset" 431
"../../../Engine/Content/Functions/Engine_MaterialFunctions02/UVs/BoundingBoxBased_0-1_UVW.uexp" 432
"../../../Engine/Content/Functions/Engine_MaterialFunctions02/Utility/VectorLength.uasset" 433
"../../../Engine/Content/Functions/Engine_MaterialFunctions02/Utility/VectorLength.uexp" 434
"../../../Engine/Plugins/Editor/SpeedTreeImporter/Content/SpeedTree9/UnpackInteger3.uasset" 435
"../../../Engine/Plugins/Editor/SpeedTreeImporter/Content/SpeedTree9/UnpackInteger3.uexp" 436
"../../../Engine/Plugins/Editor/SpeedTreeImporter/Content/SpeedTree9/SpeedTreeCameraFacing.uasset" 437
"../../../Engine/Plugins/Editor/SpeedTreeImporter/Content/SpeedTree9/SpeedTreeCameraFacing.uexp" 438
"../../../Engine/Content/Functions/Engine_MaterialFunctions02/WorldPositionOffset/ObjectScale.uasset" 439
"../../../Engine/Content/Functions/Engine_MaterialFunctions02/WorldPositionOffset/ObjectScale.uexp" 440
"../../../Engine/Content/Functions/Engine_MaterialFunctions02/SafeNormalize.uasset" 441
"../../../Engine/Content/Functions/Engine_MaterialFunctions02/SafeNormalize.uexp" 442
"../../../Engine/Plugins/Editor/SpeedTreeImporter/Content/SpeedTree9/SpeedTreeWindMotion.uasset" 443
"../../../Engine/Plugins/Editor/SpeedTreeImporter/Content/SpeedTree9/SpeedTreeWindMotion.uexp" 444
"../../../Engine/Plugins/Editor/SpeedTreeImporter/Content/SpeedTree9/SpeedTreeBranchMotion.uasset" 445
"../../../Engine/Plugins/Editor/SpeedTreeImporter/Content/SpeedTree9/SpeedTreeBranchMotion.uexp" 446
"../../../Engine/Plugins/Editor/SpeedTreeImporter/Content/SpeedTree9/SpeedTreeWind.uasset" 447
"../../../Engine/Plugins/Editor/SpeedTreeImporter/Content/SpeedTree9/SpeedTreeWind.uexp" 448
"../../../Engine/Plugins/Editor/SpeedTreeImporter/Content/SpeedTree9/EmptyNormal.uasset" 449
"../../../Engine/Plugins/Editor/SpeedTreeImporter/Content/SpeedTree9/EmptyNormal.uexp" 450
"../../../Engine/Plugins/Editor/SpeedTreeImporter/Content/SpeedTree9/Empty.uasset" 451
"../../../Engine/Plugins/Editor/SpeedTreeImporter/Content/SpeedTree9/Empty.uexp" 452
"../../../Engine/Plugins/Editor/SpeedTreeImporter/Content/SpeedTree9/SpeedTreeMaster.uasset" 453
"../../../Engine/Plugins/Editor/SpeedTreeImporter/Content/SpeedTree9/SpeedTreeMaster.uexp" 454
"../../../Engine/Plugins/Editor/SpeedTreeImporter/Content/SpeedTree9/SpeedTreeBillboard.uasset" 455
"../../../Engine/Plugins/Editor/SpeedTreeImporter/Content/SpeedTree9/SpeedTreeBillboard.uexp" 456
"../../../Engine/Plugins/Editor/SpeedTreeImporter/Content/SpeedTree9/SpeedTreeBillboardMaster.uasset" 457
"../../../Engine/Plugins/Editor/SpeedTreeImporter/Content/SpeedTree9/SpeedTreeBillboardMaster.uexp" 458
"../../../Engine/Plugins/Interchange/Runtime/Content/Pipelines/DefaultSceneAssetsPipeline.uasset" 459
"../../../Engine/Plugins/Interchange/Runtime/Content/Pipelines/DefaultSceneAssetsPipeline.uexp" 460
"../../../Engine/Plugins/Interchange/Runtime/Content/Pipelines/DefaultMaterialPipeline.uasset" 461
"../../../Engine/Plugins/Interchange/Runtime/Content/Pipelines/DefaultMaterialPipeline.uexp" 462
"../../../Engine/Plugins/Animation/ControlRig/Content/Controls/ControlRig_QuarterCircle_3mm.uasset" 463
"../../../Engine/Plugins/Animation/ControlRig/Content/Controls/ControlRig_QuarterCircle_3mm.uexp" 464
"../../../Engine/Plugins/Animation/ControlRig/Content/Controls/ControlRig_QuarterCircle_1mm.uasset" 465
"../../../Engine/Plugins/Animation/ControlRig/Content/Controls/ControlRig_QuarterCircle_1mm.uexp" 466
"../../../Engine/Plugins/Animation/ControlRig/Content/Controls/ControlRig_Pyramid_solid.uasset" 467
"../../../Engine/Plugins/Animation/ControlRig/Content/Controls/ControlRig_Pyramid_solid.uexp" 468
"../../../Engine/Plugins/Animation/ControlRig/Content/Controls/ControlRig_Pyramid_3mm.uasset" 469
"../../../Engine/Plugins/Animation/ControlRig/Content/Controls/ControlRig_Pyramid_3mm.uexp" 470
"../../../Engine/Plugins/Animation/ControlRig/Content/Controls/ControlRig_Pyramid_1mm.uasset" 471
"../../../Engine/Plugins/Animation/ControlRig/Content/Controls/ControlRig_Pyramid_1mm.uexp" 472
"../../../Engine/Plugins/Animation/ControlRig/Content/Controls/ControlRig_Octagon_solid.uasset" 473
"../../../Engine/Plugins/Animation/ControlRig/Content/Controls/ControlRig_Octagon_solid.uexp" 474
"../../../Engine/Plugins/Animation/ControlRig/Content/Controls/ControlRig_Octagon_3mm.uasset" 475
"../../../Engine/Plugins/Animation/ControlRig/Content/Controls/ControlRig_Octagon_3mm.uexp" 476
"../../../Engine/Plugins/Animation/ControlRig/Content/Controls/ControlRig_Octagon_1mm.uasset" 477
"../../../Engine/Plugins/Animation/ControlRig/Content/Controls/ControlRig_Octagon_1mm.uexp" 478
"../../../Engine/Plugins/Animation/ControlRig/Content/Controls/ControlRig_Hexagon_solid.uasset" 479
"../../../Engine/Plugins/Animation/ControlRig/Content/Controls/ControlRig_Hexagon_solid.uexp" 480
"../../../Engine/Plugins/Animation/ControlRig/Content/Controls/ControlRig_Hexagon_3mm.uasset" 481
"../../../Engine/Plugins/Animation/ControlRig/Content/Controls/ControlRig_Hexagon_3mm.uexp" 482
"../../../Engine/Plugins/Animation/ControlRig/Content/Controls/ControlRig_Hexagon_1mm.uasset" 483
"../../../Engine/Plugins/Animation/ControlRig/Content/Controls/ControlRig_Hexagon_1mm.uexp" 484
"../../../Engine/Plugins/Animation/ControlRig/Content/Controls/ControlRig_HalfCircle_solid.uasset" 485
"../../../Engine/Plugins/Animation/ControlRig/Content/Controls/ControlRig_HalfCircle_solid.uexp" 486
"../../../Engine/Plugins/Animation/ControlRig/Content/Controls/ControlRig_HalfCircle_3mm.uasset" 487
"../../../Engine/Plugins/Animation/ControlRig/Content/Controls/ControlRig_HalfCircle_3mm.uexp" 488
"../../../Engine/Plugins/Animation/ControlRig/Content/Controls/ControlRig_HalfCircle_1mm.uasset" 489
"../../../Engine/Plugins/Animation/ControlRig/Content/Controls/ControlRig_HalfCircle_1mm.uexp" 490
"../../../Engine/Plugins/Animation/ControlRig/Content/Controls/ControlRig_Diamond_solid.uasset" 491
"../../../Engine/Plugins/Animation/ControlRig/Content/Controls/ControlRig_Diamond_solid.uexp" 492
"../../../Engine/Plugins/Animation/ControlRig/Content/Controls/ControlRig_Diamond_3mm.uasset" 493
"../../../Engine/Plugins/Animation/ControlRig/Content/Controls/ControlRig_Diamond_3mm.uexp" 494
"../../../Engine/Plugins/Animation/ControlRig/Content/Controls/ControlRig_Diamond_1mm.uasset" 495
"../../../Engine/Plugins/Animation/ControlRig/Content/Controls/ControlRig_Diamond_1mm.uexp" 496
"../../../Engine/Plugins/Animation/ControlRig/Content/Controls/ControlRig_Circle_solid.uasset" 497
"../../../Engine/Plugins/Animation/ControlRig/Content/Controls/ControlRig_Circle_solid.uexp" 498
"../../../Engine/Plugins/Animation/ControlRig/Content/Controls/ControlRig_Circle_3mm.uasset" 499
"../../../Engine/Plugins/Animation/ControlRig/Content/Controls/ControlRig_Circle_3mm.uexp" 500
"../../../Engine/Plugins/Animation/ControlRig/Content/Controls/ControlRig_Circle_1mm.uasset" 501
"../../../Engine/Plugins/Animation/ControlRig/Content/Controls/ControlRig_Circle_1mm.uexp" 502
"../../../Engine/Plugins/Animation/ControlRig/Content/Controls/ControlRig_Box_solid.uasset" 503
"../../../Engine/Plugins/Animation/ControlRig/Content/Controls/ControlRig_Box_solid.uexp" 504
"../../../Engine/Plugins/Animation/ControlRig/Content/Controls/ControlRig_Box_3mm.uasset" 505
"../../../Engine/Plugins/Animation/ControlRig/Content/Controls/ControlRig_Box_3mm.uexp" 506
"../../../Engine/Plugins/Animation/ControlRig/Content/Controls/ControlRig_Box_1mm.uasset" 507
"../../../Engine/Plugins/Animation/ControlRig/Content/Controls/ControlRig_Box_1mm.uexp" 508
"../../../Engine/Plugins/Animation/ControlRig/Content/Controls/ControlRig_Arrow_solid.uasset" 509
"../../../Engine/Plugins/Animation/ControlRig/Content/Controls/ControlRig_Arrow_solid.uexp" 510
"../../../Engine/Plugins/Animation/ControlRig/Content/Controls/ControlRig_Arrow_3mm.uasset" 511
"../../../Engine/Plugins/Animation/ControlRig/Content/Controls/ControlRig_Arrow_3mm.uexp" 512
"../../../Engine/Plugins/Animation/ControlRig/Content/Controls/ControlRig_Arrow_1mm.uasset" 513
"../../../Engine/Plugins/Animation/ControlRig/Content/Controls/ControlRig_Arrow_1mm.uexp" 514
"../../../Engine/Plugins/Animation/ControlRig/Content/Controls/ControlRig_Arrow4_solid.uasset" 515
"../../../Engine/Plugins/Animation/ControlRig/Content/Controls/ControlRig_Arrow4_solid.uexp" 516
"../../../Engine/Plugins/Animation/ControlRig/Content/Controls/ControlRig_Arrow4_3mm.uasset" 517
"../../../Engine/Plugins/Animation/ControlRig/Content/Controls/ControlRig_Arrow4_3mm.uexp" 518
"../../../Engine/Plugins/Animation/ControlRig/Content/Controls/ControlRig_Arrow4_1mm.uasset" 519
"../../../Engine/Plugins/Animation/ControlRig/Content/Controls/ControlRig_Arrow4_1mm.uexp" 520
"../../../Engine/Plugins/Animation/ControlRig/Content/Controls/ControlRig_Arrow2_solid.uasset" 521
"../../../Engine/Plugins/Animation/ControlRig/Content/Controls/ControlRig_Arrow2_solid.uexp" 522
"../../../Engine/Plugins/Animation/ControlRig/Content/Controls/ControlRig_Arrow2_3mm.uasset" 523
"../../../Engine/Plugins/Animation/ControlRig/Content/Controls/ControlRig_Arrow2_3mm.uexp" 524
"../../../Engine/Plugins/Animation/ControlRig/Content/Controls/ControlRig_Arrow2_1mm.uasset" 525
"../../../Engine/Plugins/Animation/ControlRig/Content/Controls/ControlRig_Arrow2_1mm.uexp" 526
"../../../Engine/Plugins/Animation/ControlRig/Content/Controls/ControlRigXRayMaterial.uasset" 527
"../../../Engine/Plugins/Animation/ControlRig/Content/Controls/ControlRigXRayMaterial.uexp" 528
"../../../Engine/Plugins/Animation/ControlRig/Content/Controls/ControlRigGizmoMaterial.uasset" 529
"../../../Engine/Plugins/Animation/ControlRig/Content/Controls/ControlRigGizmoMaterial.uexp" 530
"../../../Engine/Content/Functions/Engine_MaterialFunctions02/Texturing/CustomRotator.uasset" 531
"../../../Engine/Content/Functions/Engine_MaterialFunctions02/Texturing/CustomRotator.uexp" 532
"../../../Engine/Content/Functions/Engine_MaterialFunctions02/Texturing/ScreenAlignedPixelToPixelUVs.uasset" 533
"../../../Engine/Content/Functions/Engine_MaterialFunctions02/Texturing/ScreenAlignedPixelToPixelUVs.uexp" 534
"../../../Engine/Plugins/Interchange/Runtime/Content/Utilities/T_Bayer64_Grayscale_64px.uasset" 535
"../../../Engine/Plugins/Interchange/Runtime/Content/Utilities/T_Bayer64_Grayscale_64px.uexp" 536
"../../../Engine/Plugins/Interchange/Runtime/Content/gltf/MaterialFunctions/MF_Temporal_Blur.uasset" 537
"../../../Engine/Plugins/Interchange/Runtime/Content/gltf/MaterialFunctions/MF_Temporal_Blur.uexp" 538
"../../../Engine/Plugins/Interchange/Runtime/Content/gltf/MaterialFunctions/MF_Fresnel_DS.uasset" 539
"../../../Engine/Plugins/Interchange/Runtime/Content/gltf/MaterialFunctions/MF_Fresnel_DS.uexp" 540
"../../../Engine/Plugins/Interchange/Runtime/Content/Functions/MX_Transmission.uasset" 541
"../../../Engine/Plugins/Interchange/Runtime/Content/Functions/MX_Transmission.uexp" 542
"../../../Engine/Plugins/Interchange/Runtime/Content/Functions/MX_StandardSurface.uasset" 543
"../../../Engine/Plugins/Interchange/Runtime/Content/Functions/MX_StandardSurface.uexp" 544
"../../../Engine/Plugins/Interchange/Runtime/Content/Functions/MX_TransmissionSurface.uasset" 545
"../../../Engine/Plugins/Interchange/Runtime/Content/Functions/MX_TransmissionSurface.uexp" 546
"../../../Engine/Content/Functions/Engine_MaterialFunctions02/Math/AddComponents.uasset" 547
"../../../Engine/Content/Functions/Engine_MaterialFunctions02/Math/AddComponents.uexp" 548
"../../../Engine/Content/Functions/Engine_MaterialFunctions02/WorldPositionOffset/V2/ObjectScale.uasset" 549
"../../../Engine/Content/Functions/Engine_MaterialFunctions02/WorldPositionOffset/V2/ObjectScale.uexp" 550
"../../../Engine/Plugins/Interchange/Runtime/Content/gltf/MaterialFunctions/MF_TransmissionOpacity.uasset" 551
"../../../Engine/Plugins/Interchange/Runtime/Content/gltf/MaterialFunctions/MF_TransmissionOpacity.uexp" 552
"../../../Engine/Plugins/Interchange/Runtime/Content/gltf/MaterialFunctions/MF_RotateV2.uasset" 553
"../../../Engine/Plugins/Interchange/Runtime/Content/gltf/MaterialFunctions/MF_RotateV2.uexp" 554
"../../../Engine/Plugins/Interchange/Runtime/Content/gltf/MaterialFunctions/MF_TransformUVs.uasset" 555
"../../../Engine/Plugins/Interchange/Runtime/Content/gltf/MaterialFunctions/MF_TransformUVs.uexp" 556
"../../../Engine/Plugins/Interchange/Runtime/Content/gltf/Textures/T_White_srgb.uasset" 557
"../../../Engine/Plugins/Interchange/Runtime/Content/gltf/Textures/T_White_srgb.uexp" 558
"../../../Engine/Plugins/Interchange/Runtime/Content/gltf/MaterialFunctions/MF_BaseColor.uasset" 559
"../../../Engine/Plugins/Interchange/Runtime/Content/gltf/MaterialFunctions/MF_BaseColor.uexp" 560
"../../../Engine/Plugins/Interchange/Runtime/Content/gltf/MaterialFunctions/MF_DiffuseSpecGloss.uasset" 561
"../../../Engine/Plugins/Interchange/Runtime/Content/gltf/MaterialFunctions/MF_DiffuseSpecGloss.uexp" 562
"../../../Engine/Plugins/Interchange/Runtime/Content/gltf/Textures/T_White_Linear.uasset" 563
"../../../Engine/Plugins/Interchange/Runtime/Content/gltf/Textures/T_White_Linear.uexp" 564
"../../../Engine/Plugins/Interchange/Runtime/Content/gltf/MaterialFunctions/MF_MetallicRoughness.uasset" 565
"../../../Engine/Plugins/Interchange/Runtime/Content/gltf/MaterialFunctions/MF_MetallicRoughness.uexp" 566
"../../../Engine/Plugins/Interchange/Runtime/Content/gltf/MaterialFunctions/MF_Transmission.uasset" 567
"../../../Engine/Plugins/Interchange/Runtime/Content/gltf/MaterialFunctions/MF_Transmission.uexp" 568
"../../../Engine/Plugins/Interchange/Runtime/Content/gltf/MaterialFunctions/MF_Occlusion.uasset" 569
"../../../Engine/Plugins/Interchange/Runtime/Content/gltf/MaterialFunctions/MF_Occlusion.uexp" 570
"../../../Engine/Plugins/Interchange/Runtime/Content/gltf/MaterialFunctions/MF_Specular.uasset" 571
"../../../Engine/Plugins/Interchange/Runtime/Content/gltf/MaterialFunctions/MF_Specular.uexp" 572
"../../../Engine/Plugins/Interchange/Runtime/Content/gltf/MaterialFunctions/MF_IOR.uasset" 573
"../../../Engine/Plugins/Interchange/Runtime/Content/gltf/MaterialFunctions/MF_IOR.uexp" 574
"../../../Engine/Content/Functions/Engine_MaterialFunctions01/Texturing/FlattenNormal.uasset" 575
"../../../Engine/Content/Functions/Engine_MaterialFunctions01/Texturing/FlattenNormal.uexp" 576
"../../../Engine/Content/Functions/Engine_MaterialFunctions02/Math/Transform3x3Matrix.uasset" 577
"../../../Engine/Content/Functions/Engine_MaterialFunctions02/Math/Transform3x3Matrix.uexp" 578
"../../../Engine/Plugins/Interchange/Runtime/Content/gltf/MaterialFunctions/MF_RotateNormals_TS.uasset" 579
"../../../Engine/Plugins/Interchange/Runtime/Content/gltf/MaterialFunctions/MF_RotateNormals_TS.uexp" 580
"../../../Engine/Plugins/Interchange/Runtime/Content/gltf/Textures/T_Generic_N.uasset" 581
"../../../Engine/Plugins/Interchange/Runtime/Content/gltf/Textures/T_Generic_N.uexp" 582
"../../../Engine/Plugins/Interchange/Runtime/Content/gltf/MaterialFunctions/MF_Normals.uasset" 583
"../../../Engine/Plugins/Interchange/Runtime/Content/gltf/MaterialFunctions/MF_Normals.uexp" 584
"../../../Engine/Plugins/Interchange/Runtime/Content/gltf/MaterialFunctions/MF_PerceivedBrightness.uasset" 585
"../../../Engine/Plugins/Interchange/Runtime/Content/gltf/MaterialFunctions/MF_PerceivedBrightness.uexp" 586
"../../../Engine/Plugins/Interchange/Runtime/Content/gltf/MaterialFunctions/MF_SpecGlossToMetalRoughness.uasset" 587
"../../../Engine/Plugins/Interchange/Runtime/Content/gltf/MaterialFunctions/MF_SpecGlossToMetalRoughness.uexp" 588
"../../../Engine/Plugins/Interchange/Runtime/Content/gltf/M_Transmission.uasset" 589
"../../../Engine/Plugins/Interchange/Runtime/Content/gltf/M_Transmission.uexp" 590
"../../../Engine/Plugins/Interchange/Runtime/Content/gltf/MaterialInstances_MR/MI_Transmission_TS.uasset" 591
"../../../Engine/Plugins/Interchange/Runtime/Content/gltf/MaterialInstances_MR/MI_Transmission_TS.uexp" 592
"../../../Engine/Plugins/Interchange/Runtime/Content/gltf/MaterialInstances_MR/MI_Transmission.uasset" 593
"../../../Engine/Plugins/Interchange/Runtime/Content/gltf/MaterialInstances_MR/MI_Transmission.uexp" 594
"../../../Engine/Plugins/Interchange/Runtime/Content/gltf/MaterialFunctions/MF_Clearcoat.uasset" 595
"../../../Engine/Plugins/Interchange/Runtime/Content/gltf/MaterialFunctions/MF_Clearcoat.uexp" 596
"../../../Engine/Plugins/Interchange/Runtime/Content/gltf/MaterialFunctions/MF_Emissive.uasset" 597
"../../../Engine/Plugins/Interchange/Runtime/Content/gltf/MaterialFunctions/MF_Emissive.uexp" 598
"../../../Engine/Plugins/Interchange/Runtime/Content/gltf/M_Translucent.uasset" 599
"../../../Engine/Plugins/Interchange/Runtime/Content/gltf/M_Translucent.uexp" 600
"../../../Engine/Plugins/Interchange/Runtime/Content/gltf/MaterialInstances_MR/MI_Translucent_TS.uasset" 601
"../../../Engine/Plugins/Interchange/Runtime/Content/gltf/MaterialInstances_MR/MI_Translucent_TS.uexp" 602
"../../../Engine/Plugins/Interchange/Runtime/Content/gltf/MaterialInstances_MR/MI_Translucent_ClearCoat_TS.uasset" 603
"../../../Engine/Plugins/Interchange/Runtime/Content/gltf/MaterialInstances_MR/MI_Translucent_ClearCoat_TS.uexp" 604
"../../../Engine/Plugins/Interchange/Runtime/Content/gltf/MaterialInstances_MR/MI_Translucent_ClearCoat.uasset" 605
"../../../Engine/Plugins/Interchange/Runtime/Content/gltf/MaterialInstances_MR/MI_Translucent_ClearCoat.uexp" 606
"../../../Engine/Plugins/Interchange/Runtime/Content/gltf/MaterialInstances_MR/MI_Translucent.uasset" 607
"../../../Engine/Plugins/Interchange/Runtime/Content/gltf/MaterialInstances_MR/MI_Translucent.uexp" 608
"../../../Engine/Plugins/Interchange/Runtime/Content/gltf/M_Unlit.uasset" 609
"../../../Engine/Plugins/Interchange/Runtime/Content/gltf/M_Unlit.uexp" 610
"../../../Engine/Plugins/Interchange/Runtime/Content/gltf/MaterialInstances_MR/MI_Opaque_Unlit_TS.uasset" 611
"../../../Engine/Plugins/Interchange/Runtime/Content/gltf/MaterialInstances_MR/MI_Opaque_Unlit_TS.uexp" 612
"../../../Engine/Plugins/Interchange/Runtime/Content/gltf/MaterialInstances_MR/MI_Opaque_Unlit.uasset" 613
"../../../Engine/Plugins/Interchange/Runtime/Content/gltf/MaterialInstances_MR/MI_Opaque_Unlit.uexp" 614
"../../../Engine/Plugins/Interchange/Runtime/Content/gltf/M_Opaque.uasset" 615
"../../../Engine/Plugins/Interchange/Runtime/Content/gltf/M_Opaque.uexp" 616
"../../../Engine/Plugins/Interchange/Runtime/Content/gltf/MaterialInstances_MR/MI_Opaque_TS.uasset" 617
"../../../Engine/Plugins/Interchange/Runtime/Content/gltf/MaterialInstances_MR/MI_Opaque_TS.uexp" 618
"../../../Engine/Plugins/Interchange/Runtime/Content/gltf/MaterialFunctions/MF_Sheen.uasset" 619
"../../../Engine/Plugins/Interchange/Runtime/Content/gltf/MaterialFunctions/MF_Sheen.uexp" 620
"../../../Engine/Content/Functions/Engine_MaterialFunctions01/Shading/FuzzyShading.uasset" 621
"../../../Engine/Content/Functions/Engine_MaterialFunctions01/Shading/FuzzyShading.uexp" 622
"../../../Engine/Plugins/Interchange/Runtime/Content/gltf/M_Sheen.uasset" 623
"../../../Engine/Plugins/Interchange/Runtime/Content/gltf/M_Sheen.uexp" 624
"../../../Engine/Plugins/Interchange/Runtime/Content/gltf/MaterialInstances_MR/MI_Opaque_Sheen_TS.uasset" 625
"../../../Engine/Plugins/Interchange/Runtime/Content/gltf/MaterialInstances_MR/MI_Opaque_Sheen_TS.uexp" 626
"../../../Engine/Plugins/Interchange/Runtime/Content/gltf/MaterialInstances_MR/MI_Opaque_Sheen.uasset" 627
"../../../Engine/Plugins/Interchange/Runtime/Content/gltf/MaterialInstances_MR/MI_Opaque_Sheen.uexp" 628
"../../../Engine/Plugins/Interchange/Runtime/Content/gltf/MaterialInstances_MR/MI_Opaque_ClearCoat_TS.uasset" 629
"../../../Engine/Plugins/Interchange/Runtime/Content/gltf/MaterialInstances_MR/MI_Opaque_ClearCoat_TS.uexp" 630
"../../../Engine/Plugins/Interchange/Runtime/Content/gltf/MaterialInstances_MR/MI_Opaque_ClearCoat.uasset" 631
"../../../Engine/Plugins/Interchange/Runtime/Content/gltf/MaterialInstances_MR/MI_Opaque_ClearCoat.uexp" 632
"../../../Engine/Plugins/Interchange/Runtime/Content/gltf/MaterialInstances_MR/MI_Opaque.uasset" 633
"../../../Engine/Plugins/Interchange/Runtime/Content/gltf/MaterialInstances_MR/MI_Opaque.uexp" 634
"../../../Engine/Plugins/Interchange/Runtime/Content/gltf/MaterialInstances_SG/MI_Transmission_TS.uasset" 635
"../../../Engine/Plugins/Interchange/Runtime/Content/gltf/MaterialInstances_SG/MI_Transmission_TS.uexp" 636
"../../../Engine/Plugins/Interchange/Runtime/Content/gltf/MaterialInstances_SG/MI_Transmission.uasset" 637
"../../../Engine/Plugins/Interchange/Runtime/Content/gltf/MaterialInstances_SG/MI_Transmission.uexp" 638
"../../../Engine/Plugins/Interchange/Runtime/Content/gltf/MaterialInstances_SG/MI_Translucent_TS.uasset" 639
"../../../Engine/Plugins/Interchange/Runtime/Content/gltf/MaterialInstances_SG/MI_Translucent_TS.uexp" 640
"../../../Engine/Plugins/Interchange/Runtime/Content/gltf/MaterialInstances_SG/MI_Translucent_ClearCoat_TS.uasset" 641
"../../../Engine/Plugins/Interchange/Runtime/Content/gltf/MaterialInstances_SG/MI_Translucent_ClearCoat_TS.uexp" 642
"../../../Engine/Plugins/Interchange/Runtime/Content/gltf/MaterialInstances_SG/MI_Translucent_ClearCoat.uasset" 643
"../../../Engine/Plugins/Interchange/Runtime/Content/gltf/MaterialInstances_SG/MI_Translucent_ClearCoat.uexp" 644
"../../../Engine/Plugins/Interchange/Runtime/Content/gltf/MaterialInstances_SG/MI_Translucent.uasset" 645
"../../../Engine/Plugins/Interchange/Runtime/Content/gltf/MaterialInstances_SG/MI_Translucent.uexp" 646
"../../../Engine/Plugins/Interchange/Runtime/Content/gltf/MaterialInstances_SG/MI_Opaque_TS.uasset" 647
"../../../Engine/Plugins/Interchange/Runtime/Content/gltf/MaterialInstances_SG/MI_Opaque_TS.uexp" 648
"../../../Engine/Plugins/Interchange/Runtime/Content/gltf/MaterialInstances_SG/MI_Opaque_Sheen_TS.uasset" 649
"../../../Engine/Plugins/Interchange/Runtime/Content/gltf/MaterialInstances_SG/MI_Opaque_Sheen_TS.uexp" 650
"../../../Engine/Plugins/Interchange/Runtime/Content/gltf/MaterialInstances_SG/MI_Opaque_Sheen.uasset" 651
"../../../Engine/Plugins/Interchange/Runtime/Content/gltf/MaterialInstances_SG/MI_Opaque_Sheen.uexp" 652
"../../../Engine/Plugins/Interchange/Runtime/Content/gltf/MaterialInstances_SG/MI_Opaque_ClearCoat_TS.uasset" 653
"../../../Engine/Plugins/Interchange/Runtime/Content/gltf/MaterialInstances_SG/MI_Opaque_ClearCoat_TS.uexp" 654
"../../../Engine/Plugins/Interchange/Runtime/Content/gltf/MaterialInstances_SG/MI_Opaque_ClearCoat.uasset" 655
"../../../Engine/Plugins/Interchange/Runtime/Content/gltf/MaterialInstances_SG/MI_Opaque_ClearCoat.uexp" 656
"../../../Engine/Plugins/Interchange/Runtime/Content/gltf/MaterialInstances_SG/MI_Opaque.uasset" 657
"../../../Engine/Plugins/Interchange/Runtime/Content/gltf/MaterialInstances_SG/MI_Opaque.uexp" 658
"D:/PrivateProject/RunningHorse/Content/Image/3.uasset" 659
"D:/PrivateProject/RunningHorse/Content/Image/3.uexp" 660
"D:/PrivateProject/RunningHorse/Content/Image/11.uasset" 661
"D:/PrivateProject/RunningHorse/Content/Image/11.uexp" 662
"D:/PrivateProject/RunningHorse/Content/Image/8.uasset" 663
"D:/PrivateProject/RunningHorse/Content/Image/8.uexp" 664
"D:/PrivateProject/RunningHorse/Content/Image/1.uasset" 665
"D:/PrivateProject/RunningHorse/Content/Image/1.uexp" 666
"D:/PrivateProject/RunningHorse/Content/FColorData.uasset" 667
"D:/PrivateProject/RunningHorse/Content/FColorData.uexp" 668
"D:/PrivateProject/RunningHorse/Content/Image/7.uasset" 669
"D:/PrivateProject/RunningHorse/Content/Image/7.uexp" 670
"D:/PrivateProject/RunningHorse/Content/Image/2.uasset" 671
"D:/PrivateProject/RunningHorse/Content/Image/2.uexp" 672
"D:/PrivateProject/RunningHorse/Content/Image/10.uasset" 673
"D:/PrivateProject/RunningHorse/Content/Image/10.uexp" 674
"D:/PrivateProject/RunningHorse/Content/Image/5.uasset" 675
"D:/PrivateProject/RunningHorse/Content/Image/5.uexp" 676
"D:/PrivateProject/RunningHorse/Content/Image/9.uasset" 677
"D:/PrivateProject/RunningHorse/Content/Image/9.uexp" 678
"D:/PrivateProject/RunningHorse/Content/Image/6.uasset" 679
"D:/PrivateProject/RunningHorse/Content/Image/6.uexp" 680
"../../../Engine/Content/EditorBlueprintResources/StandardMacros.uasset" 681
"../../../Engine/Content/EditorBlueprintResources/StandardMacros.uexp" 682
"D:/PrivateProject/RunningHorse/Content/Widget/BP_CharThumnail.uasset" 683
"D:/PrivateProject/RunningHorse/Content/Widget/BP_CharThumnail.uexp" 684
"D:/PrivateProject/RunningHorse/Content/Widget/BP_MainWidget.uasset" 685
"D:/PrivateProject/RunningHorse/Content/Widget/BP_MainWidget.uexp" 686
"D:/PrivateProject/RunningHorse/Content/Widget/WBP_ReadyWidget.uasset" 687
"D:/PrivateProject/RunningHorse/Content/Widget/WBP_ReadyWidget.uexp" 688
"D:/PrivateProject/RunningHorse/Content/Widget/BP_RankingWidget.uasset" 689
"D:/PrivateProject/RunningHorse/Content/Widget/BP_RankingWidget.uexp" 690
"D:/PrivateProject/RunningHorse/Content/Widget/BP_ResultWidget.uasset" 691
"D:/PrivateProject/RunningHorse/Content/Widget/BP_ResultWidget.uexp" 692
"D:/PrivateProject/RunningHorse/Content/Blueprints/BP_TzCameraModifier.uasset" 693
"D:/PrivateProject/RunningHorse/Content/Blueprints/BP_TzCameraModifier.uexp" 694
"D:/PrivateProject/RunningHorse/Content/Blueprints/BP_CameraManager.uasset" 695
"D:/PrivateProject/RunningHorse/Content/Blueprints/BP_CameraManager.uexp" 696
"D:/PrivateProject/RunningHorse/Content/Widget/WBP_GameWidget.uasset" 697
"D:/PrivateProject/RunningHorse/Content/Widget/WBP_GameWidget.uexp" 698
"D:/PrivateProject/RunningHorse/Content/Blueprints/BP_PlayerController.uasset" 699
"D:/PrivateProject/RunningHorse/Content/Blueprints/BP_PlayerController.uexp" 700
"D:/PrivateProject/RunningHorse/Content/Widget/WBP_RunnerLine.uasset" 701
"D:/PrivateProject/RunningHorse/Content/Widget/WBP_RunnerLine.uexp" 702
"D:/PrivateProject/RunningHorse/Content/Migrated/T_Bot_M_R_AO.ubulk" 703
"D:/PrivateProject/RunningHorse/Content/Migrated/T_Bot_M_R_AO.uasset" 704
"D:/PrivateProject/RunningHorse/Content/Migrated/T_Bot_M_R_AO.uexp" 705
"../../../Engine/Content/EngineMaterials/BlendFunc_DefBlend.uasset" 706
"../../../Engine/Content/EngineMaterials/BlendFunc_DefBlend.uexp" 707
"../../../Engine/Content/EngineMaterials/BlendFunc_DefBase.uasset" 708
"../../../Engine/Content/EngineMaterials/BlendFunc_DefBase.uexp" 709
"../../../Engine/Content/Functions/Engine_MaterialFunctions03/Blends/Blend_Overlay.uasset" 710
"../../../Engine/Content/Functions/Engine_MaterialFunctions03/Blends/Blend_Overlay.uexp" 711
"D:/PrivateProject/RunningHorse/Content/Migrated/MF_SpawnEffect.uasset" 712
"D:/PrivateProject/RunningHorse/Content/Migrated/MF_SpawnEffect.uexp" 713
"D:/PrivateProject/RunningHorse/Content/Migrated/T_Bot_Normal.ubulk" 714
"D:/PrivateProject/RunningHorse/Content/Migrated/T_Bot_Normal.uasset" 715
"D:/PrivateProject/RunningHorse/Content/Migrated/T_Bot_Normal.uexp" 716
"D:/PrivateProject/RunningHorse/Content/Migrated/T_Bot_Albedo.ubulk" 717
"D:/PrivateProject/RunningHorse/Content/Migrated/T_Bot_Albedo.uasset" 718
"D:/PrivateProject/RunningHorse/Content/Migrated/T_Bot_Albedo.uexp" 719
"D:/PrivateProject/RunningHorse/Content/Migrated/T_Bot_Masks.ubulk" 720
"D:/PrivateProject/RunningHorse/Content/Migrated/T_Bot_Masks.uasset" 721
"D:/PrivateProject/RunningHorse/Content/Migrated/T_Bot_Masks.uexp" 722
"../../../Engine/Content/Functions/Engine_MaterialFunctions02/HueShift.uasset" 723
"../../../Engine/Content/Functions/Engine_MaterialFunctions02/HueShift.uexp" 724
"D:/PrivateProject/RunningHorse/Content/Migrated/M_BotBase.uasset" 725
"D:/PrivateProject/RunningHorse/Content/Migrated/M_BotBase.uexp" 726
"D:/PrivateProject/RunningHorse/Content/Migrated/M_BotBase_Inst.uasset" 727
"D:/PrivateProject/RunningHorse/Content/Migrated/M_BotBase_Inst.uexp" 728
"../../../Engine/Content/EngineMeshes/Humanoid.uasset" 729
"../../../Engine/Content/EngineMeshes/Humanoid.uexp" 730
"D:/PrivateProject/RunningHorse/Content/Migrated/SK_Bot.uasset" 731
"D:/PrivateProject/RunningHorse/Content/Migrated/SK_Bot.uexp" 732
"../../../Engine/Content/Animation/DefaultAnimCurveCompressionSettings.uasset" 733
"../../../Engine/Content/Animation/DefaultAnimCurveCompressionSettings.uexp" 734
"../../../Engine/Content/Animation/DefaultAnimBoneCompressionSettings.uasset" 735
"../../../Engine/Content/Animation/DefaultAnimBoneCompressionSettings.uexp" 736
"D:/PrivateProject/RunningHorse/Content/Character/Animations/A_Bot_RunJump.uasset" 737
"D:/PrivateProject/RunningHorse/Content/Character/Animations/A_Bot_RunJump.uexp" 738
"D:/PrivateProject/RunningHorse/Content/Character/Animations/A_Bot_IdleJump.uasset" 739
"D:/PrivateProject/RunningHorse/Content/Character/Animations/A_Bot_IdleJump.uexp" 740
"D:/PrivateProject/RunningHorse/Content/Migrated/BS_Bot_RunIdleJump.uasset" 741
"D:/PrivateProject/RunningHorse/Content/Migrated/BS_Bot_RunIdleJump.uexp" 742
"D:/PrivateProject/RunningHorse/Content/Character/Animations/A_Bot_Run_LeanLeft.uasset" 743
"D:/PrivateProject/RunningHorse/Content/Character/Animations/A_Bot_Run_LeanLeft.uexp" 744
"D:/PrivateProject/RunningHorse/Content/Character/Animations/A_Bot_Run_LeanRight.uasset" 745
"D:/PrivateProject/RunningHorse/Content/Character/Animations/A_Bot_Run_LeanRight.uexp" 746
"D:/PrivateProject/RunningHorse/Content/Character/Animations/A_Bot_Walk.uasset" 747
"D:/PrivateProject/RunningHorse/Content/Character/Animations/A_Bot_Walk.uexp" 748
"../../../Engine/Plugins/FX/Niagara/Content/Enums/ENiagaraExpansionMode.uasset" 749
"../../../Engine/Plugins/FX/Niagara/Content/Enums/ENiagaraExpansionMode.uexp" 750
"../../../Engine/Plugins/FX/Niagara/Content/Enums/ENiagaraTorusDistributionMode.uasset" 751
"../../../Engine/Plugins/FX/Niagara/Content/Enums/ENiagaraTorusDistributionMode.uexp" 752
"D:/PrivateProject/RunningHorse/Content/A_Surface_Footstep/Niagara_FX/Textures/T_Speckled_tile.ubulk" 753
"D:/PrivateProject/RunningHorse/Content/A_Surface_Footstep/Niagara_FX/Textures/T_Speckled_tile.uasset" 754
"D:/PrivateProject/RunningHorse/Content/A_Surface_Footstep/Niagara_FX/Textures/T_Speckled_tile.uexp" 755
"D:/PrivateProject/RunningHorse/Content/A_Surface_Footstep/Niagara_FX/Textures/T_Speckled_tile_2.uasset" 756
"D:/PrivateProject/RunningHorse/Content/A_Surface_Footstep/Niagara_FX/Textures/T_Speckled_tile_2.uexp" 757
"D:/PrivateProject/RunningHorse/Content/A_Surface_Footstep/Niagara_FX/Textures/T_whisp_One_512_8x8.ubulk" 758
"D:/PrivateProject/RunningHorse/Content/A_Surface_Footstep/Niagara_FX/Textures/T_whisp_One_512_8x8.uasset" 759
"D:/PrivateProject/RunningHorse/Content/A_Surface_Footstep/Niagara_FX/Textures/T_whisp_One_512_8x8.uexp" 760
"D:/PrivateProject/RunningHorse/Content/A_Surface_Footstep/Niagara_FX/Textures/T_whisp_One_512_8x8_Normal.ubulk" 761
"D:/PrivateProject/RunningHorse/Content/A_Surface_Footstep/Niagara_FX/Textures/T_whisp_One_512_8x8_Normal.uasset" 762
"D:/PrivateProject/RunningHorse/Content/A_Surface_Footstep/Niagara_FX/Textures/T_whisp_One_512_8x8_Normal.uexp" 763
"D:/PrivateProject/RunningHorse/Content/A_Surface_Footstep/Niagara_FX/Textures/T_Noise_Anisotropic2_height.ubulk" 764
"D:/PrivateProject/RunningHorse/Content/A_Surface_Footstep/Niagara_FX/Textures/T_Noise_Anisotropic2_height.uasset" 765
"D:/PrivateProject/RunningHorse/Content/A_Surface_Footstep/Niagara_FX/Textures/T_Noise_Anisotropic2_height.uexp" 766
"../../../Engine/Content/Functions/Engine_MaterialFunctions03/Blends/Blend_Lighten.uasset" 767
"../../../Engine/Content/Functions/Engine_MaterialFunctions03/Blends/Blend_Lighten.uexp" 768
"D:/PrivateProject/RunningHorse/Content/A_Surface_Footstep/Niagara_FX/Materials/M_SpeckledDust.uasset" 769
"D:/PrivateProject/RunningHorse/Content/A_Surface_Footstep/Niagara_FX/Materials/M_SpeckledDust.uexp" 770
"D:/PrivateProject/RunningHorse/Content/A_Surface_Footstep/Niagara_FX/Materials/MI_SpeckSnowDust_Inst.uasset" 771
"D:/PrivateProject/RunningHorse/Content/A_Surface_Footstep/Niagara_FX/Materials/MI_SpeckSnowDust_Inst.uexp" 772
"../../../Engine/Plugins/FX/Niagara/Content/Enums/ENiagaraMassByVolume.uasset" 773
"../../../Engine/Plugins/FX/Niagara/Content/Enums/ENiagaraMassByVolume.uexp" 774
"../../../Engine/Plugins/FX/Niagara/Content/Enums/ENiagaraRandomnessMode.uasset" 775
"../../../Engine/Plugins/FX/Niagara/Content/Enums/ENiagaraRandomnessMode.uexp" 776
"../../../Engine/Plugins/FX/Niagara/Content/Icons/Modules/T_Icon_Solver_LimitSpeed.uasset" 777
"../../../Engine/Plugins/FX/Niagara/Content/Icons/Modules/T_Icon_Solver_LimitSpeed.uexp" 778
"../../../Engine/Plugins/FX/Niagara/Content/Icons/Modules/T_Icon_Solver_RotationalSolve.uasset" 779
"../../../Engine/Plugins/FX/Niagara/Content/Icons/Modules/T_Icon_Solver_RotationalSolve.uexp" 780
"../../../Engine/Plugins/FX/Niagara/Content/Icons/Modules/T_Icon_Solver_LimitAccel.uasset" 781
"../../../Engine/Plugins/FX/Niagara/Content/Icons/Modules/T_Icon_Solver_LimitAccel.uexp" 782
"../../../Engine/Plugins/FX/Niagara/Content/Enums/Angles/ENiagara_AngleInput.uasset" 783
"../../../Engine/Plugins/FX/Niagara/Content/Enums/Angles/ENiagara_AngleInput.uexp" 784
"../../../Engine/Plugins/FX/Niagara/Content/Enums/ENiagaraSUbUVAnimationMode.uasset" 785
"../../../Engine/Plugins/FX/Niagara/Content/Enums/ENiagaraSUbUVAnimationMode.uexp" 786
"../../../Engine/Plugins/FX/Niagara/Content/Enums/ENiagaraCoordinateSpace.uasset" 787
"../../../Engine/Plugins/FX/Niagara/Content/Enums/ENiagaraCoordinateSpace.uexp" 788
"../../../Engine/Plugins/FX/Niagara/Content/Enums/ENiagaraRandomnessEvaluation.uasset" 789
"../../../Engine/Plugins/FX/Niagara/Content/Enums/ENiagaraRandomnessEvaluation.uexp" 790
"../../../Engine/Plugins/FX/Niagara/Content/Enums/Utility/ENiagara_VelocityMode.uasset" 791
"../../../Engine/Plugins/FX/Niagara/Content/Enums/Utility/ENiagara_VelocityMode.uexp" 792
"../../../Engine/Plugins/FX/Niagara/Content/Enums/Transforms/ENiagara_RotationMode.uasset" 793
"../../../Engine/Plugins/FX/Niagara/Content/Enums/Transforms/ENiagara_RotationMode.uexp" 794
"../../../Engine/Plugins/FX/Niagara/Content/Enums/ENiagaraEmitterLifeCycleMode.uasset" 795
"../../../Engine/Plugins/FX/Niagara/Content/Enums/ENiagaraEmitterLifeCycleMode.uexp" 796
"../../../Engine/Plugins/FX/Niagara/Content/Enums/ENiagara_InfiniteLoopDuration.uasset" 797
"../../../Engine/Plugins/FX/Niagara/Content/Enums/ENiagara_InfiniteLoopDuration.uexp" 798
"../../../Engine/Plugins/FX/Niagara/Content/Enums/ENiagara_EmitterStateOptions.uasset" 799
"../../../Engine/Plugins/FX/Niagara/Content/Enums/ENiagara_EmitterStateOptions.uexp" 800
"../../../Engine/Plugins/FX/Niagara/Content/Enums/ENiagaraInactiveMode.uasset" 801
"../../../Engine/Plugins/FX/Niagara/Content/Enums/ENiagaraInactiveMode.uexp" 802
"../../../Engine/Plugins/FX/Niagara/Content/Enums/ENiagaraExecutionStateManagement.uasset" 803
"../../../Engine/Plugins/FX/Niagara/Content/Enums/ENiagaraExecutionStateManagement.uexp" 804
"../../../Engine/Plugins/FX/Niagara/Content/Enums/ENiagaraEmitterScalabilityMode_Limited.uasset" 805
"../../../Engine/Plugins/FX/Niagara/Content/Enums/ENiagaraEmitterScalabilityMode_Limited.uexp" 806
"../../../Engine/Plugins/FX/Niagara/Content/Icons/Modules/T_Icon_Particle_InfiniteLife.uasset" 807
"../../../Engine/Plugins/FX/Niagara/Content/Icons/Modules/T_Icon_Particle_InfiniteLife.uexp" 808
"../../../Engine/Plugins/FX/Niagara/Content/Enums/SpriteRenderer/ENiagara_ScaleSpriteSize.uasset" 809
"../../../Engine/Plugins/FX/Niagara/Content/Enums/SpriteRenderer/ENiagara_ScaleSpriteSize.uexp" 810
"D:/PrivateProject/RunningHorse/Content/A_Surface_Footstep/Niagara_FX/Textures/T_Gravel2x2_normal.ubulk" 811
"D:/PrivateProject/RunningHorse/Content/A_Surface_Footstep/Niagara_FX/Textures/T_Gravel2x2_normal.uasset" 812
"D:/PrivateProject/RunningHorse/Content/A_Surface_Footstep/Niagara_FX/Textures/T_Gravel2x2_normal.uexp" 813
"D:/PrivateProject/RunningHorse/Content/A_Surface_Footstep/Niagara_FX/Textures/T_Stones2x2.ubulk" 814
"D:/PrivateProject/RunningHorse/Content/A_Surface_Footstep/Niagara_FX/Textures/T_Stones2x2.uasset" 815
"D:/PrivateProject/RunningHorse/Content/A_Surface_Footstep/Niagara_FX/Textures/T_Stones2x2.uexp" 816
"D:/PrivateProject/RunningHorse/Content/A_Surface_Footstep/Niagara_FX/Materials/M_General_Debris.uasset" 817
"D:/PrivateProject/RunningHorse/Content/A_Surface_Footstep/Niagara_FX/Materials/M_General_Debris.uexp" 818
"D:/PrivateProject/RunningHorse/Content/A_Surface_Footstep/Niagara_FX/Textures/T_Squib_one_1024_8x8.ubulk" 819
"D:/PrivateProject/RunningHorse/Content/A_Surface_Footstep/Niagara_FX/Textures/T_Squib_one_1024_8x8.uasset" 820
"D:/PrivateProject/RunningHorse/Content/A_Surface_Footstep/Niagara_FX/Textures/T_Squib_one_1024_8x8.uexp" 821
"D:/PrivateProject/RunningHorse/Content/A_Surface_Footstep/Niagara_FX/Textures/T_Squib_one_normal.ubulk" 822
"D:/PrivateProject/RunningHorse/Content/A_Surface_Footstep/Niagara_FX/Textures/T_Squib_one_normal.uasset" 823
"D:/PrivateProject/RunningHorse/Content/A_Surface_Footstep/Niagara_FX/Textures/T_Squib_one_normal.uexp" 824
"D:/PrivateProject/RunningHorse/Content/A_Surface_Footstep/Niagara_FX/Materials/M_ThickSmoke.uasset" 825
"D:/PrivateProject/RunningHorse/Content/A_Surface_Footstep/Niagara_FX/Materials/M_ThickSmoke.uexp" 826
"../../../Engine/Plugins/FX/Niagara/Content/Enums/ENiagaraSystemInactiveMode.uasset" 827
"../../../Engine/Plugins/FX/Niagara/Content/Enums/ENiagaraSystemInactiveMode.uexp" 828
"D:/PrivateProject/RunningHorse/Content/A_Surface_Footstep/Niagara_FX/ParticleSystems/PSN_General2_Surface.uasset" 829
"D:/PrivateProject/RunningHorse/Content/A_Surface_Footstep/Niagara_FX/ParticleSystems/PSN_General2_Surface.uexp" 830
"D:/PrivateProject/RunningHorse/Content/Character/Animations/A_Bot_Run.uasset" 831
"D:/PrivateProject/RunningHorse/Content/Character/Animations/A_Bot_Run.uexp" 832
"D:/PrivateProject/RunningHorse/Content/Migrated/BS_Bot_WalkRunLean.uasset" 833
"D:/PrivateProject/RunningHorse/Content/Migrated/BS_Bot_WalkRunLean.uexp" 834
"D:/PrivateProject/RunningHorse/Content/Character/Animations/A_Bot_Hover_Loop.uasset" 835
"D:/PrivateProject/RunningHorse/Content/Character/Animations/A_Bot_Hover_Loop.uexp" 836
"D:/PrivateProject/RunningHorse/Content/Character/Animations/A_Bot_Idle_Inactive.uasset" 837
"D:/PrivateProject/RunningHorse/Content/Character/Animations/A_Bot_Idle_Inactive.uexp" 838
"D:/PrivateProject/RunningHorse/Content/Character/Animations/A_Bot_Hover_Start.uasset" 839
"D:/PrivateProject/RunningHorse/Content/Character/Animations/A_Bot_Hover_Start.uexp" 840
"D:/PrivateProject/RunningHorse/Content/Character/Animations/A_Bot_LandIdle.uasset" 841
"D:/PrivateProject/RunningHorse/Content/Character/Animations/A_Bot_LandIdle.uexp" 842
"D:/PrivateProject/RunningHorse/Content/Character/Animations/A_Bot_Idle.uasset" 843
"D:/PrivateProject/RunningHorse/Content/Character/Animations/A_Bot_Idle.uexp" 844
"D:/PrivateProject/RunningHorse/Content/Character/Animations/A_Bot_Hover_End.uasset" 845
"D:/PrivateProject/RunningHorse/Content/Character/Animations/A_Bot_Hover_End.uexp" 846
"D:/PrivateProject/RunningHorse/Content/Character/Animations/A_Bot_LandRun.uasset" 847
"D:/PrivateProject/RunningHorse/Content/Character/Animations/A_Bot_LandRun.uexp" 848
"D:/PrivateProject/RunningHorse/Content/Character/Animations/A_Bot_Fall.uasset" 849
"D:/PrivateProject/RunningHorse/Content/Character/Animations/A_Bot_Fall.uexp" 850
"D:/PrivateProject/RunningHorse/Content/Character/Animations/ABP_Bot.uasset" 851
"D:/PrivateProject/RunningHorse/Content/Character/Animations/ABP_Bot.uexp" 852
"D:/PrivateProject/RunningHorse/Content/Shader/AndroidShader/MM_Outline.uasset" 853
"D:/PrivateProject/RunningHorse/Content/Shader/AndroidShader/MM_Outline.uexp" 854
"D:/PrivateProject/RunningHorse/Content/Shader/AndroidShader/MM_Outline_Inst.uasset" 855
"D:/PrivateProject/RunningHorse/Content/Shader/AndroidShader/MM_Outline_Inst.uexp" 856
"../../../Engine/Content/Functions/Engine_MaterialFunctions02/ExampleContent/DebugNumberStrip.uasset" 857
"../../../Engine/Content/Functions/Engine_MaterialFunctions02/ExampleContent/DebugNumberStrip.uexp" 858
"../../../Engine/Content/Functions/Engine_MaterialFunctions01/Texturing/ComputeMipLevel.uasset" 859
"../../../Engine/Content/Functions/Engine_MaterialFunctions01/Texturing/ComputeMipLevel.uexp" 860
"../../../Engine/Content/Functions/Engine_MaterialFunctions01/Texturing/TextureCropping.uasset" 861
"../../../Engine/Content/Functions/Engine_MaterialFunctions01/Texturing/TextureCropping.uexp" 862
"../../../Engine/Content/Functions/Engine_MaterialFunctions02/ExampleContent/Textures/DebugNumberPeriod.uasset" 863
"../../../Engine/Content/Functions/Engine_MaterialFunctions02/ExampleContent/Textures/DebugNumberPeriod.uexp" 864
"../../../Engine/Content/Functions/Engine_MaterialFunctions02/Utility/DebugScalarValues.uasset" 865
"../../../Engine/Content/Functions/Engine_MaterialFunctions02/Utility/DebugScalarValues.uexp" 866
"../../../Engine/Content/Functions/Engine_MaterialFunctions02/Utility/DebugFloat2Values.uasset" 867
"../../../Engine/Content/Functions/Engine_MaterialFunctions02/Utility/DebugFloat2Values.uexp" 868
"../../../Engine/Content/Functions/Engine_MaterialFunctions02/ExampleContent/Textures/flipbook.ubulk" 869
"../../../Engine/Content/Functions/Engine_MaterialFunctions02/ExampleContent/Textures/flipbook.uasset" 870
"../../../Engine/Content/Functions/Engine_MaterialFunctions02/ExampleContent/Textures/flipbook.uexp" 871
"../../../Engine/Content/Functions/Engine_MaterialFunctions02/Texturing/FlipBook.uasset" 872
"../../../Engine/Content/Functions/Engine_MaterialFunctions02/Texturing/FlipBook.uexp" 873
"D:/PrivateProject/RunningHorse/Content/Migrated/T_Eyes_Atlas.uasset" 874
"D:/PrivateProject/RunningHorse/Content/Migrated/T_Eyes_Atlas.uexp" 875
"D:/PrivateProject/RunningHorse/Content/Migrated/T_Bot_FaceBG.ubulk" 876
"D:/PrivateProject/RunningHorse/Content/Migrated/T_Bot_FaceBG.uasset" 877
"D:/PrivateProject/RunningHorse/Content/Migrated/T_Bot_FaceBG.uexp" 878
"D:/PrivateProject/RunningHorse/Content/Migrated/M_BotFace.uasset" 879
"D:/PrivateProject/RunningHorse/Content/Migrated/M_BotFace.uexp" 880
"D:/PrivateProject/RunningHorse/Content/Migrated/MI_BotFace.uasset" 881
"D:/PrivateProject/RunningHorse/Content/Migrated/MI_BotFace.uexp" 882
"D:/PrivateProject/RunningHorse/Content/Migrated/PhA_Bot.uasset" 883
"D:/PrivateProject/RunningHorse/Content/Migrated/PhA_Bot.uexp" 884
"D:/PrivateProject/RunningHorse/Content/Migrated/SKM_Bot.uasset" 885
"D:/PrivateProject/RunningHorse/Content/Migrated/SKM_Bot.uexp" 886
"D:/PrivateProject/RunningHorse/Content/Blueprints/BP_Runner.uasset" 887
"D:/PrivateProject/RunningHorse/Content/Blueprints/BP_Runner.uexp" 888
"D:/PrivateProject/RunningHorse/Content/sA_PickupSet_1/Models/SM_Pickup_ss.uasset" 889
"D:/PrivateProject/RunningHorse/Content/sA_PickupSet_1/Models/SM_Pickup_ss.uexp" 890
"../../../Engine/Plugins/FX/Niagara/Content/Enums/ENiagaraMeshTransforms.uasset" 891
"../../../Engine/Plugins/FX/Niagara/Content/Enums/ENiagaraMeshTransforms.uexp" 892
"../../../Engine/Plugins/FX/Niagara/Content/Enums/ENiagaraScaleColorMode.uasset" 893
"../../../Engine/Plugins/FX/Niagara/Content/Enums/ENiagaraScaleColorMode.uexp" 894
"../../../Engine/Content/Functions/Engine_MaterialFunctions01/Density/ExponentialDensity.uasset" 895
"../../../Engine/Content/Functions/Engine_MaterialFunctions01/Density/ExponentialDensity.uexp" 896
"D:/PrivateProject/RunningHorse/Content/sA_PickupSet_1/Materials/Textures/T_NoiseFurry.ubulk" 897
"D:/PrivateProject/RunningHorse/Content/sA_PickupSet_1/Materials/Textures/T_NoiseFurry.uasset" 898
"D:/PrivateProject/RunningHorse/Content/sA_PickupSet_1/Materials/Textures/T_NoiseFurry.uexp" 899
"../../../Engine/Content/Functions/Engine_MaterialFunctions01/Gradient/RadialGradientExponential.uasset" 900
"../../../Engine/Content/Functions/Engine_MaterialFunctions01/Gradient/RadialGradientExponential.uexp" 901
"../../../Engine/Content/Functions/Engine_MaterialFunctions01/ImageAdjustment/DeriveHDRfromLDR.uasset" 902
"../../../Engine/Content/Functions/Engine_MaterialFunctions01/ImageAdjustment/DeriveHDRfromLDR.uexp" 903
"D:/PrivateProject/RunningHorse/Content/sA_PickupSet_1/Materials/Textures/T_Noise_DistortedCaustic.ubulk" 904
"D:/PrivateProject/RunningHorse/Content/sA_PickupSet_1/Materials/Textures/T_Noise_DistortedCaustic.uasset" 905
"D:/PrivateProject/RunningHorse/Content/sA_PickupSet_1/Materials/Textures/T_Noise_DistortedCaustic.uexp" 906
"D:/PrivateProject/RunningHorse/Content/sA_PickupSet_1/Materials/M_sA_Aura.uasset" 907
"D:/PrivateProject/RunningHorse/Content/sA_PickupSet_1/Materials/M_sA_Aura.uexp" 908
"D:/PrivateProject/RunningHorse/Content/sA_PickupSet_1/Materials/MI_Aura_1.uasset" 909
"D:/PrivateProject/RunningHorse/Content/sA_PickupSet_1/Materials/MI_Aura_1.uexp" 910
"../../../Engine/Plugins/FX/Niagara/Content/Enums/Utility/ENiagara_UpdateMeshOrientationMode.uasset" 911
"../../../Engine/Plugins/FX/Niagara/Content/Enums/Utility/ENiagara_UpdateMeshOrientationMode.uexp" 912
"../../../Engine/Plugins/FX/Niagara/Content/Enums/ENiagaraCalculateRadiusOptions.uasset" 913
"../../../Engine/Plugins/FX/Niagara/Content/Enums/ENiagaraCalculateRadiusOptions.uexp" 914
"../../../Engine/Plugins/FX/Niagara/Content/Enums/ENiagara_AttributeSamplingApplyOutput.uasset" 915
"../../../Engine/Plugins/FX/Niagara/Content/Enums/ENiagara_AttributeSamplingApplyOutput.uexp" 916
"../../../Engine/Plugins/FX/Niagara/Content/Enums/Utility/ENiagara_OrientVectorCount.uasset" 917
"../../../Engine/Plugins/FX/Niagara/Content/Enums/Utility/ENiagara_OrientVectorCount.uexp" 918
"D:/PrivateProject/RunningHorse/Content/sA_PickupSet_1/Materials/Textures/T_NoiseCloud_1.ubulk" 919
"D:/PrivateProject/RunningHorse/Content/sA_PickupSet_1/Materials/Textures/T_NoiseCloud_1.uasset" 920
"D:/PrivateProject/RunningHorse/Content/sA_PickupSet_1/Materials/Textures/T_NoiseCloud_1.uexp" 921
"D:/PrivateProject/RunningHorse/Content/sA_PickupSet_1/Materials/Textures/T_NoiseCloud_2.ubulk" 922
"D:/PrivateProject/RunningHorse/Content/sA_PickupSet_1/Materials/Textures/T_NoiseCloud_2.uasset" 923
"D:/PrivateProject/RunningHorse/Content/sA_PickupSet_1/Materials/Textures/T_NoiseCloud_2.uexp" 924
"D:/PrivateProject/RunningHorse/Content/sA_PickupSet_1/Materials/Textures/T_Ray_5.ubulk" 925
"D:/PrivateProject/RunningHorse/Content/sA_PickupSet_1/Materials/Textures/T_Ray_5.uasset" 926
"D:/PrivateProject/RunningHorse/Content/sA_PickupSet_1/Materials/Textures/T_Ray_5.uexp" 927
"D:/PrivateProject/RunningHorse/Content/sA_PickupSet_1/Materials/Textures/T_Beam_01.ubulk" 928
"D:/PrivateProject/RunningHorse/Content/sA_PickupSet_1/Materials/Textures/T_Beam_01.uasset" 929
"D:/PrivateProject/RunningHorse/Content/sA_PickupSet_1/Materials/Textures/T_Beam_01.uexp" 930
"D:/PrivateProject/RunningHorse/Content/sA_PickupSet_1/Materials/M_AdditiveScrollNiagara.uasset" 931
"D:/PrivateProject/RunningHorse/Content/sA_PickupSet_1/Materials/M_AdditiveScrollNiagara.uexp" 932
"D:/PrivateProject/RunningHorse/Content/sA_PickupSet_1/Materials/MI_Scroll_1.uasset" 933
"D:/PrivateProject/RunningHorse/Content/sA_PickupSet_1/Materials/MI_Scroll_1.uexp" 934
"D:/PrivateProject/RunningHorse/Content/sA_PickupSet_1/Materials/M_Master_Fresnel.uasset" 935
"D:/PrivateProject/RunningHorse/Content/sA_PickupSet_1/Materials/M_Master_Fresnel.uexp" 936
"D:/PrivateProject/RunningHorse/Content/sA_PickupSet_1/Materials/MI_Fresnel.uasset" 937
"D:/PrivateProject/RunningHorse/Content/sA_PickupSet_1/Materials/MI_Fresnel.uexp" 938
"D:/PrivateProject/RunningHorse/Content/sA_PickupSet_1/Materials/blinn2.uasset" 939
"D:/PrivateProject/RunningHorse/Content/sA_PickupSet_1/Materials/blinn2.uexp" 940
"D:/PrivateProject/RunningHorse/Content/sA_PickupSet_1/Materials/phongE2.uasset" 941
"D:/PrivateProject/RunningHorse/Content/sA_PickupSet_1/Materials/phongE2.uexp" 942
"D:/PrivateProject/RunningHorse/Content/sA_PickupSet_1/Materials/phong2.uasset" 943
"D:/PrivateProject/RunningHorse/Content/sA_PickupSet_1/Materials/phong2.uexp" 944
"D:/PrivateProject/RunningHorse/Content/sA_PickupSet_1/Materials/lambert3.uasset" 945
"D:/PrivateProject/RunningHorse/Content/sA_PickupSet_1/Materials/lambert3.uexp" 946
"D:/PrivateProject/RunningHorse/Content/sA_PickupSet_1/Materials/uploads_files_2184392_Turtle_FBX.uasset" 947
"D:/PrivateProject/RunningHorse/Content/sA_PickupSet_1/Materials/uploads_files_2184392_Turtle_FBX.uexp" 948
"D:/PrivateProject/RunningHorse/Content/sA_PickupSet_1/Fx/NiagaraSystems/NS_Turtle.uasset" 949
"D:/PrivateProject/RunningHorse/Content/sA_PickupSet_1/Fx/NiagaraSystems/NS_Turtle.uexp" 950
"D:/PrivateProject/RunningHorse/Content/BP_SlowComponent.uasset" 951
"D:/PrivateProject/RunningHorse/Content/BP_SlowComponent.uexp" 952
"D:/PrivateProject/RunningHorse/Content/DataTable/RunnerCompDataTable.uasset" 953
"D:/PrivateProject/RunningHorse/Content/DataTable/RunnerCompDataTable.uexp" 954
"D:/PrivateProject/RunningHorse/Content/Sound/BGM_01.ubulk" 955
"D:/PrivateProject/RunningHorse/Content/Sound/BGM_01.uasset" 956
"D:/PrivateProject/RunningHorse/Content/Sound/BGM_01.uexp" 957
"D:/PrivateProject/RunningHorse/Content/Sound/BGM_01_Cue.uasset" 958
"D:/PrivateProject/RunningHorse/Content/Sound/BGM_01_Cue.uexp" 959
"../../../Engine/Content/BasicShapes/Plane.uasset" 960
"../../../Engine/Content/BasicShapes/Plane.uexp" 961
"../../../Engine/Content/EditorResources/FieldNodes/_Resources/M_FieldVolumePreview.uasset" 962
"../../../Engine/Content/EditorResources/FieldNodes/_Resources/M_FieldVolumePreview.uexp" 963
"../../../Engine/Content/EditorResources/FieldNodes/_Resources/MI_FieldVolumePreview.uasset" 964
"../../../Engine/Content/EditorResources/FieldNodes/_Resources/MI_FieldVolumePreview.uexp" 965
"D:/PrivateProject/RunningHorse/Content/A_Surface_Footstep/Environment_Assets/Materials/M_Basic_Floor.uasset" 966
"D:/PrivateProject/RunningHorse/Content/A_Surface_Footstep/Environment_Assets/Materials/M_Basic_Floor.uexp" 967
"D:/PrivateProject/RunningHorse/Content/Blueprints/BP_TzLane.uasset" 968
"D:/PrivateProject/RunningHorse/Content/Blueprints/BP_TzLane.uexp" 969
"D:/PrivateProject/RunningHorse/Content/Sound/BGM_02.ubulk" 970
"D:/PrivateProject/RunningHorse/Content/Sound/BGM_02.uasset" 971
"D:/PrivateProject/RunningHorse/Content/Sound/BGM_02.uexp" 972
"D:/PrivateProject/RunningHorse/Content/Sound/BGM_02_Cue.uasset" 973
"D:/PrivateProject/RunningHorse/Content/Sound/BGM_02_Cue.uexp" 974
"D:/PrivateProject/RunningHorse/Content/Blueprints/BP_RunnerGameMode.uasset" 975
"D:/PrivateProject/RunningHorse/Content/Blueprints/BP_RunnerGameMode.uexp" 976
"D:/PrivateProject/RunningHorse/Content/VehicleVarietyPack/Materials/Masters/M_Blank.uasset" 977
"D:/PrivateProject/RunningHorse/Content/VehicleVarietyPack/Materials/Masters/M_Blank.uexp" 978
"../../../Engine/Content/EngineSky/T_Sky_Stars.ubulk" 979
"../../../Engine/Content/EngineSky/T_Sky_Stars.uasset" 980
"../../../Engine/Content/EngineSky/T_Sky_Stars.uexp" 981
"../../../Engine/Content/EngineSky/T_Sky_Clouds_M.ubulk" 982
"../../../Engine/Content/EngineSky/T_Sky_Clouds_M.uasset" 983
"../../../Engine/Content/EngineSky/T_Sky_Clouds_M.uexp" 984
"../../../Engine/Content/EngineSky/T_Sky_Blue.ubulk" 985
"../../../Engine/Content/EngineSky/T_Sky_Blue.uasset" 986
"../../../Engine/Content/EngineSky/T_Sky_Blue.uexp" 987
"../../../Engine/Content/EngineSky/M_Sky_Panning_Clouds2.uasset" 988
"../../../Engine/Content/EngineSky/M_Sky_Panning_Clouds2.uexp" 989
"../../../Engine/Content/EngineSky/SM_SkySphere.uasset" 990
"../../../Engine/Content/EngineSky/SM_SkySphere.uexp" 991
"D:/PrivateProject/RunningHorse/Content/Blueprints/BP_LanePlace.uasset" 992
"D:/PrivateProject/RunningHorse/Content/Blueprints/BP_LanePlace.uexp" 993
"../../../Engine/Content/MapTemplates/SM_Template_Map_Floor.uasset" 994
"../../../Engine/Content/MapTemplates/SM_Template_Map_Floor.uexp" 995
"D:/PrivateProject/RunningHorse/Content/Game_BuiltData.ubulk" 996
"D:/PrivateProject/RunningHorse/Content/Game_BuiltData.uasset" 997
"D:/PrivateProject/RunningHorse/Content/Game_BuiltData.uexp" 998
"../../../Engine/Content/EngineSky/M_SimpleSkyDome.uasset" 999
"../../../Engine/Content/EngineSky/M_SimpleSkyDome.uexp" 1000
"D:/PrivateProject/RunningHorse/Content/Blueprints/BP_CameraActor.uasset" 1001
"D:/PrivateProject/RunningHorse/Content/Blueprints/BP_CameraActor.uexp" 1002
"D:/PrivateProject/RunningHorse/Content/Game.uexp" 1003
"D:/PrivateProject/RunningHorse/Content/Game.umap" 1004
"../../../Engine/Content/Maps/Entry_BuiltData.uasset" 1005
"../../../Engine/Content/Maps/Entry_BuiltData.uexp" 1006
"../../../Engine/Content/Maps/Entry.uexp" 1007
"../../../Engine/Content/Maps/Entry.umap" 1008
